2020-03-09 19:11:51,462 - DEBUG - Read excel Thread start ... 
2020-03-09 19:11:51,463 - DEBUG - ====================================================================================================
2020-03-09 19:11:51,463 - DEBUG - 【 Data Server 】 ('172.16.100.164', 8888) ('172.16.100.164', 64771) Connected ...
2020-03-09 19:11:51,470 - DEBUG - 【 Data Server 】 Recv Thread start...
2020-03-09 19:11:51,476 - DEBUG - 【 Data Server 】 Parse Thread start...
2020-03-09 19:11:51,492 - DEBUG - 【 Data Server 】 Send Thread start...
2020-03-09 19:11:51,529 - DEBUG - 【 Data Server 】 Upload Location Thread start ... 
2020-03-09 19:11:51,636 - DEBUG - SEND DATA:   lens: 49      data: || 7E 02 00 00 22 00 00 00 00 00 01 00 01 00 00 00 00 00 00 00 03 01 E0 59 CC 06 B1 AE B0 00 00 00 DC 00 00 20 03 09 19 11 51 01 04 00 00 12 8B CD 7E
2020-03-09 19:11:51,741 - DEBUG - SEND DATA:   lens: 15      data: || 7E 00 02 00 00 00 00 00 00 00 01 00 02 01 7E
2020-03-09 19:11:52,039 - DEBUG - RECV DATA:   lens: 20      data: || 7E 80 01 00 05 00 02 18 51 06 24 00 01 00 01 02 00 00 EF 7E
2020-03-09 19:11:52,169 - DEBUG - RECV DATA:   lens: 20      data: || 7E 80 01 00 05 00 02 18 51 06 24 00 02 00 02 00 02 00 EF 7E
2020-03-09 19:11:53,545 - DEBUG - SEND DATA:   lens: 92      data: || 7E 02 00 00 4D 00 00 00 00 00 01 00 03 00 00 00 00 00 00 00 03 01 57 CB 96 06 CA 96 28 00 50 02 26 00 00 20 03 09 19 11 53 64 2F 00 00 00 01 00 01 02 32 03 00 00 00 37 00 50 01 57 CB 96 06 CA 96 28 20 03 09 19 11 53 00 01 00 00 00 00 00 00 01 20 03 09 19 11 53 01 04 00 51 7E
2020-03-09 19:11:53,666 - DEBUG - RECV DATA:   lens: 98      data: || 7E 92 08 00 53 00 02 18 51 06 24 00 03 0E 31 37 32 2E 31 36 2E 31 30 30 2E 31 36 34 1F 40 00 00 00 00 00 00 00 00 01 20 03 09 19 11 53 01 04 00 31 35 38 33 37 35 32 33 31 33 35 36 36 30 31 37 31 35 38 33 37 35 32 33 31 33 35 36 36 30 31 37 00 00 00 00 00 00 00 00 00 00 00 00 00 00 00 00 98 7E
2020-03-09 19:11:53,666 - DEBUG - ―――――― 收到服务器地址 ――――――
2020-03-09 19:11:53,666 - DEBUG - 服务器IP： 172.16.100.164
2020-03-09 19:11:53,666 - DEBUG - SEND DATA:   lens: 20      data: || 7E 00 01 00 05 00 02 18 51 06 24 00 04 00 03 92 08 00 F0 7E
2020-03-09 19:11:53,675 - DEBUG - TCP端口： 8000
2020-03-09 19:11:53,675 - DEBUG - UDP端口： 0
2020-03-09 19:11:53,681 - DEBUG - 报警标识： 00000000000001200309191153010400
2020-03-09 19:11:53,687 - DEBUG - 报警编号： 3135383337353233313335363630313731353833373532333133353636303137
2020-03-09 19:11:53,710 - DEBUG - ―――――― END ――――――
2020-03-09 19:11:53,727 - DEBUG - ====================================================================================================
2020-03-09 19:11:53,823 - DEBUG - RECV DATA:   lens: 20      data: || 7E 80 01 00 05 00 02 18 51 06 24 00 04 00 03 02 00 00 E8 7E
2020-03-09 19:12:01,678 - DEBUG - SEND DATA:   lens: 49      data: || 7E 02 00 00 22 00 00 00 00 00 01 00 06 00 00 00 00 00 00 00 03 01 E0 5C 18 06 B1 AE 20 00 00 00 FA 00 00 20 03 09 19 12 01 01 04 00 00 12 8C F9 7E
2020-03-09 19:12:01,780 - DEBUG - SEND DATA:   lens: 15      data: || 7E 00 02 00 00 00 00 00 00 00 01 00 07 04 7E
2020-03-09 19:12:01,786 - DEBUG - RECV DATA:   lens: 20      data: || 7E 80 01 00 05 00 02 18 51 06 24 00 05 00 06 02 00 00 EC 7E
2020-03-09 19:12:01,896 - DEBUG - RECV DATA:   lens: 20      data: || 7E 80 01 00 05 00 02 18 51 06 24 00 06 00 07 00 02 00 EE 7E
2020-03-09 19:12:11,685 - DEBUG - SEND DATA:   lens: 49      data: || 7E 02 00 00 22 00 00 00 00 00 01 00 08 00 00 00 00 00 00 00 03 01 E0 5E AE 06 B1 AD 90 00 00 01 04 00 00 20 03 09 19 12 11 01 04 00 00 12 8D 1E 7E
2020-03-09 19:12:11,715 - DEBUG - RECV DATA:   lens: 20      data: || 7E 80 01 00 05 00 02 18 51 06 24 00 07 00 08 02 00 00 E0 7E
2020-03-09 19:12:11,786 - DEBUG - SEND DATA:   lens: 15      data: || 7E 00 02 00 00 00 00 00 00 00 01 00 09 0A 7E
2020-03-09 19:12:11,828 - DEBUG - RECV DATA:   lens: 20      data: || 7E 80 01 00 05 00 02 18 51 06 24 00 08 00 09 00 02 00 EE 7E
2020-03-09 19:12:21,707 - DEBUG - SEND DATA:   lens: 49      data: || 7E 02 00 00 22 00 00 00 00 00 01 00 0A 00 00 00 00 00 00 00 03 01 E0 61 3A 06 B1 AD 10 00 00 01 18 00 00 20 03 09 19 12 21 01 04 00 00 12 8E 18 7E
2020-03-09 19:12:21,814 - DEBUG - SEND DATA:   lens: 15      data: || 7E 00 02 00 00 00 00 00 00 00 01 00 0B 08 7E
2020-03-09 19:12:21,814 - DEBUG - RECV DATA:   lens: 20      data: || 7E 80 01 00 05 00 02 18 51 06 24 00 09 00 0A 02 00 00 EC 7E
2020-03-09 19:12:21,920 - DEBUG - RECV DATA:   lens: 20      data: || 7E 80 01 00 05 00 02 18 51 06 24 00 0A 00 0B 00 02 00 EE 7E
2020-03-09 19:12:31,715 - DEBUG - SEND DATA:   lens: 49      data: || 7E 02 00 00 22 00 00 00 00 00 01 00 0C 00 00 00 00 00 00 00 03 01 E0 64 12 06 B1 AC A0 00 00 01 36 00 00 20 03 09 19 12 31 01 04 00 00 12 8F BD 7E
2020-03-09 19:12:31,750 - DEBUG - RECV DATA:   lens: 20      data: || 7E 80 01 00 05 00 02 18 51 06 24 00 0B 00 0C 02 00 00 E8 7E
2020-03-09 19:12:31,820 - DEBUG - SEND DATA:   lens: 15      data: || 7E 00 02 00 00 00 00 00 00 00 01 00 0D 0E 7E
2020-03-09 19:12:31,868 - DEBUG - RECV DATA:   lens: 20      data: || 7E 80 01 00 05 00 02 18 51 06 24 00 0C 00 0D 00 02 00 EE 7E
2020-03-09 19:12:41,748 - DEBUG - SEND DATA:   lens: 49      data: || 7E 02 00 00 22 00 00 00 00 00 01 00 0E 00 00 00 00 00 00 00 03 01 E0 67 40 06 B1 AC 28 00 00 01 40 00 00 20 03 09 19 12 41 01 04 00 00 12 90 7F 7E
2020-03-09 19:12:41,810 - DEBUG - RECV DATA:   lens: 20      data: || 7E 80 01 00 05 00 02 18 51 06 24 00 0D 00 0E 02 00 00 EC 7E
2020-03-09 19:12:41,867 - DEBUG - SEND DATA:   lens: 15      data: || 7E 00 02 00 00 00 00 00 00 00 01 00 0F 0C 7E
2020-03-09 19:12:41,927 - DEBUG - RECV DATA:   lens: 20      data: || 7E 80 01 00 05 00 02 18 51 06 24 00 0E 00 0F 00 02 00 EE 7E
2020-03-09 19:12:51,672 - DEBUG - SEND DATA:   lens: 49      data: || 7E 02 00 00 22 00 00 00 00 00 01 00 10 00 00 00 00 00 00 00 03 01 E0 6A 6A 06 B1 AB E8 00 00 01 54 00 00 20 03 09 19 12 51 01 04 00 00 12 91 84 7E
2020-03-09 19:12:51,716 - DEBUG - RECV DATA:   lens: 20      data: || 7E 80 01 00 05 00 02 18 51 06 24 00 0F 00 10 02 00 00 F0 7E
2020-03-09 19:12:51,779 - DEBUG - SEND DATA:   lens: 15      data: || 7E 00 02 00 00 00 00 00 00 00 01 00 11 12 7E
2020-03-09 19:12:51,822 - DEBUG - RECV DATA:   lens: 20      data: || 7E 80 01 00 05 00 02 18 51 06 24 00 10 00 11 00 02 00 EE 7E
2020-03-09 19:13:01,702 - DEBUG - SEND DATA:   lens: 49      data: || 7E 02 00 00 22 00 00 00 00 00 01 00 12 00 00 00 00 00 00 00 03 01 E0 6D 9C 06 B1 AB B8 00 00 01 22 00 00 20 03 09 19 13 01 01 04 00 00 12 92 03 7E
2020-03-09 19:13:01,809 - DEBUG - RECV DATA:   lens: 20      data: || 7E 80 01 00 05 00 02 18 51 06 24 00 11 00 12 02 00 00 EC 7E
2020-03-09 19:13:01,809 - DEBUG - SEND DATA:   lens: 15      data: || 7E 00 02 00 00 00 00 00 00 00 01 00 13 10 7E
2020-03-09 19:13:01,913 - DEBUG - RECV DATA:   lens: 20      data: || 7E 80 01 00 05 00 02 18 51 06 24 00 12 00 13 00 02 00 EE 7E
2020-03-09 19:13:11,691 - DEBUG - SEND DATA:   lens: 49      data: || 7E 02 00 00 22 00 00 00 00 00 01 00 14 00 00 00 00 00 00 00 03 01 E0 6F 2E 06 B1 AB 88 00 00 00 46 00 00 20 03 09 19 13 11 01 04 00 00 12 93 F1 7E
2020-03-09 19:13:11,777 - DEBUG - RECV DATA:   lens: 20      data: || 7E 80 01 00 05 00 02 18 51 06 24 00 13 00 14 02 00 00 E8 7E
2020-03-09 19:13:11,794 - DEBUG - SEND DATA:   lens: 15      data: || 7E 00 02 00 00 00 00 00 00 00 01 00 15 16 7E
2020-03-09 19:13:11,900 - DEBUG - RECV DATA:   lens: 20      data: || 7E 80 01 00 05 00 02 18 51 06 24 00 14 00 15 00 02 00 EE 7E
2020-03-09 19:13:21,745 - DEBUG - SEND DATA:   lens: 49      data: || 7E 02 00 00 22 00 00 00 00 00 01 00 16 00 00 00 00 00 00 00 03 01 E0 70 6C 06 B1 AB 78 00 00 00 AA 00 00 20 03 09 19 13 21 01 04 00 00 12 94 85 7E
2020-03-09 19:13:21,763 - DEBUG - RECV DATA:   lens: 20      data: || 7E 80 01 00 05 00 02 18 51 06 24 00 15 00 16 02 00 00 EC 7E
2020-03-09 19:13:21,850 - DEBUG - SEND DATA:   lens: 15      data: || 7E 00 02 00 00 00 00 00 00 00 01 00 17 14 7E
2020-03-09 19:13:21,985 - DEBUG - RECV DATA:   lens: 20      data: || 7E 80 01 00 05 00 02 18 51 06 24 00 16 00 17 00 02 00 EE 7E
2020-03-09 19:13:31,719 - DEBUG - SEND DATA:   lens: 49      data: || 7E 02 00 00 22 00 00 00 00 00 01 00 18 00 00 00 00 00 00 00 03 01 E0 71 A4 06 B1 AB 38 00 00 00 14 00 00 20 03 09 19 13 31 01 04 00 00 12 95 AD 7E
2020-03-09 19:13:31,804 - DEBUG - RECV DATA:   lens: 20      data: || 7E 80 01 00 05 00 02 18 51 06 24 00 17 00 18 02 00 00 E0 7E
2020-03-09 19:13:31,826 - DEBUG - SEND DATA:   lens: 15      data: || 7E 00 02 00 00 00 00 00 00 00 01 00 19 1A 7E
2020-03-09 19:13:31,927 - DEBUG - RECV DATA:   lens: 20      data: || 7E 80 01 00 05 00 02 18 51 06 24 00 18 00 19 00 02 00 EE 7E
2020-03-09 19:13:41,742 - DEBUG - SEND DATA:   lens: 49      data: || 7E 02 00 00 22 00 00 00 00 00 01 00 1A 00 00 00 00 00 00 00 03 01 E0 72 7E 06 B1 AB 38 00 00 00 78 00 00 20 03 09 19 13 41 01 04 00 00 12 96 69 7E
2020-03-09 19:13:41,836 - DEBUG - RECV DATA:   lens: 20      data: || 7E 80 01 00 05 00 02 18 51 06 24 00 19 00 1A 02 00 00 EC 7E
2020-03-09 19:13:41,847 - DEBUG - SEND DATA:   lens: 15      data: || 7E 00 02 00 00 00 00 00 00 00 01 00 1B 18 7E
2020-03-09 19:13:41,954 - DEBUG - RECV DATA:   lens: 20      data: || 7E 80 01 00 05 00 02 18 51 06 24 00 1A 00 1B 00 02 00 EE 7E
2020-03-09 19:13:51,743 - DEBUG - SEND DATA:   lens: 49      data: || 7E 02 00 00 22 00 00 00 00 00 01 00 1C 00 00 00 00 00 00 00 03 01 E0 73 D6 06 B1 AB 28 00 00 00 A0 00 00 20 03 09 19 13 51 01 04 00 00 12 97 1F 7E
2020-03-09 19:13:51,847 - DEBUG - RECV DATA:   lens: 20      data: || 7E 80 01 00 05 00 02 18 51 06 24 00 1B 00 1C 02 00 00 E8 7E
2020-03-09 19:13:51,853 - DEBUG - SEND DATA:   lens: 15      data: || 7E 00 02 00 00 00 00 00 00 00 01 00 1D 1E 7E
2020-03-09 19:13:51,960 - DEBUG - RECV DATA:   lens: 20      data: || 7E 80 01 00 05 00 02 18 51 06 24 00 1C 00 1D 00 02 00 EE 7E
2020-03-09 19:14:01,728 - DEBUG - SEND DATA:   lens: 49      data: || 7E 02 00 00 22 00 00 00 00 00 01 00 1E 00 00 00 00 00 00 00 03 01 E0 75 B2 06 B1 AA F0 00 00 00 D2 00 00 20 03 09 19 14 01 01 04 00 00 12 98 8C 7E
2020-03-09 19:14:01,820 - DEBUG - RECV DATA:   lens: 20      data: || 7E 80 01 00 05 00 02 18 51 06 24 00 1D 00 1E 02 00 00 EC 7E
2020-03-09 19:14:01,834 - DEBUG - SEND DATA:   lens: 15      data: || 7E 00 02 00 00 00 00 00 00 00 01 00 1F 1C 7E
2020-03-09 19:14:01,932 - DEBUG - RECV DATA:   lens: 20      data: || 7E 80 01 00 05 00 02 18 51 06 24 00 1E 00 1F 00 02 00 EE 7E
2020-03-09 19:14:11,738 - DEBUG - SEND DATA:   lens: 49      data: || 7E 02 00 00 22 00 00 00 00 00 01 00 20 00 00 00 00 00 00 00 03 01 E0 77 86 06 B1 AA C8 00 00 00 C8 00 00 20 03 09 19 14 11 01 04 00 00 12 99 B7 7E
2020-03-09 19:14:11,811 - DEBUG - RECV DATA:   lens: 20      data: || 7E 80 01 00 05 00 02 18 51 06 24 00 1F 00 20 02 00 00 D0 7E
2020-03-09 19:14:11,861 - DEBUG - SEND DATA:   lens: 15      data: || 7E 00 02 00 00 00 00 00 00 00 01 00 21 22 7E
2020-03-09 19:14:11,929 - DEBUG - RECV DATA:   lens: 20      data: || 7E 80 01 00 05 00 02 18 51 06 24 00 20 00 21 00 02 00 EE 7E
2020-03-09 19:14:21,726 - DEBUG - SEND DATA:   lens: 49      data: || 7E 02 00 00 22 00 00 00 00 00 01 00 22 00 00 00 00 00 00 00 03 01 E0 79 C8 06 B1 AA A8 00 00 00 F0 00 00 20 03 09 19 14 21 01 04 00 00 12 9A 9E 7E
2020-03-09 19:14:21,832 - DEBUG - RECV DATA:   lens: 20      data: || 7E 80 01 00 05 00 02 18 51 06 24 00 21 00 22 02 00 00 EC 7E
2020-03-09 19:14:21,832 - DEBUG - SEND DATA:   lens: 15      data: || 7E 00 02 00 00 00 00 00 00 00 01 00 23 20 7E
2020-03-09 19:14:21,950 - DEBUG - RECV DATA:   lens: 20      data: || 7E 80 01 00 05 00 02 18 51 06 24 00 22 00 23 00 02 00 EE 7E
2020-03-09 19:14:31,747 - DEBUG - SEND DATA:   lens: 49      data: || 7E 02 00 00 22 00 00 00 00 00 01 00 24 00 00 00 00 00 00 00 03 01 E0 7C 2C 06 B1 AA 80 00 00 00 FA 00 00 20 03 09 19 14 31 01 04 00 00 12 9B 4A 7E
2020-03-09 19:14:31,820 - DEBUG - RECV DATA:   lens: 20      data: || 7E 80 01 00 05 00 02 18 51 06 24 00 23 00 24 02 00 00 E8 7E
2020-03-09 19:14:31,851 - DEBUG - SEND DATA:   lens: 15      data: || 7E 00 02 00 00 00 00 00 00 00 01 00 25 26 7E
2020-03-09 19:14:31,948 - DEBUG - RECV DATA:   lens: 20      data: || 7E 80 01 00 05 00 02 18 51 06 24 00 24 00 25 00 02 00 EE 7E
2020-03-09 19:14:41,816 - DEBUG - SEND DATA:   lens: 49      data: || 7E 02 00 00 22 00 00 00 00 00 01 00 26 00 00 00 00 00 00 00 03 01 E0 7E F6 06 B1 AA 30 00 00 01 22 00 00 20 03 09 19 14 41 01 04 00 00 12 9C 8E 7E
2020-03-09 19:14:41,852 - DEBUG - RECV DATA:   lens: 20      data: || 7E 80 01 00 05 00 02 18 51 06 24 00 25 00 26 02 00 00 EC 7E
2020-03-09 19:14:41,919 - DEBUG - SEND DATA:   lens: 15      data: || 7E 00 02 00 00 00 00 00 00 00 01 00 27 24 7E
2020-03-09 19:14:41,973 - DEBUG - RECV DATA:   lens: 20      data: || 7E 80 01 00 05 00 02 18 51 06 24 00 26 00 27 00 02 00 EE 7E
2020-03-09 19:14:51,780 - DEBUG - SEND DATA:   lens: 49      data: || 7E 02 00 00 22 00 00 00 00 00 01 00 28 00 00 00 00 00 00 00 03 01 E0 81 D2 06 B1 A9 F0 00 00 01 22 00 00 20 03 09 19 14 51 01 04 00 00 12 9D 89 7E
2020-03-09 19:14:51,815 - DEBUG - RECV DATA:   lens: 20      data: || 7E 80 01 00 05 00 02 18 51 06 24 00 27 00 28 02 00 00 E0 7E
2020-03-09 19:14:51,887 - DEBUG - SEND DATA:   lens: 15      data: || 7E 00 02 00 00 00 00 00 00 00 01 00 29 2A 7E
2020-03-09 19:14:51,922 - DEBUG - RECV DATA:   lens: 20      data: || 7E 80 01 00 05 00 02 18 51 06 24 00 28 00 29 00 02 00 EE 7E
2020-03-09 19:15:01,828 - DEBUG - SEND DATA:   lens: 49      data: || 7E 02 00 00 22 00 00 00 00 00 01 00 2A 00 00 00 00 00 00 00 03 01 E0 84 AC 06 B1 A9 A0 00 00 01 18 00 00 20 03 09 19 15 01 01 04 00 00 12 9E C8 7E
2020-03-09 19:15:01,853 - DEBUG - RECV DATA:   lens: 20      data: || 7E 80 01 00 05 00 02 18 51 06 24 00 29 00 2A 02 00 00 EC 7E
2020-03-09 19:15:01,935 - DEBUG - SEND DATA:   lens: 15      data: || 7E 00 02 00 00 00 00 00 00 00 01 00 2B 28 7E
2020-03-09 19:15:01,983 - DEBUG - RECV DATA:   lens: 20      data: || 7E 80 01 00 05 00 02 18 51 06 24 00 2A 00 2B 00 02 00 EE 7E
2020-03-09 19:15:11,781 - DEBUG - SEND DATA:   lens: 49      data: || 7E 02 00 00 22 00 00 00 00 00 01 00 2C 00 00 00 00 00 00 00 03 01 E0 87 68 06 B1 A9 80 00 00 01 04 00 00 20 03 09 19 15 11 01 04 00 00 12 9F 24 7E
2020-03-09 19:15:11,821 - DEBUG - RECV DATA:   lens: 20      data: || 7E 80 01 00 05 00 02 18 51 06 24 00 2B 00 2C 02 00 00 E8 7E
2020-03-09 19:15:11,887 - DEBUG - SEND DATA:   lens: 15      data: || 7E 00 02 00 00 00 00 00 00 00 01 00 2D 2E 7E
2020-03-09 19:15:11,927 - DEBUG - RECV DATA:   lens: 20      data: || 7E 80 01 00 05 00 02 18 51 06 24 00 2C 00 2D 00 02 00 EE 7E
2020-03-09 19:15:21,807 - DEBUG - SEND DATA:   lens: 49      data: || 7E 02 00 00 22 00 00 00 00 00 01 00 2E 00 00 00 00 00 00 00 03 01 E0 89 9E 06 B1 A9 40 00 00 00 96 00 00 20 03 09 19 15 21 01 04 00 00 12 A0 82 7E
2020-03-09 19:15:21,849 - DEBUG - RECV DATA:   lens: 20      data: || 7E 80 01 00 05 00 02 18 51 06 24 00 2D 00 2E 02 00 00 EC 7E
2020-03-09 19:15:21,913 - DEBUG - SEND DATA:   lens: 15      data: || 7E 00 02 00 00 00 00 00 00 00 01 00 2F 2C 7E
2020-03-09 19:15:21,960 - DEBUG - RECV DATA:   lens: 20      data: || 7E 80 01 00 05 00 02 18 51 06 24 00 2E 00 2F 00 02 00 EE 7E
2020-03-09 19:15:31,854 - DEBUG - SEND DATA:   lens: 49      data: || 7E 02 00 00 22 00 00 00 00 00 01 00 30 00 00 00 00 00 00 00 03 01 E0 8A A8 06 B1 A9 30 00 00 00 50 00 00 20 03 09 19 15 31 01 04 00 00 12 A1 0E 7E
2020-03-09 19:15:31,900 - DEBUG - RECV DATA:   lens: 20      data: || 7E 80 01 00 05 00 02 18 51 06 24 00 2F 00 30 02 00 00 F0 7E
2020-03-09 19:15:31,958 - DEBUG - SEND DATA:   lens: 15      data: || 7E 00 02 00 00 00 00 00 00 00 01 00 31 32 7E
2020-03-09 19:15:32,013 - DEBUG - RECV DATA:   lens: 20      data: || 7E 80 01 00 05 00 02 18 51 06 24 00 30 00 31 00 02 00 EE 7E
2020-03-09 19:15:41,807 - DEBUG - SEND DATA:   lens: 49      data: || 7E 02 00 00 22 00 00 00 00 00 01 00 32 00 00 00 00 00 00 00 03 01 E0 8B B6 06 B1 A9 08 00 00 00 8C 00 00 20 03 09 19 15 41 01 04 00 00 12 A2 84 7E
2020-03-09 19:15:41,842 - DEBUG - RECV DATA:   lens: 20      data: || 7E 80 01 00 05 00 02 18 51 06 24 00 31 00 32 02 00 00 EC 7E
2020-03-09 19:15:41,913 - DEBUG - SEND DATA:   lens: 15      data: || 7E 00 02 00 00 00 00 00 00 00 01 00 33 30 7E
2020-03-09 19:15:41,949 - DEBUG - RECV DATA:   lens: 20      data: || 7E 80 01 00 05 00 02 18 51 06 24 00 32 00 33 00 02 00 EE 7E
2020-03-09 19:15:51,854 - DEBUG - SEND DATA:   lens: 49      data: || 7E 02 00 00 22 00 00 00 00 00 01 00 34 00 00 00 00 00 00 00 03 01 E0 8D 8A 06 B1 A8 E8 00 00 00 C8 00 00 20 03 09 19 15 51 01 04 00 00 12 A3 0C 7E
2020-03-09 19:15:51,925 - DEBUG - RECV DATA:   lens: 20      data: || 7E 80 01 00 05 00 02 18 51 06 24 00 33 00 34 02 00 00 E8 7E
2020-03-09 19:15:51,965 - DEBUG - SEND DATA:   lens: 15      data: || 7E 00 02 00 00 00 00 00 00 00 01 00 35 36 7E
2020-03-09 19:15:52,032 - DEBUG - RECV DATA:   lens: 20      data: || 7E 80 01 00 05 00 02 18 51 06 24 00 34 00 35 00 02 00 EE 7E
2020-03-09 19:16:01,849 - DEBUG - SEND DATA:   lens: 49      data: || 7E 02 00 00 22 00 00 00 00 00 01 00 36 00 00 00 00 00 00 00 03 01 E0 8F E4 06 B1 A8 C0 00 00 00 E6 00 00 20 03 09 19 16 01 01 04 00 00 12 A4 30 7E
2020-03-09 19:16:01,870 - DEBUG - RECV DATA:   lens: 20      data: || 7E 80 01 00 05 00 02 18 51 06 24 00 35 00 36 02 00 00 EC 7E
2020-03-09 19:16:01,962 - DEBUG - SEND DATA:   lens: 15      data: || 7E 00 02 00 00 00 00 00 00 00 01 00 37 34 7E
2020-03-09 19:16:02,099 - DEBUG - RECV DATA:   lens: 20      data: || 7E 80 01 00 05 00 02 18 51 06 24 00 36 00 37 00 02 00 EE 7E
2020-03-09 19:16:11,817 - DEBUG - SEND DATA:   lens: 49      data: || 7E 02 00 00 22 00 00 00 00 00 01 00 38 00 00 00 00 00 00 00 03 01 E0 91 B0 06 B1 A8 98 00 00 00 50 00 00 20 03 09 19 16 11 01 04 00 00 12 A5 8B 7E
2020-03-09 19:16:11,923 - DEBUG - SEND DATA:   lens: 15      data: || 7E 00 02 00 00 00 00 00 00 00 01 00 39 3A 7E
2020-03-09 19:16:11,929 - DEBUG - RECV DATA:   lens: 20      data: || 7E 80 01 00 05 00 02 18 51 06 24 00 37 00 38 02 00 00 E0 7E
2020-03-09 19:16:12,036 - DEBUG - RECV DATA:   lens: 20      data: || 7E 80 01 00 05 00 02 18 51 06 24 00 38 00 39 00 02 00 EE 7E
2020-03-09 19:16:21,856 - DEBUG - SEND DATA:   lens: 49      data: || 7E 02 00 00 22 00 00 00 00 00 01 00 3A 00 00 00 00 00 00 00 03 01 E0 92 B0 06 B1 A8 88 00 00 00 78 00 00 20 03 09 19 16 21 01 04 00 00 12 A6 81 7E
2020-03-09 19:16:21,940 - DEBUG - RECV DATA:   lens: 20      data: || 7E 80 01 00 05 00 02 18 51 06 24 00 39 00 3A 02 00 00 EC 7E
2020-03-09 19:16:21,958 - DEBUG - SEND DATA:   lens: 15      data: || 7E 00 02 00 00 00 00 00 00 00 01 00 3B 38 7E
2020-03-09 19:16:22,053 - DEBUG - RECV DATA:   lens: 20      data: || 7E 80 01 00 05 00 02 18 51 06 24 00 3A 00 3B 00 02 00 EE 7E
2020-03-09 19:16:31,897 - DEBUG - SEND DATA:   lens: 49      data: || 7E 02 00 00 22 00 00 00 00 00 01 00 3C 00 00 00 00 00 00 00 03 01 E0 93 B4 06 B1 A8 78 00 00 00 50 00 00 20 03 09 19 16 31 01 04 00 00 12 A7 4B 7E
2020-03-09 19:16:31,981 - DEBUG - RECV DATA:   lens: 20      data: || 7E 80 01 00 05 00 02 18 51 06 24 00 3B 00 3C 02 00 00 E8 7E
2020-03-09 19:16:32,009 - DEBUG - SEND DATA:   lens: 15      data: || 7E 00 02 00 00 00 00 00 00 00 01 00 3D 3E 7E
2020-03-09 19:16:32,099 - DEBUG - RECV DATA:   lens: 20      data: || 7E 80 01 00 05 00 02 18 51 06 24 00 3C 00 3D 00 02 00 EE 7E
2020-03-09 19:16:41,934 - DEBUG - SEND DATA:   lens: 49      data: || 7E 02 00 00 22 00 00 00 00 00 01 00 3E 00 00 00 00 00 00 00 03 01 E0 94 A4 06 B1 A8 68 00 00 00 6E 00 00 20 03 09 19 16 41 01 04 00 00 12 A8 0F 7E
2020-03-09 19:16:42,001 - DEBUG - RECV DATA:   lens: 20      data: || 7E 80 01 00 05 00 02 18 51 06 24 00 3D 00 3E 02 00 00 EC 7E
2020-03-09 19:16:42,057 - DEBUG - SEND DATA:   lens: 15      data: || 7E 00 02 00 00 00 00 00 00 00 01 00 3F 3C 7E
2020-03-09 19:16:42,114 - DEBUG - RECV DATA:   lens: 20      data: || 7E 80 01 00 05 00 02 18 51 06 24 00 3E 00 3F 00 02 00 EE 7E
2020-03-09 19:16:51,920 - DEBUG - SEND DATA:   lens: 49      data: || 7E 02 00 00 22 00 00 00 00 00 01 00 40 00 00 00 00 00 00 00 03 01 E0 95 AE 06 B1 A8 48 00 00 00 64 00 00 20 03 09 19 16 51 01 04 00 00 12 A9 41 7E
2020-03-09 19:16:51,927 - DEBUG - RECV DATA:   lens: 20      data: || 7E 80 01 00 05 00 02 18 51 06 24 00 3F 00 40 02 00 00 90 7E
2020-03-09 19:16:52,023 - DEBUG - SEND DATA:   lens: 15      data: || 7E 00 02 00 00 00 00 00 00 00 01 00 41 42 7E
2020-03-09 19:16:52,134 - DEBUG - RECV DATA:   lens: 20      data: || 7E 80 01 00 05 00 02 18 51 06 24 00 40 00 41 00 02 00 EE 7E
2020-03-09 19:17:01,860 - DEBUG - SEND DATA:   lens: 49      data: || 7E 02 00 00 22 00 00 00 00 00 01 00 42 00 00 00 00 00 00 00 03 01 E0 96 D6 06 B1 A8 08 00 00 00 78 00 00 20 03 09 19 17 01 01 04 00 00 12 AA 36 7E
2020-03-09 19:17:01,887 - DEBUG - RECV DATA:   lens: 20      data: || 7E 80 01 00 05 00 02 18 51 06 24 00 41 00 42 02 00 00 EC 7E
2020-03-09 19:17:01,961 - DEBUG - SEND DATA:   lens: 15      data: || 7E 00 02 00 00 00 00 00 00 00 01 00 43 40 7E
2020-03-09 19:17:01,990 - DEBUG - RECV DATA:   lens: 20      data: || 7E 80 01 00 05 00 02 18 51 06 24 00 42 00 43 00 02 00 EE 7E
2020-03-09 19:17:11,871 - DEBUG - SEND DATA:   lens: 49      data: || 7E 02 00 00 22 00 00 00 00 00 01 00 44 00 00 00 00 00 00 00 03 01 E0 97 B6 06 B1 A7 F8 00 00 00 5A 00 00 20 03 09 19 17 11 01 04 00 00 12 AB 9D 7E
2020-03-09 19:17:11,904 - DEBUG - RECV DATA:   lens: 20      data: || 7E 80 01 00 05 00 02 18 51 06 24 00 43 00 44 02 00 00 E8 7E
2020-03-09 19:17:11,975 - DEBUG - SEND DATA:   lens: 15      data: || 7E 00 02 00 00 00 00 00 00 00 01 00 45 46 7E
2020-03-09 19:17:12,004 - DEBUG - RECV DATA:   lens: 20      data: || 7E 80 01 00 05 00 02 18 51 06 24 00 44 00 45 00 02 00 EE 7E
2020-03-09 19:17:21,926 - DEBUG - SEND DATA:   lens: 49      data: || 7E 02 00 00 22 00 00 00 00 00 01 00 46 00 00 00 00 00 00 00 03 01 E0 98 F6 06 B1 A7 D8 00 00 00 8C 00 00 20 03 09 19 17 21 01 04 00 00 12 AC 11 7E
2020-03-09 19:17:22,025 - DEBUG - RECV DATA:   lens: 20      data: || 7E 80 01 00 05 00 02 18 51 06 24 00 45 00 46 02 00 00 EC 7E
2020-03-09 19:17:22,031 - DEBUG - SEND DATA:   lens: 15      data: || 7E 00 02 00 00 00 00 00 00 00 01 00 47 44 7E
2020-03-09 19:17:22,148 - DEBUG - RECV DATA:   lens: 20      data: || 7E 80 01 00 05 00 02 18 51 06 24 00 46 00 47 00 02 00 EE 7E
2020-03-09 19:17:31,935 - DEBUG - SEND DATA:   lens: 49      data: || 7E 02 00 00 22 00 00 00 00 00 01 00 48 00 00 00 00 00 00 00 03 01 E0 9A 28 06 B1 A7 B8 00 00 00 5A 00 00 20 03 09 19 17 31 01 04 00 00 12 AD 64 7E
2020-03-09 19:17:32,012 - DEBUG - RECV DATA:   lens: 20      data: || 7E 80 01 00 05 00 02 18 51 06 24 00 47 00 48 02 00 00 E0 7E
2020-03-09 19:17:32,037 - DEBUG - SEND DATA:   lens: 15      data: || 7E 00 02 00 00 00 00 00 00 00 01 00 49 4A 7E
2020-03-09 19:17:32,123 - DEBUG - RECV DATA:   lens: 20      data: || 7E 80 01 00 05 00 02 18 51 06 24 00 48 00 49 00 02 00 EE 7E
2020-03-09 19:17:41,942 - DEBUG - SEND DATA:   lens: 49      data: || 7E 02 00 00 22 00 00 00 00 00 01 00 4A 00 00 00 00 00 00 00 03 01 E0 9B 42 06 B1 A7 A0 00 00 00 AA 00 00 20 03 09 19 17 41 01 04 00 00 12 AE 96 7E
2020-03-09 19:17:42,000 - DEBUG - RECV DATA:   lens: 20      data: || 7E 80 01 00 05 00 02 18 51 06 24 00 49 00 4A 02 00 00 EC 7E
2020-03-09 19:17:42,049 - DEBUG - SEND DATA:   lens: 15      data: || 7E 00 02 00 00 00 00 00 00 00 01 00 4B 48 7E
2020-03-09 19:17:42,107 - DEBUG - RECV DATA:   lens: 20      data: || 7E 80 01 00 05 00 02 18 51 06 24 00 4A 00 4B 00 02 00 EE 7E
2020-03-09 19:17:51,985 - DEBUG - SEND DATA:   lens: 49      data: || 7E 02 00 00 22 00 00 00 00 00 01 00 4C 00 00 00 00 00 00 00 03 01 E0 9C FC 06 B1 A7 A0 00 00 00 B4 00 00 20 03 09 19 17 51 01 04 00 00 12 AF 26 7E
2020-03-09 19:17:52,052 - DEBUG - RECV DATA:   lens: 20      data: || 7E 80 01 00 05 00 02 18 51 06 24 00 4B 00 4C 02 00 00 E8 7E
2020-03-09 19:17:52,114 - DEBUG - SEND DATA:   lens: 15      data: || 7E 00 02 00 00 00 00 00 00 00 01 00 4D 4E 7E
2020-03-09 19:17:52,164 - DEBUG - RECV DATA:   lens: 20      data: || 7E 80 01 00 05 00 02 18 51 06 24 00 4C 00 4D 00 02 00 EE 7E
2020-03-09 19:18:01,909 - DEBUG - SEND DATA:   lens: 49      data: || 7E 02 00 00 22 00 00 00 00 00 01 00 4E 00 00 00 00 00 00 00 03 01 E0 9F 0E 06 B1 A7 78 00 00 00 DC 00 00 20 03 09 19 18 01 01 04 00 00 12 B0 25 7E
2020-03-09 19:18:01,991 - DEBUG - RECV DATA:   lens: 20      data: || 7E 80 01 00 05 00 02 18 51 06 24 00 4D 00 4E 02 00 00 EC 7E
2020-03-09 19:18:02,016 - DEBUG - SEND DATA:   lens: 15      data: || 7E 00 02 00 00 00 00 00 00 00 01 00 4F 4C 7E
2020-03-09 19:18:02,097 - DEBUG - RECV DATA:   lens: 20      data: || 7E 80 01 00 05 00 02 18 51 06 24 00 4E 00 4F 00 02 00 EE 7E
2020-03-09 19:18:11,986 - DEBUG - SEND DATA:   lens: 49      data: || 7E 02 00 00 22 00 00 00 00 00 01 00 50 00 00 00 00 00 00 00 03 01 E0 A1 58 06 B1 A7 58 00 00 00 E6 00 00 20 03 09 19 18 11 01 04 00 00 12 B1 58 7E
2020-03-09 19:18:12,024 - DEBUG - RECV DATA:   lens: 20      data: || 7E 80 01 00 05 00 02 18 51 06 24 00 4F 00 50 02 00 00 F0 7E
2020-03-09 19:18:12,104 - DEBUG - SEND DATA:   lens: 15      data: || 7E 00 02 00 00 00 00 00 00 00 01 00 51 52 7E
2020-03-09 19:18:12,137 - DEBUG - RECV DATA:   lens: 20      data: || 7E 80 01 00 05 00 02 18 51 06 24 00 50 00 51 00 02 00 EE 7E
2020-03-09 19:18:21,993 - DEBUG - SEND DATA:   lens: 49      data: || 7E 02 00 00 22 00 00 00 00 00 01 00 52 00 00 00 00 00 00 00 03 01 E0 A3 9A 06 B1 A7 20 00 00 00 F0 00 00 20 03 09 19 18 21 01 04 00 00 12 B2 C7 7E
2020-03-09 19:18:22,077 - DEBUG - RECV DATA:   lens: 20      data: || 7E 80 01 00 05 00 02 18 51 06 24 00 51 00 52 02 00 00 EC 7E
2020-03-09 19:18:22,106 - DEBUG - SEND DATA:   lens: 15      data: || 7E 00 02 00 00 00 00 00 00 00 01 00 53 50 7E
2020-03-09 19:18:22,194 - DEBUG - RECV DATA:   lens: 20      data: || 7E 80 01 00 05 00 02 18 51 06 24 00 52 00 53 00 02 00 EE 7E
2020-03-09 19:18:31,911 - DEBUG - SEND DATA:   lens: 49      data: || 7E 02 00 00 22 00 00 00 00 00 01 00 54 00 00 00 00 00 00 00 03 01 E0 A5 E4 06 B1 A6 F8 00 00 00 F0 00 00 20 03 09 19 18 31 01 04 00 00 12 B3 71 7E
2020-03-09 19:18:31,955 - DEBUG - RECV DATA:   lens: 20      data: || 7E 80 01 00 05 00 02 18 51 06 24 00 53 00 54 02 00 00 E8 7E
2020-03-09 19:18:32,017 - DEBUG - SEND DATA:   lens: 15      data: || 7E 00 02 00 00 00 00 00 00 00 01 00 55 56 7E
2020-03-09 19:18:32,061 - DEBUG - RECV DATA:   lens: 20      data: || 7E 80 01 00 05 00 02 18 51 06 24 00 54 00 55 00 02 00 EE 7E
2020-03-09 19:18:42,015 - DEBUG - SEND DATA:   lens: 49      data: || 7E 02 00 00 22 00 00 00 00 00 01 00 56 00 00 00 00 00 00 00 03 01 E0 A8 00 06 B1 A6 A0 00 00 00 96 00 00 20 03 09 19 18 41 01 04 00 00 12 B4 D3 7E
2020-03-09 19:18:42,060 - DEBUG - RECV DATA:   lens: 20      data: || 7E 80 01 00 05 00 02 18 51 06 24 00 55 00 56 02 00 00 EC 7E
2020-03-09 19:18:42,121 - DEBUG - SEND DATA:   lens: 15      data: || 7E 00 02 00 00 00 00 00 00 00 01 00 57 54 7E
2020-03-09 19:18:42,167 - DEBUG - RECV DATA:   lens: 20      data: || 7E 80 01 00 05 00 02 18 51 06 24 00 56 00 57 00 02 00 EE 7E
2020-03-09 19:18:51,954 - DEBUG - SEND DATA:   lens: 49      data: || 7E 02 00 00 22 00 00 00 00 00 01 00 58 00 00 00 00 00 00 00 03 01 E0 A9 E8 06 B1 A6 80 00 00 00 DC 00 00 20 03 09 19 18 51 01 04 00 00 12 B5 4F 7E
2020-03-09 19:18:51,989 - DEBUG - RECV DATA:   lens: 20      data: || 7E 80 01 00 05 00 02 18 51 06 24 00 57 00 58 02 00 00 E0 7E
2020-03-09 19:18:52,061 - DEBUG - SEND DATA:   lens: 15      data: || 7E 00 02 00 00 00 00 00 00 00 01 00 59 5A 7E
2020-03-09 19:18:52,096 - DEBUG - RECV DATA:   lens: 20      data: || 7E 80 01 00 05 00 02 18 51 06 24 00 58 00 59 00 02 00 EE 7E
2020-03-09 19:19:01,998 - DEBUG - SEND DATA:   lens: 49      data: || 7E 02 00 00 22 00 00 00 00 00 01 00 5A 00 00 00 00 00 00 00 03 01 E0 AC 50 06 B1 A6 50 00 00 00 DC 00 00 20 03 09 19 19 01 01 04 00 00 12 B6 72 7E
2020-03-09 19:19:02,053 - DEBUG - RECV DATA:   lens: 20      data: || 7E 80 01 00 05 00 02 18 51 06 24 00 59 00 5A 02 00 00 EC 7E
2020-03-09 19:19:02,099 - DEBUG - SEND DATA:   lens: 15      data: || 7E 00 02 00 00 00 00 00 00 00 01 00 5B 58 7E
2020-03-09 19:19:02,161 - DEBUG - RECV DATA:   lens: 20      data: || 7E 80 01 00 05 00 02 18 51 06 24 00 5A 00 5B 00 02 00 EE 7E
2020-03-09 19:19:12,003 - DEBUG - SEND DATA:   lens: 49      data: || 7E 02 00 00 22 00 00 00 00 00 01 00 5C 00 00 00 00 00 00 00 03 01 E0 AD 94 06 B1 A6 20 00 00 00 78 00 00 20 03 09 19 19 11 01 04 00 00 12 B7 74 7E
2020-03-09 19:19:12,060 - DEBUG - RECV DATA:   lens: 20      data: || 7E 80 01 00 05 00 02 18 51 06 24 00 5B 00 5C 02 00 00 E8 7E
2020-03-09 19:19:12,110 - DEBUG - SEND DATA:   lens: 15      data: || 7E 00 02 00 00 00 00 00 00 00 01 00 5D 5E 7E
2020-03-09 19:19:12,184 - DEBUG - RECV DATA:   lens: 20      data: || 7E 80 01 00 05 00 02 18 51 06 24 00 5C 00 5D 00 02 00 EE 7E
2020-03-09 19:19:21,971 - DEBUG - SEND DATA:   lens: 49      data: || 7E 02 00 00 22 00 00 00 00 00 01 00 5E 00 00 00 00 00 00 00 03 01 E0 AE B6 06 B1 A6 10 00 00 00 6E 00 00 20 03 09 19 19 21 01 04 00 00 12 B8 4E 7E
2020-03-09 19:19:22,044 - DEBUG - RECV DATA:   lens: 20      data: || 7E 80 01 00 05 00 02 18 51 06 24 00 5D 00 5E 02 00 00 EC 7E
2020-03-09 19:19:22,079 - DEBUG - SEND DATA:   lens: 15      data: || 7E 00 02 00 00 00 00 00 00 00 01 00 5F 5C 7E
2020-03-09 19:19:22,162 - DEBUG - RECV DATA:   lens: 20      data: || 7E 80 01 00 05 00 02 18 51 06 24 00 5E 00 5F 00 02 00 EE 7E
2020-03-09 19:19:32,044 - DEBUG - SEND DATA:   lens: 49      data: || 7E 02 00 00 22 00 00 00 00 00 01 00 60 00 00 00 00 00 00 00 03 01 E0 AF A2 06 B1 A6 10 00 00 00 46 00 00 20 03 09 19 19 31 01 04 00 00 12 B9 5C 7E
2020-03-09 19:19:32,050 - DEBUG - RECV DATA:   lens: 20      data: || 7E 80 01 00 05 00 02 18 51 06 24 00 5F 00 60 02 00 00 D0 7E
2020-03-09 19:19:32,162 - DEBUG - SEND DATA:   lens: 15      data: || 7E 00 02 00 00 00 00 00 00 00 01 00 61 62 7E
2020-03-09 19:19:32,168 - DEBUG - RECV DATA:   lens: 20      data: || 7E 80 01 00 05 00 02 18 51 06 24 00 60 00 61 00 02 00 EE 7E
2020-03-09 19:19:42,011 - DEBUG - SEND DATA:   lens: 49      data: || 7E 02 00 00 22 00 00 00 00 00 01 00 62 00 00 00 00 00 00 00 03 01 E0 B0 58 06 B1 A6 10 00 00 00 3C 00 00 20 03 09 19 19 41 01 04 00 00 12 BA B2 7E
2020-03-09 19:19:42,072 - DEBUG - RECV DATA:   lens: 20      data: || 7E 80 01 00 05 00 02 18 51 06 24 00 61 00 62 02 00 00 EC 7E
2020-03-09 19:19:42,115 - DEBUG - SEND DATA:   lens: 15      data: || 7E 00 02 00 00 00 00 00 00 00 01 00 63 60 7E
2020-03-09 19:19:42,197 - DEBUG - RECV DATA:   lens: 20      data: || 7E 80 01 00 05 00 02 18 51 06 24 00 62 00 63 00 02 00 EE 7E
2020-03-09 19:19:52,015 - DEBUG - SEND DATA:   lens: 49      data: || 7E 02 00 00 22 00 00 00 00 00 01 00 64 00 00 00 00 00 00 00 03 01 E0 B1 0C 06 B1 A6 00 00 00 00 46 00 00 20 03 09 19 19 51 01 04 00 00 12 BB 9A 7E
2020-03-09 19:19:52,093 - DEBUG - RECV DATA:   lens: 20      data: || 7E 80 01 00 05 00 02 18 51 06 24 00 63 00 64 02 00 00 E8 7E
2020-03-09 19:19:52,121 - DEBUG - SEND DATA:   lens: 15      data: || 7E 00 02 00 00 00 00 00 00 00 01 00 65 66 7E
2020-03-09 19:19:52,200 - DEBUG - RECV DATA:   lens: 20      data: || 7E 80 01 00 05 00 02 18 51 06 24 00 64 00 65 00 02 00 EE 7E
2020-03-09 19:20:02,046 - DEBUG - SEND DATA:   lens: 49      data: || 7E 02 00 00 22 00 00 00 00 00 01 00 66 00 00 00 00 00 00 00 03 01 E0 B1 A2 06 B1 A5 F0 00 00 00 32 00 00 20 03 09 19 20 02 01 04 00 00 12 BC DC 7E
2020-03-09 19:20:02,075 - DEBUG - RECV DATA:   lens: 20      data: || 7E 80 01 00 05 00 02 18 51 06 24 00 65 00 66 02 00 00 EC 7E
2020-03-09 19:20:02,148 - DEBUG - SEND DATA:   lens: 15      data: || 7E 00 02 00 00 00 00 00 00 00 01 00 67 64 7E
2020-03-09 19:20:02,178 - DEBUG - RECV DATA:   lens: 20      data: || 7E 80 01 00 05 00 02 18 51 06 24 00 66 00 67 00 02 00 EE 7E
2020-03-09 19:20:12,020 - DEBUG - SEND DATA:   lens: 49      data: || 7E 02 00 00 22 00 00 00 00 00 01 00 68 00 00 00 00 00 00 00 03 01 E0 B2 36 06 B1 A5 E0 00 00 00 3C 00 00 20 03 09 19 20 12 01 04 00 00 12 BD 4A 7E
2020-03-09 19:20:12,091 - DEBUG - RECV DATA:   lens: 20      data: || 7E 80 01 00 05 00 02 18 51 06 24 00 67 00 68 02 00 00 E0 7E
2020-03-09 19:20:12,138 - DEBUG - SEND DATA:   lens: 15      data: || 7E 00 02 00 00 00 00 00 00 00 01 00 69 6A 7E
2020-03-09 19:20:12,197 - DEBUG - RECV DATA:   lens: 20      data: || 7E 80 01 00 05 00 02 18 51 06 24 00 68 00 69 00 02 00 EE 7E
2020-03-09 19:20:22,030 - DEBUG - SEND DATA:   lens: 49      data: || 7E 02 00 00 22 00 00 00 00 00 01 00 6A 00 00 00 00 00 00 00 03 01 E0 B2 E4 06 B1 A5 E0 00 00 00 3C 00 00 20 03 09 19 20 22 01 04 00 00 12 BE A9 7E
2020-03-09 19:20:22,063 - DEBUG - RECV DATA:   lens: 20      data: || 7E 80 01 00 05 00 02 18 51 06 24 00 69 00 6A 02 00 00 EC 7E
2020-03-09 19:20:22,142 - DEBUG - SEND DATA:   lens: 15      data: || 7E 00 02 00 00 00 00 00 00 00 01 00 6B 68 7E
2020-03-09 19:20:22,178 - DEBUG - RECV DATA:   lens: 20      data: || 7E 80 01 00 05 00 02 18 51 06 24 00 6A 00 6B 00 02 00 EE 7E
2020-03-09 19:20:32,120 - DEBUG - SEND DATA:   lens: 49      data: || 7E 02 00 00 22 00 00 00 00 00 01 00 6C 00 00 00 00 00 00 00 03 01 E0 B3 E0 06 B1 A5 B0 00 00 00 8C 00 00 20 03 09 19 20 32 01 04 00 00 12 BF 5B 7E
2020-03-09 19:20:32,210 - DEBUG - RECV DATA:   lens: 20      data: || 7E 80 01 00 05 00 02 18 51 06 24 00 6B 00 6C 02 00 00 E8 7E
2020-03-09 19:20:32,224 - DEBUG - SEND DATA:   lens: 15      data: || 7E 00 02 00 00 00 00 00 00 00 01 00 6D 6E 7E
2020-03-09 19:20:32,323 - DEBUG - RECV DATA:   lens: 20      data: || 7E 80 01 00 05 00 02 18 51 06 24 00 6C 00 6D 00 02 00 EE 7E
2020-03-09 19:20:42,114 - DEBUG - SEND DATA:   lens: 49      data: || 7E 02 00 00 22 00 00 00 00 00 01 00 6E 00 00 00 00 00 00 00 03 01 E0 B5 BA 06 B1 A5 50 00 00 00 C8 00 00 20 03 09 19 20 42 01 04 00 00 12 C0 AE 7E
2020-03-09 19:20:42,156 - DEBUG - RECV DATA:   lens: 20      data: || 7E 80 01 00 05 00 02 18 51 06 24 00 6D 00 6E 02 00 00 EC 7E
2020-03-09 19:20:42,221 - DEBUG - SEND DATA:   lens: 15      data: || 7E 00 02 00 00 00 00 00 00 00 01 00 6F 6C 7E
2020-03-09 19:20:42,263 - DEBUG - RECV DATA:   lens: 20      data: || 7E 80 01 00 05 00 02 18 51 06 24 00 6E 00 6F 00 02 00 EE 7E
2020-03-09 19:20:52,137 - DEBUG - SEND DATA:   lens: 49      data: || 7E 02 00 00 22 00 00 00 00 00 01 00 70 00 00 00 00 00 00 00 03 01 E0 B7 B0 06 B1 A5 08 00 00 00 D2 00 00 20 03 09 19 20 52 01 04 00 00 12 C1 EB 7E
2020-03-09 19:20:52,171 - DEBUG - RECV DATA:   lens: 20      data: || 7E 80 01 00 05 00 02 18 51 06 24 00 6F 00 70 02 00 00 F0 7E
2020-03-09 19:20:52,240 - DEBUG - SEND DATA:   lens: 15      data: || 7E 00 02 00 00 00 00 00 00 00 01 00 71 72 7E
2020-03-09 19:20:52,288 - DEBUG - RECV DATA:   lens: 20      data: || 7E 80 01 00 05 00 02 18 51 06 24 00 70 00 71 00 02 00 EE 7E
2020-03-09 19:21:02,159 - DEBUG - SEND DATA:   lens: 49      data: || 7E 02 00 00 22 00 00 00 00 00 01 00 72 00 00 00 00 00 00 00 03 01 E0 BA 18 06 B1 A4 78 00 00 00 E6 00 00 20 03 09 19 21 02 01 04 00 00 12 C2 5B 7E
2020-03-09 19:21:02,219 - DEBUG - RECV DATA:   lens: 20      data: || 7E 80 01 00 05 00 02 18 51 06 24 00 71 00 72 02 00 00 EC 7E
2020-03-09 19:21:02,282 - DEBUG - SEND DATA:   lens: 15      data: || 7E 00 02 00 00 00 00 00 00 00 01 00 73 70 7E
2020-03-09 19:21:02,325 - DEBUG - RECV DATA:   lens: 20      data: || 7E 80 01 00 05 00 02 18 51 06 24 00 72 00 73 00 02 00 EE 7E
2020-03-09 19:21:12,068 - DEBUG - SEND DATA:   lens: 49      data: || 7E 02 00 00 22 00 00 00 00 00 01 00 74 00 00 00 00 00 00 00 03 01 E0 BC 7A 06 B1 A3 C0 00 00 00 DC 00 00 20 03 09 19 21 12 01 04 00 00 12 C3 AD 7E
2020-03-09 19:21:12,090 - DEBUG - RECV DATA:   lens: 20      data: || 7E 80 01 00 05 00 02 18 51 06 24 00 73 00 74 02 00 00 E8 7E
2020-03-09 19:21:12,187 - DEBUG - SEND DATA:   lens: 15      data: || 7E 00 02 00 00 00 00 00 00 00 01 00 75 76 7E
2020-03-09 19:21:12,323 - DEBUG - RECV DATA:   lens: 20      data: || 7E 80 01 00 05 00 02 18 51 06 24 00 74 00 75 00 02 00 EE 7E
2020-03-09 19:21:21,505 - DEBUG - 【 Data Server 】 [Recv Thread] OSError，connection is interrupted.
2020-03-09 19:21:22,210 - DEBUG - SEND DATA:   lens: 49      data: || 7E 02 00 00 22 00 00 00 00 00 01 00 76 00 00 00 00 00 00 00 03 01 E0 BD E4 06 B1 A3 50 00 00 00 AA 00 00 20 03 09 19 21 22 01 04 00 00 12 C4 E1 7E
