2020-03-06 17:29:29,493 - DEBUG - Read excel Thread start ... 
2020-03-06 17:29:32,227 - DEBUG - ====================================================================================================
2020-03-06 17:29:32,228 - DEBUG - 【 Data Server 】 ('119.23.49.157', 2083) ('172.16.100.164', 60837) Connected ...
2020-03-06 17:29:32,247 - DEBUG - 【 Data Server 】 Recv Thread start...
2020-03-06 17:29:32,247 - DEBUG - 【 Data Server 】 Parse Thread start...
2020-03-06 17:29:32,248 - DEBUG - 【 Data Server 】 Send Thread start...
2020-03-06 17:29:32,248 - DEBUG - 【 Data Server 】 Upload Location Thread start ... 
2020-03-06 17:29:32,349 - DEBUG - SEND DATA:   lens: 49      data: || 7E 02 00 00 22 00 00 00 00 00 01 00 01 00 00 00 00 00 00 00 03 01 DE 43 BE 06 B1 7D 00 00 00 01 B8 00 00 20 03 06 17 29 29 01 04 00 00 11 A3 F7 7E
2020-03-06 17:29:32,468 - DEBUG - SEND DATA:   lens: 15      data: || 7E 00 02 00 00 00 00 00 00 00 01 00 02 01 7E
2020-03-06 17:29:33,200 - DEBUG - RECV DATA:   lens: 15      data: || 7E 81 07 00 00 00 00 00 00 00 01 39 3E 80 7E
2020-03-06 17:29:33,211 - DEBUG - ―――――― 查询终端属性 ――――――
2020-03-06 17:29:33,244 - DEBUG - SEND DATA:   lens: 127     data: || 7E 01 07 00 70 00 00 00 00 00 01 00 03 00 00 72 65 63 6f 6e 52 65 63 6f 6e 6f 76 61 5f 50 35 30 30 00 00 00 00 00 00 00 31 32 5f 30 31 30 37 31 33 35 31 31 30 31 31 32 32 20 54 68 69 73 20 69 73 20 48 61 72 64 57 61 72 65 2e 30 31 30 37 00 00 00 00 00 00 00 00 00 00 00 20 54 68 69 73 20 69 73 20 46 69 72 6d 57 61 72 65 2e 00 00 00 00 00 00 00 00 00 00 00 00 00 00 00 00 00 42 7E
2020-03-06 17:29:33,319 - DEBUG - RECV DATA:   lens: 18      data: || 7E 89 00 00 03 00 00 00 00 00 01 39 3F F8 01 65 11 7E
2020-03-06 17:29:33,325 - DEBUG - ―――――― 查询基本信息 ――――――
2020-03-06 17:29:33,325 - DEBUG - 参数总数 1
2020-03-06 17:29:33,330 - DEBUG - == 查询信息 ==
2020-03-06 17:29:33,330 - DEBUG - ―――――― END ――――――
2020-03-06 17:29:33,362 - DEBUG - SEND DATA:   lens: 217     data: || 7E 09 00 00 CA 00 00 00 00 00 01 00 04 F8 01 65 C6 20 52 65 63 6f 6e 6f 76 61 00 00 00 00 00 00 00 00 00 00 00 00 00 00 00 00 00 00 00 00 00 00 00 00 20 52 4e 2d 43 41 2d 50 35 30 30 00 00 00 00 00 00 00 00 00 00 00 00 00 00 00 00 00 00 00 00 00 00 20 54 68 69 73 20 69 73 20 48 61 72 64 57 61 72 65 2e 30 39 30 30 00 00 00 00 00 00 00 00 00 00 00 20 54 68 69 73 20 69 73 20 53 6f 66 74 57 61 72 65 2e 00 00 00 00 00 00 00 00 00 00 00 00 00 00 00 20 31 32 33 34 35 36 5f 46 38 00 00 00 00 00 00 00 00
2020-03-06 17:29:33,443 - DEBUG - RECV DATA:   lens: 20      data: || 7E 80 01 00 05 00 00 00 00 00 01 39 40 00 01 02 00 00 FF 7E
2020-03-06 17:29:33,553 - DEBUG - RECV DATA:   lens: 20      data: || 7E 80 01 00 05 00 00 00 00 00 01 39 41 00 02 00 02 00 FD 7E
2020-03-06 17:29:39,969 - DEBUG - SEND DATA:   lens: 49      data: || 7E 02 00 00 22 00 00 00 00 00 01 00 05 00 00 00 00 00 00 00 03 01 DE 47 B4 06 B1 7E A0 00 00 01 90 00 00 20 03 06 17 29 39 01 04 00 00 11 A4 61 7E
2020-03-06 17:29:40,000 - DEBUG - RECV DATA:   lens: 20      data: || 7E 80 01 00 05 00 00 00 00 00 01 39 42 00 05 02 00 00 F9 7E
2020-03-06 17:29:40,087 - DEBUG - SEND DATA:   lens: 15      data: || 7E 00 02 00 00 00 00 00 00 00 01 00 06 05 7E
2020-03-06 17:29:40,122 - DEBUG - RECV DATA:   lens: 20      data: || 7E 80 01 00 05 00 00 00 00 00 01 39 43 00 06 00 02 00 FB 7E
2020-03-06 17:29:49,908 - DEBUG - SEND DATA:   lens: 49      data: || 7E 02 00 00 22 00 00 00 00 00 01 00 07 00 00 00 00 00 00 00 03 01 DE 4B 5E 06 B1 80 08 00 00 01 86 00 00 20 03 06 17 29 49 01 04 00 00 11 A5 B4 7E
2020-03-06 17:29:49,937 - DEBUG - RECV DATA:   lens: 20      data: || 7E 80 01 00 05 00 00 00 00 00 01 39 44 00 07 02 00 00 FD 7E
2020-03-06 17:29:50,015 - DEBUG - SEND DATA:   lens: 15      data: || 7E 00 02 00 00 00 00 00 00 00 01 00 08 0B 7E
2020-03-06 17:29:50,147 - DEBUG - RECV DATA:   lens: 20      data: || 7E 80 01 00 05 00 00 00 00 00 01 39 45 00 08 00 02 00 F3 7E
2020-03-06 17:29:59,938 - DEBUG - SEND DATA:   lens: 49      data: || 7E 02 00 00 22 00 00 00 00 00 01 00 09 00 00 00 00 00 00 00 03 01 DE 4E D8 06 B1 81 70 00 00 01 72 00 00 20 03 06 17 29 59 01 04 00 00 11 A6 A7 7E
2020-03-06 17:29:59,985 - DEBUG - RECV DATA:   lens: 20      data: || 7E 80 01 00 05 00 00 00 00 00 01 39 46 00 09 02 00 00 F1 7E
2020-03-06 17:30:00,044 - DEBUG - SEND DATA:   lens: 15      data: || 7E 00 02 00 00 00 00 00 00 00 01 00 0A 09 7E
2020-03-06 17:30:00,103 - DEBUG - RECV DATA:   lens: 20      data: || 7E 80 01 00 05 00 00 00 00 00 01 39 47 00 0A 00 02 00 F3 7E
2020-03-06 17:30:09,972 - DEBUG - SEND DATA:   lens: 49      data: || 7E 02 00 00 22 00 00 00 00 00 01 00 0B 00 00 00 00 00 00 00 03 01 DE 52 5E 06 B1 82 D8 00 00 01 90 00 00 20 03 06 17 30 09 01 04 00 00 11 A7 3E 7E
2020-03-06 17:30:10,013 - DEBUG - RECV DATA:   lens: 20      data: || 7E 80 01 00 05 00 00 00 00 00 01 39 48 00 0B 02 00 00 FD 7E
2020-03-06 17:30:10,078 - DEBUG - SEND DATA:   lens: 15      data: || 7E 00 02 00 00 00 00 00 00 00 01 00 0C 0F 7E
2020-03-06 17:30:10,125 - DEBUG - RECV DATA:   lens: 20      data: || 7E 80 01 00 05 00 00 00 00 00 01 39 49 00 0C 00 02 00 FB 7E
2020-03-06 17:30:19,994 - DEBUG - SEND DATA:   lens: 49      data: || 7E 02 00 00 22 00 00 00 00 00 01 00 0D 00 00 00 00 00 00 00 03 01 DE 56 02 06 B1 84 38 00 00 01 2C 00 00 20 03 06 17 30 19 01 04 00 00 11 A8 25 7E
2020-03-06 17:30:20,032 - DEBUG - RECV DATA:   lens: 20      data: || 7E 80 01 00 05 00 00 00 00 00 01 39 4A 00 0D 02 00 00 F9 7E
2020-03-06 17:30:20,101 - DEBUG - SEND DATA:   lens: 15      data: || 7E 00 02 00 00 00 00 00 00 00 01 00 0E 0D 7E
2020-03-06 17:30:20,145 - DEBUG - RECV DATA:   lens: 20      data: || 7E 80 01 00 05 00 00 00 00 00 01 39 4B 00 0E 00 02 00 FB 7E
2020-03-06 17:30:29,934 - DEBUG - SEND DATA:   lens: 49      data: || 7E 02 00 00 22 00 00 00 00 00 01 00 0F 00 00 00 00 00 00 00 03 01 DE 57 BA 06 B1 84 E0 00 00 00 8C 00 00 20 03 06 17 30 29 01 04 00 00 11 A9 D6 7E
2020-03-06 17:30:29,960 - DEBUG - RECV DATA:   lens: 20      data: || 7E 80 01 00 05 00 00 00 00 00 01 39 4C 00 0F 02 00 00 FD 7E
2020-03-06 17:30:30,042 - DEBUG - SEND DATA:   lens: 15      data: || 7E 00 02 00 00 00 00 00 00 00 01 00 10 13 7E
2020-03-06 17:30:30,162 - DEBUG - RECV DATA:   lens: 20      data: || 7E 80 01 00 05 00 00 00 00 00 01 39 4D 00 10 00 02 00 E3 7E
2020-03-06 17:30:39,972 - DEBUG - SEND DATA:   lens: 49      data: || 7E 02 00 00 22 00 00 00 00 00 01 00 11 00 00 00 00 00 00 00 03 01 DE 59 AA 06 B1 85 A0 00 00 00 FA 00 00 20 03 06 17 30 39 01 04 00 00 11 AA F2 7E
2020-03-06 17:30:39,983 - DEBUG - RECV DATA:   lens: 20      data: || 7E 80 01 00 05 00 00 00 00 00 01 39 4E 00 11 02 00 00 E1 7E
2020-03-06 17:30:40,079 - DEBUG - SEND DATA:   lens: 15      data: || 7E 00 02 00 00 00 00 00 00 00 01 00 12 11 7E
2020-03-06 17:30:40,199 - DEBUG - RECV DATA:   lens: 20      data: || 7E 80 01 00 05 00 00 00 00 00 01 39 4F 00 12 00 02 00 E3 7E
2020-03-06 17:30:50,004 - DEBUG - SEND DATA:   lens: 49      data: || 7E 02 00 00 22 00 00 00 00 00 01 00 13 00 00 00 00 00 00 00 03 01 DE 5C 3E 06 B1 86 A8 00 00 01 04 00 00 20 03 06 17 30 49 01 04 00 00 11 AB E4 7E
2020-03-06 17:30:50,022 - DEBUG - RECV DATA:   lens: 20      data: || 7E 80 01 00 05 00 00 00 00 00 01 39 50 00 13 02 00 00 FD 7E
2020-03-06 17:30:50,111 - DEBUG - SEND DATA:   lens: 15      data: || 7E 00 02 00 00 00 00 00 00 00 01 00 14 17 7E
2020-03-06 17:30:50,129 - DEBUG - RECV DATA:   lens: 20      data: || 7E 80 01 00 05 00 00 00 00 00 01 39 51 00 14 00 02 00 FB 7E
2020-03-06 17:30:59,953 - DEBUG - SEND DATA:   lens: 49      data: || 7E 02 00 00 22 00 00 00 00 00 01 00 15 00 00 00 00 00 00 00 03 01 DE 5D 9A 06 B1 87 28 00 00 00 96 00 00 20 03 06 17 30 59 01 04 00 00 11 AC 42 7E
2020-03-06 17:31:00,052 - DEBUG - RECV DATA:   lens: 20      data: || 7E 80 01 00 05 00 00 00 00 00 01 39 52 00 15 02 00 00 F9 7E
2020-03-06 17:31:00,058 - DEBUG - SEND DATA:   lens: 15      data: || 7E 00 02 00 00 00 00 00 00 00 01 00 16 15 7E
2020-03-06 17:31:00,173 - DEBUG - RECV DATA:   lens: 20      data: || 7E 80 01 00 05 00 00 00 00 00 01 39 53 00 16 00 02 00 FB 7E
2020-03-06 17:31:09,991 - DEBUG - SEND DATA:   lens: 49      data: || 7E 02 00 00 22 00 00 00 00 00 01 00 17 00 00 00 00 00 00 00 03 01 DE 5F 70 06 B1 87 F0 00 00 00 D2 00 00 20 03 06 17 31 09 01 04 00 00 11 AD 64 7E
2020-03-06 17:31:10,044 - DEBUG - RECV DATA:   lens: 20      data: || 7E 80 01 00 05 00 00 00 00 00 01 39 54 00 17 02 00 00 FD 7E
2020-03-06 17:31:10,100 - DEBUG - SEND DATA:   lens: 15      data: || 7E 00 02 00 00 00 00 00 00 00 01 00 18 1B 7E
2020-03-06 17:31:10,151 - DEBUG - RECV DATA:   lens: 20      data: || 7E 80 01 00 05 00 00 00 00 00 01 39 55 00 18 00 02 00 F3 7E
2020-03-06 17:31:19,975 - DEBUG - SEND DATA:   lens: 49      data: || 7E 02 00 00 22 00 00 00 00 00 01 00 19 00 00 00 00 00 00 00 03 01 DE 60 FA 06 B1 88 80 00 00 00 64 00 00 20 03 06 17 31 19 01 04 00 00 11 AE 05 7E
2020-03-06 17:31:20,081 - DEBUG - SEND DATA:   lens: 15      data: || 7E 00 02 00 00 00 00 00 00 00 01 00 1A 19 7E
2020-03-06 17:31:21,239 - DEBUG - RECV DATA:   lens: 20      data: || 7E 80 01 00 05 00 00 00 00 00 01 39 56 00 19 02 00 00 F1 7E
2020-03-06 17:31:21,370 - DEBUG - RECV DATA:   lens: 20      data: || 7E 80 01 00 05 00 00 00 00 00 01 39 57 00 1A 00 02 00 F3 7E
2020-03-06 17:31:30,003 - DEBUG - SEND DATA:   lens: 49      data: || 7E 02 00 00 22 00 00 00 00 00 01 00 1B 00 00 00 00 00 00 00 03 01 DE 62 70 06 B1 89 00 00 00 00 BE 00 00 20 03 06 17 31 29 01 04 00 00 11 AF E5 7E
2020-03-06 17:31:30,024 - DEBUG - RECV DATA:   lens: 20      data: || 7E 80 01 00 05 00 00 00 00 00 01 39 58 00 1B 02 00 00 FD 7E
2020-03-06 17:31:30,110 - DEBUG - SEND DATA:   lens: 15      data: || 7E 00 02 00 00 00 00 00 00 00 01 00 1C 1F 7E
2020-03-06 17:31:30,130 - DEBUG - RECV DATA:   lens: 20      data: || 7E 80 01 00 05 00 00 00 00 00 01 39 59 00 1C 00 02 00 FB 7E
2020-03-06 17:31:40,027 - DEBUG - SEND DATA:   lens: 49      data: || 7E 02 00 00 22 00 00 00 00 00 01 00 1D 00 00 00 00 00 00 00 03 01 DE 64 9A 06 B1 89 D8 00 00 00 F0 00 00 20 03 06 17 31 39 01 04 00 00 11 B0 96 7E
2020-03-06 17:31:40,043 - DEBUG - RECV DATA:   lens: 20      data: || 7E 80 01 00 05 00 00 00 00 00 01 39 5A 00 1D 02 00 00 F9 7E
2020-03-06 17:31:40,133 - DEBUG - SEND DATA:   lens: 15      data: || 7E 00 02 00 00 00 00 00 00 00 01 00 1E 1D 7E
2020-03-06 17:31:40,251 - DEBUG - RECV DATA:   lens: 20      data: || 7E 80 01 00 05 00 00 00 00 00 01 39 5B 00 1E 00 02 00 FB 7E
2020-03-06 17:31:49,994 - DEBUG - SEND DATA:   lens: 49      data: || 7E 02 00 00 22 00 00 00 00 00 01 00 1F 00 00 00 00 00 00 00 03 01 DE 67 14 06 B1 8A C8 00 00 01 0E 00 00 20 03 06 17 31 49 01 04 00 00 11 B1 84 7E
2020-03-06 17:31:50,088 - DEBUG - RECV DATA:   lens: 20      data: || 7E 80 01 00 05 00 00 00 00 00 01 39 5C 00 1F 02 00 00 FD 7E
2020-03-06 17:31:50,101 - DEBUG - SEND DATA:   lens: 15      data: || 7E 00 02 00 00 00 00 00 00 00 01 00 20 23 7E
2020-03-06 17:31:50,203 - DEBUG - RECV DATA:   lens: 20      data: || 7E 80 01 00 05 00 00 00 00 00 01 39 5D 00 20 00 02 00 C3 7E
2020-03-06 17:31:55,993 - DEBUG - RECV DATA:   lens: 15      data: || 7E 81 07 00 00 00 00 00 00 00 01 39 5E E0 7E
2020-03-06 17:31:55,993 - DEBUG - ―――――― 查询终端属性 ――――――
2020-03-06 17:31:56,085 - DEBUG - SEND DATA:   lens: 127     data: || 7E 01 07 00 70 00 00 00 00 00 01 00 21 00 00 72 65 63 6f 6e 52 65 63 6f 6e 6f 76 61 5f 50 35 30 30 00 00 00 00 00 00 00 31 32 5f 30 31 30 37 31 33 35 31 31 30 31 31 32 32 20 54 68 69 73 20 69 73 20 48 61 72 64 57 61 72 65 2e 30 31 30 37 00 00 00 00 00 00 00 00 00 00 00 20 54 68 69 73 20 69 73 20 46 69 72 6d 57 61 72 65 2e 00 00 00 00 00 00 00 00 00 00 00 00 00 00 00 00 00 60 7E
2020-03-06 17:31:56,106 - DEBUG - RECV DATA:   lens: 18      data: || 7E 89 00 00 03 00 00 00 00 00 01 39 5F F8 01 65 71 7E
2020-03-06 17:31:56,106 - DEBUG - ―――――― 查询基本信息 ――――――
2020-03-06 17:31:56,111 - DEBUG - 参数总数 1
2020-03-06 17:31:56,117 - DEBUG - == 查询信息 ==
2020-03-06 17:31:56,123 - DEBUG - ―――――― END ――――――
2020-03-06 17:31:56,198 - DEBUG - SEND DATA:   lens: 217     data: || 7E 09 00 00 CA 00 00 00 00 00 01 00 22 F8 01 65 C6 20 52 65 63 6f 6e 6f 76 61 00 00 00 00 00 00 00 00 00 00 00 00 00 00 00 00 00 00 00 00 00 00 00 00 20 52 4e 2d 43 41 2d 50 35 30 30 00 00 00 00 00 00 00 00 00 00 00 00 00 00 00 00 00 00 00 00 00 00 20 54 68 69 73 20 69 73 20 48 61 72 64 57 61 72 65 2e 30 39 30 30 00 00 00 00 00 00 00 00 00 00 00 20 54 68 69 73 20 69 73 20 53 6f 66 74 57 61 72 65 2e 00 00 00 00 00 00 00 00 00 00 00 00 00 00 00 20 31 32 33 34 35 36 5f 46 38 00 00 00 00 00 00 00 00
2020-03-06 17:31:56,234 - DEBUG - RECV DATA:   lens: 18      data: || 7E 89 00 00 03 00 00 00 00 00 01 39 60 F9 01 FF D5 7E
2020-03-06 17:31:56,240 - DEBUG - ―――――― 查询基本信息 ――――――
2020-03-06 17:31:56,245 - DEBUG - 参数总数 1
2020-03-06 17:31:56,245 - DEBUG - == 查询硬件信息 ==
2020-03-06 17:31:56,263 - DEBUG - ―――――― END ――――――
2020-03-06 17:31:56,313 - DEBUG - SEND DATA:   lens: 23      data: || 7E 09 00 00 08 00 00 00 00 00 01 00 23 F9 01 FF 04 00 00 00 00 20 7E
2020-03-06 17:31:56,377 - DEBUG - RECV DATA:   lens: 18      data: || 7E 89 00 00 03 00 00 00 00 00 01 39 61 FA 01 FF D7 7E
2020-03-06 17:31:56,383 - DEBUG - ―――――― 查询基本信息 ――――――
2020-03-06 17:31:56,389 - DEBUG - 参数总数 1
2020-03-06 17:31:56,407 - DEBUG - == 查询软件信息 ==
2020-03-06 17:31:56,418 - DEBUG - ―――――― END ――――――
2020-03-06 17:31:56,448 - DEBUG - SEND DATA:   lens: 113     data: || 7E 09 00 00 62 00 00 00 00 00 01 00 24 FA 01 FF 5E 0B 31 33 38 31 31 31 31 31 31 31 31 00 0E 52 4e 2d 43 41 2d 50 35 30 30 2d 4d 43 55 20 31 32 33 34 35 36 5f 46 41 00 00 00 00 00 00 00 00 00 00 00 00 00 00 00 00 00 00 00 00 00 00 00 20 31 32 33 34 35 36 00 00 00 00 00 00 00 00 00 00 00 00 00 00 00 00 00 00 00 00 00 00 00 00 00 00 7E 7E
2020-03-06 17:31:59,986 - DEBUG - SEND DATA:   lens: 49      data: || 7E 02 00 00 22 00 00 00 00 00 01 00 25 00 00 00 00 00 00 00 03 01 DE 69 C2 06 B1 8B D0 00 00 01 2C 00 00 20 03 06 17 31 59 01 04 00 00 11 B2 4E 7E
2020-03-06 17:32:00,046 - DEBUG - RECV DATA:   lens: 20      data: || 7E 80 01 00 05 00 00 00 00 00 01 39 62 00 25 02 00 00 F9 7E
2020-03-06 17:32:00,093 - DEBUG - SEND DATA:   lens: 15      data: || 7E 00 02 00 00 00 00 00 00 00 01 00 26 25 7E
2020-03-06 17:32:00,153 - DEBUG - RECV DATA:   lens: 20      data: || 7E 80 01 00 05 00 00 00 00 00 01 39 63 00 26 00 02 00 FB 7E
2020-03-06 17:32:10,059 - DEBUG - SEND DATA:   lens: 49      data: || 7E 02 00 00 22 00 00 00 00 00 01 00 27 00 00 00 00 00 00 00 03 01 DE 6C A0 06 B1 8C F0 00 00 01 2C 00 00 20 03 06 17 32 09 01 04 00 00 11 B3 5E 7E
2020-03-06 17:32:10,090 - DEBUG - RECV DATA:   lens: 20      data: || 7E 80 01 00 05 00 00 00 00 00 01 39 64 00 27 02 00 00 FD 7E
2020-03-06 17:32:10,166 - DEBUG - SEND DATA:   lens: 15      data: || 7E 00 02 00 00 00 00 00 00 00 01 00 28 2B 7E
2020-03-06 17:32:10,197 - DEBUG - RECV DATA:   lens: 20      data: || 7E 80 01 00 05 00 00 00 00 00 01 39 65 00 28 00 02 00 F3 7E
2020-03-06 17:32:20,020 - DEBUG - SEND DATA:   lens: 49      data: || 7E 02 00 00 22 00 00 00 00 00 01 00 29 00 00 00 00 00 00 00 03 01 DE 6F CE 06 B1 8E 18 00 00 01 68 00 00 20 03 06 17 32 19 01 04 00 00 11 B4 84 7E
2020-03-06 17:32:20,030 - DEBUG - RECV DATA:   lens: 20      data: || 7E 80 01 00 05 00 00 00 00 00 01 39 66 00 29 02 00 00 F1 7E
2020-03-06 17:32:20,127 - DEBUG - SEND DATA:   lens: 15      data: || 7E 00 02 00 00 00 00 00 00 00 01 00 2A 29 7E
2020-03-06 17:32:20,245 - DEBUG - RECV DATA:   lens: 20      data: || 7E 80 01 00 05 00 00 00 00 00 01 39 67 00 2A 00 02 00 F3 7E
2020-03-06 17:32:30,040 - DEBUG - SEND DATA:   lens: 49      data: || 7E 02 00 00 22 00 00 00 00 00 01 00 2B 00 00 00 00 00 00 00 03 01 DE 73 24 06 B1 8F 80 00 00 01 72 00 00 20 03 06 17 32 29 01 04 00 00 11 B5 C2 7E
2020-03-06 17:32:30,056 - DEBUG - RECV DATA:   lens: 20      data: || 7E 80 01 00 05 00 00 00 00 00 01 39 68 00 2B 02 00 00 FD 7E
2020-03-06 17:32:30,147 - DEBUG - SEND DATA:   lens: 15      data: || 7E 00 02 00 00 00 00 00 00 00 01 00 2C 2F 7E
2020-03-06 17:32:30,265 - DEBUG - RECV DATA:   lens: 20      data: || 7E 80 01 00 05 00 00 00 00 00 01 39 69 00 2C 00 02 00 FB 7E
2020-03-06 17:32:40,065 - DEBUG - SEND DATA:   lens: 49      data: || 7E 02 00 00 22 00 00 00 00 00 01 00 2D 00 00 00 00 00 00 00 03 01 DE 76 E0 06 B1 90 E8 00 00 01 AE 00 00 20 03 06 17 32 39 01 04 00 00 11 B6 BD 7E
2020-03-06 17:32:40,076 - DEBUG - RECV DATA:   lens: 20      data: || 7E 80 01 00 05 00 00 00 00 00 01 39 6A 00 2D 02 00 00 F9 7E
2020-03-06 17:32:40,172 - DEBUG - SEND DATA:   lens: 15      data: || 7E 00 02 00 00 00 00 00 00 00 01 00 2E 2D 7E
2020-03-06 17:32:40,289 - DEBUG - RECV DATA:   lens: 20      data: || 7E 80 01 00 05 00 00 00 00 00 01 39 6B 00 2E 00 02 00 FB 7E
2020-03-06 17:32:50,098 - DEBUG - SEND DATA:   lens: 49      data: || 7E 02 00 00 22 00 00 00 00 00 01 00 2F 00 00 00 00 00 00 00 03 01 DE 7A F6 06 B1 92 60 00 00 01 A4 00 00 20 03 06 17 32 50 01 04 00 00 11 B7 4D 7E
2020-03-06 17:32:50,193 - DEBUG - RECV DATA:   lens: 20      data: || 7E 80 01 00 05 00 00 00 00 00 01 39 6C 00 2F 02 00 00 FD 7E
2020-03-06 17:32:50,199 - DEBUG - SEND DATA:   lens: 15      data: || 7E 00 02 00 00 00 00 00 00 00 01 00 30 33 7E
2020-03-06 17:32:50,305 - DEBUG - RECV DATA:   lens: 20      data: || 7E 80 01 00 05 00 00 00 00 00 01 39 6D 00 30 00 02 00 E3 7E
2020-03-06 17:33:00,063 - DEBUG - SEND DATA:   lens: 49      data: || 7E 02 00 00 22 00 00 00 00 00 01 00 31 00 00 00 00 00 00 00 03 01 DE 7E F0 06 B1 93 F0 00 00 01 AE 00 00 20 03 06 17 33 00 01 04 00 00 11 B8 94 7E
2020-03-06 17:33:00,133 - DEBUG - RECV DATA:   lens: 20      data: || 7E 80 01 00 05 00 00 00 00 00 01 39 6E 00 31 02 00 00 E1 7E
2020-03-06 17:33:00,170 - DEBUG - SEND DATA:   lens: 15      data: || 7E 00 02 00 00 00 00 00 00 00 01 00 32 31 7E
2020-03-06 17:33:00,246 - DEBUG - RECV DATA:   lens: 20      data: || 7E 80 01 00 05 00 00 00 00 00 01 39 6F 00 32 00 02 00 E3 7E
2020-03-06 17:33:10,086 - DEBUG - SEND DATA:   lens: 49      data: || 7E 02 00 00 22 00 00 00 00 00 01 00 33 00 00 00 00 00 00 00 03 01 DE 82 FE 06 B1 95 68 00 00 01 AE 00 00 20 03 06 17 33 10 01 04 00 00 11 B9 EB 7E
2020-03-06 17:33:10,171 - DEBUG - RECV DATA:   lens: 20      data: || 7E 80 01 00 05 00 00 00 00 00 01 39 70 00 33 02 00 00 FD 7E
2020-03-06 17:33:10,193 - DEBUG - SEND DATA:   lens: 15      data: || 7E 00 02 00 00 00 00 00 00 00 01 00 34 37 7E
2020-03-06 17:33:10,282 - DEBUG - RECV DATA:   lens: 20      data: || 7E 80 01 00 05 00 00 00 00 00 01 39 71 00 34 00 02 00 FB 7E
2020-03-06 17:33:20,117 - DEBUG - SEND DATA:   lens: 49      data: || 7E 02 00 00 22 00 00 00 00 00 01 00 35 00 00 00 00 00 00 00 03 01 DE 86 DA 06 B1 96 90 00 00 01 72 00 00 20 03 06 17 33 20 01 04 00 00 11 BA D9 7E
2020-03-06 17:33:20,201 - DEBUG - RECV DATA:   lens: 20      data: || 7E 80 01 00 05 00 00 00 00 00 01 39 72 00 35 02 00 00 F9 7E
2020-03-06 17:33:20,223 - DEBUG - SEND DATA:   lens: 15      data: || 7E 00 02 00 00 00 00 00 00 00 01 00 36 35 7E
2020-03-06 17:33:20,314 - DEBUG - RECV DATA:   lens: 20      data: || 7E 80 01 00 05 00 00 00 00 00 01 39 73 00 36 00 02 00 FB 7E
2020-03-06 17:33:30,137 - DEBUG - SEND DATA:   lens: 49      data: || 7E 02 00 00 22 00 00 00 00 00 01 00 37 00 00 00 00 00 00 00 03 01 DE 8A 40 06 B1 97 20 00 00 01 40 00 00 20 03 06 17 33 30 01 04 00 00 11 BB DF 7E
2020-03-06 17:33:30,226 - DEBUG - RECV DATA:   lens: 20      data: || 7E 80 01 00 05 00 00 00 00 00 01 39 74 00 37 02 00 00 FD 7E
2020-03-06 17:33:30,255 - DEBUG - SEND DATA:   lens: 15      data: || 7E 00 02 00 00 00 00 00 00 00 01 00 38 3B 7E
2020-03-06 17:33:30,338 - DEBUG - RECV DATA:   lens: 20      data: || 7E 80 01 00 05 00 00 00 00 00 01 39 75 00 38 00 02 00 F3 7E
2020-03-06 17:33:40,078 - DEBUG - SEND DATA:   lens: 49      data: || 7E 02 00 00 22 00 00 00 00 00 01 00 39 00 00 00 00 00 00 00 03 01 DE 8D 74 06 B1 97 40 00 00 01 40 00 00 20 03 06 17 33 40 01 04 00 00 11 BC F5 7E
2020-03-06 17:33:40,170 - DEBUG - RECV DATA:   lens: 20      data: || 7E 80 01 00 05 00 00 00 00 00 01 39 76 00 39 02 00 00 F1 7E
2020-03-06 17:33:40,185 - DEBUG - SEND DATA:   lens: 15      data: || 7E 00 02 00 00 00 00 00 00 00 01 00 3A 39 7E
2020-03-06 17:33:40,282 - DEBUG - RECV DATA:   lens: 20      data: || 7E 80 01 00 05 00 00 00 00 00 01 39 77 00 3A 00 02 00 F3 7E
2020-03-06 17:33:50,131 - DEBUG - SEND DATA:   lens: 49      data: || 7E 02 00 00 22 00 00 00 00 00 01 00 3B 00 00 00 00 00 00 00 03 01 DE 90 88 06 B1 97 20 00 00 01 2C 00 00 20 03 06 17 33 50 01 04 00 00 11 BD 0B 7E
2020-03-06 17:33:50,228 - DEBUG - RECV DATA:   lens: 20      data: || 7E 80 01 00 05 00 00 00 00 00 01 39 78 00 3B 02 00 00 FD 7E
2020-03-06 17:33:50,234 - DEBUG - SEND DATA:   lens: 15      data: || 7E 00 02 00 00 00 00 00 00 00 01 00 3C 3F 7E
2020-03-06 17:33:50,347 - DEBUG - RECV DATA:   lens: 20      data: || 7E 80 01 00 05 00 00 00 00 00 01 39 79 00 3C 00 02 00 FB 7E
2020-03-06 17:34:00,141 - DEBUG - SEND DATA:   lens: 49      data: || 7E 02 00 00 22 00 00 00 00 00 01 00 3D 00 00 00 00 00 00 00 03 01 DE 93 48 06 B1 96 E8 00 00 00 DC 00 00 20 03 06 17 34 00 01 04 00 00 11 BE A2 7E
2020-03-06 17:34:00,162 - DEBUG - RECV DATA:   lens: 20      data: || 7E 80 01 00 05 00 00 00 00 00 01 39 7A 00 3D 02 00 00 F9 7E
2020-03-06 17:34:00,248 - DEBUG - SEND DATA:   lens: 15      data: || 7E 00 02 00 00 00 00 00 00 00 01 00 3E 3D 7E
2020-03-06 17:34:00,387 - DEBUG - RECV DATA:   lens: 20      data: || 7E 80 01 00 05 00 00 00 00 00 01 39 7B 00 3E 00 02 00 FB 7E
2020-03-06 17:34:10,070 - DEBUG - SEND DATA:   lens: 49      data: || 7E 02 00 00 22 00 00 00 00 00 01 00 3F 00 00 00 00 00 00 00 03 01 DE 94 28 06 B1 96 E0 00 00 00 00 00 00 20 03 06 17 34 10 01 04 00 00 11 BF 02 7E
2020-03-06 17:34:10,107 - DEBUG - RECV DATA:   lens: 20      data: || 7E 80 01 00 05 00 00 00 00 00 01 39 7C 00 3F 02 00 00 FD 7E
2020-03-06 17:34:10,176 - DEBUG - SEND DATA:   lens: 15      data: || 7E 00 02 00 00 00 00 00 00 00 01 00 40 43 7E
2020-03-06 17:34:10,214 - DEBUG - RECV DATA:   lens: 20      data: || 7E 80 01 00 05 00 00 00 00 00 01 39 7D 00 40 00 02 00 83 7E
2020-03-06 17:34:20,087 - DEBUG - SEND DATA:   lens: 49      data: || 7E 02 00 00 22 00 00 00 00 00 01 00 41 00 00 00 00 00 00 00 03 01 DE 94 28 06 B1 96 E0 00 00 00 00 00 00 20 03 06 17 34 20 01 04 00 00 11 C0 33 7E
2020-03-06 17:34:20,119 - DEBUG - RECV DATA:   lens: 20      data: || 7E 80 01 00 05 00 00 00 00 00 01 39 7E 00 41 02 00 00 81 7E
2020-03-06 17:34:20,194 - DEBUG - SEND DATA:   lens: 15      data: || 7E 00 02 00 00 00 00 00 00 00 01 00 42 41 7E
2020-03-06 17:34:20,226 - DEBUG - RECV DATA:   lens: 20      data: || 7E 80 01 00 05 00 00 00 00 00 01 39 7F 00 42 00 02 00 83 7E
2020-03-06 17:34:30,114 - DEBUG - SEND DATA:   lens: 49      data: || 7E 02 00 00 22 00 00 00 00 00 01 00 43 00 00 00 00 00 00 00 03 01 DE 94 28 06 B1 96 E0 00 00 00 00 00 00 20 03 06 17 34 30 01 04 00 00 11 C1 20 7E
2020-03-06 17:34:30,138 - DEBUG - RECV DATA:   lens: 20      data: || 7E 80 01 00 05 00 00 00 00 00 01 39 80 00 43 02 00 00 7D 7E
2020-03-06 17:34:30,221 - DEBUG - SEND DATA:   lens: 15      data: || 7E 00 02 00 00 00 00 00 00 00 01 00 44 47 7E
2020-03-06 17:34:30,246 - DEBUG - RECV DATA:   lens: 20      data: || 7E 80 01 00 05 00 00 00 00 00 01 39 81 00 44 00 02 00 7B 7E
2020-03-06 17:34:40,147 - DEBUG - SEND DATA:   lens: 49      data: || 7E 02 00 00 22 00 00 00 00 00 01 00 45 00 00 00 00 00 00 00 03 01 DE 94 28 06 B1 96 E0 00 00 00 00 00 00 20 03 06 17 34 40 01 04 00 00 11 C2 55 7E
2020-03-06 17:34:40,161 - DEBUG - RECV DATA:   lens: 20      data: || 7E 80 01 00 05 00 00 00 00 00 01 39 82 00 45 02 00 00 79 7E
2020-03-06 17:34:40,253 - DEBUG - SEND DATA:   lens: 15      data: || 7E 00 02 00 00 00 00 00 00 00 01 00 46 45 7E
2020-03-06 17:34:40,371 - DEBUG - RECV DATA:   lens: 20      data: || 7E 80 01 00 05 00 00 00 00 00 01 39 83 00 46 00 02 00 7B 7E
2020-03-06 17:34:50,190 - DEBUG - SEND DATA:   lens: 49      data: || 7E 02 00 00 22 00 00 00 00 00 01 00 47 00 00 00 00 00 00 00 03 01 DE 94 28 06 B1 96 E0 00 00 00 00 00 00 20 03 06 17 34 50 01 04 00 00 11 C3 46 7E
2020-03-06 17:34:50,296 - DEBUG - RECV DATA:   lens: 20      data: || 7E 80 01 00 05 00 00 00 00 00 01 39 84 00 47 02 00 00 7D 7E
2020-03-06 17:34:50,308 - DEBUG - SEND DATA:   lens: 15      data: || 7E 00 02 00 00 00 00 00 00 00 01 00 48 4B 7E
2020-03-06 17:34:50,408 - DEBUG - RECV DATA:   lens: 20      data: || 7E 80 01 00 05 00 00 00 00 00 01 39 85 00 48 00 02 00 73 7E
2020-03-06 17:35:00,138 - DEBUG - SEND DATA:   lens: 49      data: || 7E 02 00 00 22 00 00 00 00 00 01 00 49 00 00 00 00 00 00 00 03 01 DE 94 28 06 B1 96 E0 00 00 00 00 00 00 20 03 06 17 35 00 01 04 00 00 11 C4 1E 7E
2020-03-06 17:35:00,233 - DEBUG - RECV DATA:   lens: 20      data: || 7E 80 01 00 05 00 00 00 00 00 01 39 86 00 49 02 00 00 71 7E
2020-03-06 17:35:00,251 - DEBUG - SEND DATA:   lens: 15      data: || 7E 00 02 00 00 00 00 00 00 00 01 00 4A 49 7E
2020-03-06 17:35:00,350 - DEBUG - RECV DATA:   lens: 20      data: || 7E 80 01 00 05 00 00 00 00 00 01 39 87 00 4A 00 02 00 73 7E
2020-03-06 17:35:10,180 - DEBUG - SEND DATA:   lens: 49      data: || 7E 02 00 00 22 00 00 00 00 00 01 00 4B 00 00 00 00 00 00 00 03 01 DE 94 28 06 B1 96 E0 00 00 00 00 00 00 20 03 06 17 35 10 01 04 00 00 11 C5 0D 7E
2020-03-06 17:35:10,189 - DEBUG - RECV DATA:   lens: 20      data: || 7E 80 01 00 05 00 00 00 00 00 01 39 88 00 4B 02 00 00 7D 7E
2020-03-06 17:35:10,287 - DEBUG - SEND DATA:   lens: 15      data: || 7E 00 02 00 00 00 00 00 00 00 01 00 4C 4F 7E
2020-03-06 17:35:10,399 - DEBUG - RECV DATA:   lens: 20      data: || 7E 80 01 00 05 00 00 00 00 00 01 39 89 00 4C 00 02 00 7B 7E
2020-03-06 17:35:20,108 - DEBUG - SEND DATA:   lens: 49      data: || 7E 02 00 00 22 00 00 00 00 00 01 00 4D 00 00 00 00 00 00 00 03 01 DE 94 28 06 B1 96 E0 00 00 00 00 00 00 20 03 06 17 35 20 01 04 00 00 11 C6 38 7E
2020-03-06 17:35:20,201 - DEBUG - RECV DATA:   lens: 20      data: || 7E 80 01 00 05 00 00 00 00 00 01 39 8A 00 4D 02 00 00 79 7E
2020-03-06 17:35:20,215 - DEBUG - SEND DATA:   lens: 15      data: || 7E 00 02 00 00 00 00 00 00 00 01 00 4E 4D 7E
2020-03-06 17:35:20,307 - DEBUG - RECV DATA:   lens: 20      data: || 7E 80 01 00 05 00 00 00 00 00 01 39 8B 00 4E 00 02 00 7B 7E
2020-03-06 17:35:30,140 - DEBUG - SEND DATA:   lens: 49      data: || 7E 02 00 00 22 00 00 00 00 00 01 00 4F 00 00 00 00 00 00 00 03 01 DE 94 28 06 B1 96 E0 00 00 00 00 00 00 20 03 06 17 35 30 01 04 00 00 11 C7 2B 7E
2020-03-06 17:35:30,217 - DEBUG - RECV DATA:   lens: 20      data: || 7E 80 01 00 05 00 00 00 00 00 01 39 8C 00 4F 02 00 00 7D 7E
2020-03-06 17:35:30,247 - DEBUG - SEND DATA:   lens: 15      data: || 7E 00 02 00 00 00 00 00 00 00 01 00 50 53 7E
2020-03-06 17:35:30,329 - DEBUG - RECV DATA:   lens: 20      data: || 7E 80 01 00 05 00 00 00 00 00 01 39 8D 00 50 00 02 00 63 7E
2020-03-06 17:35:40,176 - DEBUG - SEND DATA:   lens: 49      data: || 7E 02 00 00 22 00 00 00 00 00 01 00 51 00 00 00 00 00 00 00 03 01 DE 94 28 06 B1 96 E0 00 00 00 00 00 00 20 03 06 17 35 40 01 04 00 00 11 C8 4A 7E
2020-03-06 17:35:40,247 - DEBUG - RECV DATA:   lens: 20      data: || 7E 80 01 00 05 00 00 00 00 00 01 39 8E 00 51 02 00 00 61 7E
2020-03-06 17:35:40,283 - DEBUG - SEND DATA:   lens: 15      data: || 7E 00 02 00 00 00 00 00 00 00 01 00 52 51 7E
2020-03-06 17:35:40,365 - DEBUG - RECV DATA:   lens: 20      data: || 7E 80 01 00 05 00 00 00 00 00 01 39 8F 00 52 00 02 00 63 7E
2020-03-06 17:35:50,197 - DEBUG - SEND DATA:   lens: 49      data: || 7E 02 00 00 22 00 00 00 00 00 01 00 53 00 00 00 00 00 00 00 03 01 DE 94 28 06 B1 96 E0 00 00 00 00 00 00 20 03 06 17 35 50 01 04 00 00 11 C9 59 7E
2020-03-06 17:35:50,295 - DEBUG - RECV DATA:   lens: 20      data: || 7E 80 01 00 05 00 00 00 00 00 01 39 90 00 53 02 00 00 7D 7E
2020-03-06 17:35:50,300 - DEBUG - SEND DATA:   lens: 15      data: || 7E 00 02 00 00 00 00 00 00 00 01 00 54 57 7E
2020-03-06 17:35:50,410 - DEBUG - RECV DATA:   lens: 20      data: || 7E 80 01 00 05 00 00 00 00 00 01 39 91 00 54 00 02 00 7B 7E
2020-03-06 17:36:00,206 - DEBUG - SEND DATA:   lens: 49      data: || 7E 02 00 00 22 00 00 00 00 00 01 00 55 00 00 00 00 00 00 00 03 01 DE 94 28 06 B1 96 E0 00 00 00 00 00 00 20 03 06 17 36 00 01 04 00 00 11 CA 0F 7E
2020-03-06 17:36:00,220 - DEBUG - RECV DATA:   lens: 20      data: || 7E 80 01 00 05 00 00 00 00 00 01 39 92 00 55 02 00 00 79 7E
2020-03-06 17:36:00,313 - DEBUG - SEND DATA:   lens: 15      data: || 7E 00 02 00 00 00 00 00 00 00 01 00 56 55 7E
2020-03-06 17:36:00,326 - DEBUG - RECV DATA:   lens: 20      data: || 7E 80 01 00 05 00 00 00 00 00 01 39 93 00 56 00 02 00 7B 7E
2020-03-06 17:36:10,221 - DEBUG - SEND DATA:   lens: 49      data: || 7E 02 00 00 22 00 00 00 00 00 01 00 57 00 00 00 00 00 00 00 03 01 DE 94 28 06 B1 96 E0 00 00 00 00 00 00 20 03 06 17 36 10 01 04 00 00 11 CB 1C 7E
2020-03-06 17:36:10,245 - DEBUG - RECV DATA:   lens: 20      data: || 7E 80 01 00 05 00 00 00 00 00 01 39 94 00 57 02 00 00 7D 7E
2020-03-06 17:36:10,327 - DEBUG - SEND DATA:   lens: 15      data: || 7E 00 02 00 00 00 00 00 00 00 01 00 58 5B 7E
2020-03-06 17:36:10,363 - DEBUG - RECV DATA:   lens: 20      data: || 7E 80 01 00 05 00 00 00 00 00 01 39 95 00 58 00 02 00 73 7E
2020-03-06 17:36:20,243 - DEBUG - SEND DATA:   lens: 49      data: || 7E 02 00 00 22 00 00 00 00 00 01 00 59 00 00 00 00 00 00 00 03 01 DE 94 28 06 B1 96 E0 00 00 00 00 00 00 20 03 06 17 36 20 01 04 00 00 11 CC 25 7E
2020-03-06 17:36:20,350 - DEBUG - SEND DATA:   lens: 15      data: || 7E 00 02 00 00 00 00 00 00 00 01 00 5A 59 7E
2020-03-06 17:36:20,376 - DEBUG - RECV DATA:   lens: 20      data: || 7E 80 01 00 05 00 00 00 00 00 01 39 96 00 59 02 00 00 71 7E
2020-03-06 17:36:20,482 - DEBUG - RECV DATA:   lens: 20      data: || 7E 80 01 00 05 00 00 00 00 00 01 39 97 00 5A 00 02 00 73 7E
2020-03-06 17:36:30,161 - DEBUG - SEND DATA:   lens: 49      data: || 7E 02 00 00 22 00 00 00 00 00 01 00 5B 00 00 00 00 00 00 00 03 01 DE 94 28 06 B1 96 E0 00 00 00 00 00 00 20 03 06 17 36 30 01 04 00 00 11 CD 36 7E
2020-03-06 17:36:30,174 - DEBUG - RECV DATA:   lens: 20      data: || 7E 80 01 00 05 00 00 00 00 00 01 39 98 00 5B 02 00 00 7D 7E
2020-03-06 17:36:30,266 - DEBUG - SEND DATA:   lens: 15      data: || 7E 00 02 00 00 00 00 00 00 00 01 00 5C 5F 7E
2020-03-06 17:36:30,385 - DEBUG - RECV DATA:   lens: 20      data: || 7E 80 01 00 05 00 00 00 00 00 01 39 99 00 5C 00 02 00 7B 7E
2020-03-06 17:36:40,197 - DEBUG - SEND DATA:   lens: 49      data: || 7E 02 00 00 22 00 00 00 00 00 01 00 5D 00 00 00 00 00 00 00 03 01 DE 94 28 06 B1 96 E0 00 00 00 00 00 00 20 03 06 17 36 40 01 04 00 00 11 CE 43 7E
2020-03-06 17:36:40,283 - DEBUG - RECV DATA:   lens: 20      data: || 7E 80 01 00 05 00 00 00 00 00 01 39 9A 00 5D 02 00 00 79 7E
2020-03-06 17:36:40,304 - DEBUG - SEND DATA:   lens: 15      data: || 7E 00 02 00 00 00 00 00 00 00 01 00 5E 5D 7E
2020-03-06 17:36:40,388 - DEBUG - RECV DATA:   lens: 20      data: || 7E 80 01 00 05 00 00 00 00 00 01 39 9B 00 5E 00 02 00 7B 7E
2020-03-06 17:36:50,225 - DEBUG - SEND DATA:   lens: 49      data: || 7E 02 00 00 22 00 00 00 00 00 01 00 5F 00 00 00 00 00 00 00 03 01 DE 94 28 06 B1 96 E0 00 00 00 00 00 00 20 03 06 17 36 50 01 04 00 00 11 CF 50 7E
2020-03-06 17:36:50,295 - DEBUG - RECV DATA:   lens: 20      data: || 7E 80 01 00 05 00 00 00 00 00 01 39 9C 00 5F 02 00 00 7D 7E
2020-03-06 17:36:50,332 - DEBUG - SEND DATA:   lens: 15      data: || 7E 00 02 00 00 00 00 00 00 00 01 00 60 63 7E
2020-03-06 17:36:50,407 - DEBUG - RECV DATA:   lens: 20      data: || 7E 80 01 00 05 00 00 00 00 00 01 39 9D 00 60 00 02 00 43 7E
2020-03-06 17:37:00,230 - DEBUG - SEND DATA:   lens: 49      data: || 7E 02 00 00 22 00 00 00 00 00 01 00 61 00 00 00 00 00 00 00 03 01 DE 94 28 06 B1 96 E0 00 00 00 00 00 00 20 03 06 17 37 00 01 04 00 00 11 D0 20 7E
2020-03-06 17:37:00,306 - DEBUG - RECV DATA:   lens: 20      data: || 7E 80 01 00 05 00 00 00 00 00 01 39 9E 00 61 02 00 00 41 7E
2020-03-06 17:37:00,337 - DEBUG - SEND DATA:   lens: 15      data: || 7E 00 02 00 00 00 00 00 00 00 01 00 62 61 7E
2020-03-06 17:37:00,419 - DEBUG - RECV DATA:   lens: 20      data: || 7E 80 01 00 05 00 00 00 00 00 01 39 9F 00 62 00 02 00 43 7E
2020-03-06 17:37:10,260 - DEBUG - SEND DATA:   lens: 49      data: || 7E 02 00 00 22 00 00 00 00 00 01 00 63 00 00 00 00 00 00 00 03 01 DE 94 28 06 B1 96 E0 00 00 00 00 00 00 20 03 06 17 37 10 01 04 00 00 11 D1 33 7E
2020-03-06 17:37:10,331 - DEBUG - RECV DATA:   lens: 20      data: || 7E 80 01 00 05 00 00 00 00 00 01 39 A0 00 63 02 00 00 7D 7E
2020-03-06 17:37:10,368 - DEBUG - SEND DATA:   lens: 15      data: || 7E 00 02 00 00 00 00 00 00 00 01 00 64 67 7E
2020-03-06 17:37:10,442 - DEBUG - RECV DATA:   lens: 20      data: || 7E 80 01 00 05 00 00 00 00 00 01 39 A1 00 64 00 02 00 7B 7E
2020-03-06 17:37:20,290 - DEBUG - SEND DATA:   lens: 49      data: || 7E 02 00 00 22 00 00 00 00 00 01 00 65 00 00 00 00 00 00 00 03 01 DE 94 28 06 B1 96 E0 00 00 00 00 00 00 20 03 06 17 37 20 01 04 00 00 11 D2 06 7E
2020-03-06 17:37:20,348 - DEBUG - RECV DATA:   lens: 20      data: || 7E 80 01 00 05 00 00 00 00 00 01 39 A2 00 65 02 00 00 79 7E
2020-03-06 17:37:20,407 - DEBUG - SEND DATA:   lens: 15      data: || 7E 00 02 00 00 00 00 00 00 00 01 00 66 65 7E
2020-03-06 17:37:20,466 - DEBUG - RECV DATA:   lens: 20      data: || 7E 80 01 00 05 00 00 00 00 00 01 39 A3 00 66 00 02 00 7B 7E
2020-03-06 17:37:30,213 - DEBUG - SEND DATA:   lens: 49      data: || 7E 02 00 00 22 00 00 00 00 00 01 00 67 00 00 00 00 00 00 00 03 01 DE 94 28 06 B1 96 E0 00 00 00 00 00 00 20 03 06 17 37 30 01 04 00 00 11 D3 15 7E
2020-03-06 17:37:30,276 - DEBUG - RECV DATA:   lens: 20      data: || 7E 80 01 00 05 00 00 00 00 00 01 39 A4 00 67 02 00 00 7D 7E
2020-03-06 17:37:30,319 - DEBUG - SEND DATA:   lens: 15      data: || 7E 00 02 00 00 00 00 00 00 00 01 00 68 6B 7E
2020-03-06 17:37:30,382 - DEBUG - RECV DATA:   lens: 20      data: || 7E 80 01 00 05 00 00 00 00 00 01 39 A5 00 68 00 02 00 73 7E
2020-03-06 17:37:40,239 - DEBUG - SEND DATA:   lens: 49      data: || 7E 02 00 00 22 00 00 00 00 00 01 00 69 00 00 00 00 00 00 00 03 01 DE 94 28 06 B1 96 E0 00 00 00 00 00 00 20 03 06 17 37 40 01 04 00 00 11 D4 6C 7E
2020-03-06 17:37:40,294 - DEBUG - RECV DATA:   lens: 20      data: || 7E 80 01 00 05 00 00 00 00 00 01 39 A6 00 69 02 00 00 71 7E
2020-03-06 17:37:40,346 - DEBUG - SEND DATA:   lens: 15      data: || 7E 00 02 00 00 00 00 00 00 00 01 00 6A 69 7E
2020-03-06 17:37:40,401 - DEBUG - RECV DATA:   lens: 20      data: || 7E 80 01 00 05 00 00 00 00 00 01 39 A7 00 6A 00 02 00 73 7E
2020-03-06 17:37:50,270 - DEBUG - SEND DATA:   lens: 49      data: || 7E 02 00 00 22 00 00 00 00 00 01 00 6B 00 00 00 00 00 00 00 03 01 DE 94 28 06 B1 96 E0 00 00 00 00 00 00 20 03 06 17 37 50 01 04 00 00 11 D5 7F 7E
2020-03-06 17:37:50,303 - DEBUG - RECV DATA:   lens: 20      data: || 7E 80 01 00 05 00 00 00 00 00 01 39 A8 00 6B 02 00 00 7D 7E
2020-03-06 17:37:50,376 - DEBUG - SEND DATA:   lens: 15      data: || 7E 00 02 00 00 00 00 00 00 00 01 00 6C 6F 7E
2020-03-06 17:37:50,415 - DEBUG - RECV DATA:   lens: 20      data: || 7E 80 01 00 05 00 00 00 00 00 01 39 A9 00 6C 00 02 00 7B 7E
2020-03-06 17:38:00,305 - DEBUG - SEND DATA:   lens: 49      data: || 7E 02 00 00 22 00 00 00 00 00 01 00 6D 00 00 00 00 00 00 00 03 01 DE 94 28 06 B1 96 E0 00 00 00 00 00 00 20 03 06 17 38 00 01 04 00 00 11 D6 25 7E
2020-03-06 17:38:00,336 - DEBUG - RECV DATA:   lens: 20      data: || 7E 80 01 00 05 00 00 00 00 00 01 39 AA 00 6D 02 00 00 79 7E
2020-03-06 17:38:00,424 - DEBUG - SEND DATA:   lens: 15      data: || 7E 00 02 00 00 00 00 00 00 00 01 00 6E 6D 7E
2020-03-06 17:38:00,541 - DEBUG - RECV DATA:   lens: 20      data: || 7E 80 01 00 05 00 00 00 00 00 01 39 AB 00 6E 00 02 00 7B 7E
2020-03-06 17:38:10,228 - DEBUG - SEND DATA:   lens: 49      data: || 7E 02 00 00 22 00 00 00 00 00 01 00 6F 00 00 00 00 00 00 00 03 01 DE 94 28 06 B1 96 E0 00 00 00 00 00 00 20 03 06 17 38 10 01 04 00 00 11 D7 36 7E
2020-03-06 17:38:10,239 - DEBUG - RECV DATA:   lens: 20      data: || 7E 80 01 00 05 00 00 00 00 00 01 39 AC 00 6F 02 00 00 7D 7E
2020-03-06 17:38:10,335 - DEBUG - SEND DATA:   lens: 15      data: || 7E 00 02 00 00 00 00 00 00 00 01 00 70 73 7E
2020-03-06 17:38:10,448 - DEBUG - RECV DATA:   lens: 20      data: || 7E 80 01 00 05 00 00 00 00 00 01 39 AD 00 70 00 02 00 63 7E
2020-03-06 17:38:20,263 - DEBUG - SEND DATA:   lens: 49      data: || 7E 02 00 00 22 00 00 00 00 00 01 00 71 00 00 00 00 00 00 00 03 01 DE 94 28 06 B1 96 E0 00 00 00 00 00 00 20 03 06 17 38 20 01 04 00 00 11 D8 17 7E
2020-03-06 17:38:20,357 - DEBUG - RECV DATA:   lens: 20      data: || 7E 80 01 00 05 00 00 00 00 00 01 39 AE 00 71 02 00 00 61 7E
2020-03-06 17:38:20,370 - DEBUG - SEND DATA:   lens: 15      data: || 7E 00 02 00 00 00 00 00 00 00 01 00 72 71 7E
2020-03-06 17:38:20,464 - DEBUG - RECV DATA:   lens: 20      data: || 7E 80 01 00 05 00 00 00 00 00 01 39 AF 00 72 00 02 00 63 7E
2020-03-06 17:38:30,299 - DEBUG - SEND DATA:   lens: 49      data: || 7E 02 00 00 22 00 00 00 00 00 01 00 73 00 00 00 00 00 00 00 03 01 DE 94 28 06 B1 96 E0 00 00 00 00 00 00 20 03 06 17 38 30 01 04 00 00 11 D9 04 7E
2020-03-06 17:38:30,380 - DEBUG - RECV DATA:   lens: 20      data: || 7E 80 01 00 05 00 00 00 00 00 01 39 B0 00 73 02 00 00 7D 7E
2020-03-06 17:38:30,406 - DEBUG - SEND DATA:   lens: 15      data: || 7E 00 02 00 00 00 00 00 00 00 01 00 74 77 7E
2020-03-06 17:38:30,492 - DEBUG - RECV DATA:   lens: 20      data: || 7E 80 01 00 05 00 00 00 00 00 01 39 B1 00 74 00 02 00 7B 7E
2020-03-06 17:38:40,318 - DEBUG - SEND DATA:   lens: 49      data: || 7E 02 00 00 22 00 00 00 00 00 01 00 75 00 00 00 00 00 00 00 03 01 DE 94 28 06 B1 96 E0 00 00 00 00 00 00 20 03 06 17 38 40 01 04 00 00 11 DA 71 7E
2020-03-06 17:38:40,396 - DEBUG - RECV DATA:   lens: 20      data: || 7E 80 01 00 05 00 00 00 00 00 01 39 B2 00 75 02 00 00 79 7E
2020-03-06 17:38:40,425 - DEBUG - SEND DATA:   lens: 15      data: || 7E 00 02 00 00 00 00 00 00 00 01 00 76 75 7E
2020-03-06 17:38:40,503 - DEBUG - RECV DATA:   lens: 20      data: || 7E 80 01 00 05 00 00 00 00 00 01 39 B3 00 76 00 02 00 7B 7E
2020-03-06 17:38:50,340 - DEBUG - SEND DATA:   lens: 49      data: || 7E 02 00 00 22 00 00 00 00 00 01 00 77 00 00 00 00 00 00 00 03 01 DE 94 28 06 B1 96 E0 00 00 00 00 00 00 20 03 06 17 38 50 01 04 00 00 11 DB 62 7E
2020-03-06 17:38:50,411 - DEBUG - RECV DATA:   lens: 20      data: || 7E 80 01 00 05 00 00 00 00 00 01 39 B4 00 77 02 00 00 7D 7E
2020-03-06 17:38:50,457 - DEBUG - SEND DATA:   lens: 15      data: || 7E 00 02 00 00 00 00 00 00 00 01 00 78 7B 7E
2020-03-06 17:38:50,523 - DEBUG - RECV DATA:   lens: 20      data: || 7E 80 01 00 05 00 00 00 00 00 01 39 B5 00 78 00 02 00 73 7E
2020-03-06 17:39:00,270 - DEBUG - SEND DATA:   lens: 49      data: || 7E 02 00 00 22 00 00 00 00 00 01 00 79 00 00 00 00 00 00 00 03 01 DE 94 28 06 B1 96 E0 00 00 00 00 00 00 20 03 06 17 39 00 01 04 00 00 11 DC 3A 7E
2020-03-06 17:39:00,327 - DEBUG - RECV DATA:   lens: 20      data: || 7E 80 01 00 05 00 00 00 00 00 01 39 B6 00 79 02 00 00 71 7E
2020-03-06 17:39:00,377 - DEBUG - SEND DATA:   lens: 15      data: || 7E 00 02 00 00 00 00 00 00 00 01 00 7A 79 7E
2020-03-06 17:39:00,433 - DEBUG - RECV DATA:   lens: 20      data: || 7E 80 01 00 05 00 00 00 00 00 01 39 B7 00 7A 00 02 00 73 7E
2020-03-06 17:39:10,289 - DEBUG - SEND DATA:   lens: 49      data: || 7E 02 00 00 22 00 00 00 00 00 01 00 7B 00 00 00 00 00 00 00 03 01 DE 94 28 06 B1 96 E0 00 00 00 00 00 00 20 03 06 17 39 10 01 04 00 00 11 DD 29 7E
2020-03-06 17:39:10,344 - DEBUG - RECV DATA:   lens: 20      data: || 7E 80 01 00 05 00 00 00 00 00 01 39 B8 00 7B 02 00 00 7D 7E
2020-03-06 17:39:10,396 - DEBUG - SEND DATA:   lens: 15      data: || 7E 00 02 00 00 00 00 00 00 00 01 00 7C 7F 7E
2020-03-06 17:39:10,452 - DEBUG - RECV DATA:   lens: 20      data: || 7E 80 01 00 05 00 00 00 00 00 01 39 B9 00 7C 00 02 00 7B 7E
2020-03-06 17:39:20,312 - DEBUG - SEND DATA:   lens: 49      data: || 7E 02 00 00 22 00 00 00 00 00 01 00 7D 00 00 00 00 00 00 00 03 01 DE 94 28 06 B1 96 E0 00 00 00 00 00 00 20 03 06 17 39 20 01 04 00 00 11 DE 1C 7E
2020-03-06 17:39:20,357 - DEBUG - RECV DATA:   lens: 20      data: || 7E 80 01 00 05 00 00 00 00 00 01 39 BA 00 7D 02 00 00 79 7E
2020-03-06 17:39:20,419 - DEBUG - SEND DATA:   lens: 15      data: || 7E 00 02 00 00 00 00 00 00 00 01 00 7E 7D 7E
2020-03-06 17:39:20,464 - DEBUG - RECV DATA:   lens: 20      data: || 7E 80 01 00 05 00 00 00 00 00 01 39 BB 00 7E 00 02 00 7B 7E
2020-03-06 17:39:30,350 - DEBUG - SEND DATA:   lens: 49      data: || 7E 02 00 00 22 00 00 00 00 00 01 00 7F 00 00 00 00 00 00 00 03 01 DE 94 28 06 B1 96 E0 00 00 00 00 00 00 20 03 06 17 39 30 01 04 00 00 11 DF 0F 7E
2020-03-06 17:39:30,380 - DEBUG - RECV DATA:   lens: 20      data: || 7E 80 01 00 05 00 00 00 00 00 01 39 BC 00 7F 02 00 00 7D 7E
2020-03-06 17:39:30,457 - DEBUG - SEND DATA:   lens: 15      data: || 7E 00 02 00 00 00 00 00 00 00 01 00 80 83 7E
2020-03-06 17:39:30,493 - DEBUG - RECV DATA:   lens: 20      data: || 7E 80 01 00 05 00 00 00 00 00 01 39 BD 00 80 00 02 00 83 7E
2020-03-06 17:39:40,371 - DEBUG - SEND DATA:   lens: 49      data: || 7E 02 00 00 22 00 00 00 00 00 01 00 81 00 00 00 00 00 00 00 03 01 DE 94 28 06 B1 96 E0 00 00 00 00 00 00 20 03 06 17 39 40 01 04 00 00 11 E0 BE 7E
2020-03-06 17:39:40,411 - DEBUG - RECV DATA:   lens: 20      data: || 7E 80 01 00 05 00 00 00 00 00 01 39 BE 00 81 02 00 00 81 7E
2020-03-06 17:39:40,479 - DEBUG - SEND DATA:   lens: 15      data: || 7E 00 02 00 00 00 00 00 00 00 01 00 82 81 7E
2020-03-06 17:39:40,523 - DEBUG - RECV DATA:   lens: 20      data: || 7E 80 01 00 05 00 00 00 00 00 01 39 BF 00 82 00 02 00 83 7E
2020-03-06 17:39:50,292 - DEBUG - SEND DATA:   lens: 49      data: || 7E 02 00 00 22 00 00 00 00 00 01 00 83 00 00 00 00 00 00 00 03 01 DE 94 28 06 B1 96 E0 00 00 00 00 00 00 20 03 06 17 39 50 01 04 00 00 11 E1 AD 7E
2020-03-06 17:39:50,323 - DEBUG - RECV DATA:   lens: 20      data: || 7E 80 01 00 05 00 00 00 00 00 01 39 C0 00 83 02 00 00 FD 7E
2020-03-06 17:39:50,399 - DEBUG - SEND DATA:   lens: 15      data: || 7E 00 02 00 00 00 00 00 00 00 01 00 84 87 7E
2020-03-06 17:39:50,538 - DEBUG - RECV DATA:   lens: 20      data: || 7E 80 01 00 05 00 00 00 00 00 01 39 C1 00 84 00 02 00 FB 7E
2020-03-06 17:40:00,320 - DEBUG - SEND DATA:   lens: 49      data: || 7E 02 00 00 22 00 00 00 00 00 01 00 85 00 00 00 00 00 00 00 03 01 DE 94 40 06 B1 96 E8 00 00 00 32 00 00 20 03 06 17 40 00 01 04 00 00 11 E2 D3 7E
2020-03-06 17:40:00,344 - DEBUG - RECV DATA:   lens: 20      data: || 7E 80 01 00 05 00 00 00 00 00 01 39 C2 00 85 02 00 00 F9 7E
2020-03-06 17:40:00,427 - DEBUG - SEND DATA:   lens: 15      data: || 7E 00 02 00 00 00 00 00 00 00 01 00 86 85 7E
2020-03-06 17:40:00,452 - DEBUG - RECV DATA:   lens: 20      data: || 7E 80 01 00 05 00 00 00 00 00 01 39 C3 00 86 00 02 00 FB 7E
2020-03-06 17:40:10,343 - DEBUG - SEND DATA:   lens: 49      data: || 7E 02 00 00 22 00 00 00 00 00 01 00 87 00 00 00 00 00 00 00 03 01 DE 95 7A 06 B1 96 C0 00 00 00 A0 00 00 20 03 06 17 40 10 01 04 00 00 11 E3 41 7E
2020-03-06 17:40:10,371 - DEBUG - RECV DATA:   lens: 20      data: || 7E 80 01 00 05 00 00 00 00 00 01 39 C4 00 87 02 00 00 FD 7E
2020-03-06 17:40:10,450 - DEBUG - SEND DATA:   lens: 15      data: || 7E 00 02 00 00 00 00 00 00 00 01 00 88 8B 7E
2020-03-06 17:40:10,581 - DEBUG - RECV DATA:   lens: 20      data: || 7E 80 01 00 05 00 00 00 00 00 01 39 C5 00 88 00 02 00 F3 7E
2020-03-06 17:40:20,369 - DEBUG - SEND DATA:   lens: 49      data: || 7E 02 00 00 22 00 00 00 00 00 01 00 89 00 00 00 00 00 00 00 03 01 DE 97 30 06 B1 96 A0 00 00 00 D2 00 00 20 03 06 17 40 20 01 04 00 00 11 E4 22 7E
2020-03-06 17:40:20,395 - DEBUG - RECV DATA:   lens: 20      data: || 7E 80 01 00 05 00 00 00 00 00 01 39 C6 00 89 02 00 00 F1 7E
2020-03-06 17:40:20,475 - DEBUG - SEND DATA:   lens: 15      data: || 7E 00 02 00 00 00 00 00 00 00 01 00 8A 89 7E
2020-03-06 17:40:20,610 - DEBUG - RECV DATA:   lens: 20      data: || 7E 80 01 00 05 00 00 00 00 00 01 39 C7 00 8A 00 02 00 F3 7E
2020-03-06 17:40:30,392 - DEBUG - SEND DATA:   lens: 49      data: || 7E 02 00 00 22 00 00 00 00 00 01 00 8B 00 00 00 00 00 00 00 03 01 DE 99 A0 06 B1 96 68 00 00 00 FA 00 00 20 03 06 17 40 30 01 04 00 00 11 E5 4F 7E
2020-03-06 17:40:30,415 - DEBUG - RECV DATA:   lens: 20      data: || 7E 80 01 00 05 00 00 00 00 00 01 39 C8 00 8B 02 00 00 FD 7E
2020-03-06 17:40:30,499 - DEBUG - SEND DATA:   lens: 15      data: || 7E 00 02 00 00 00 00 00 00 00 01 00 8C 8F 7E
2020-03-06 17:40:30,528 - DEBUG - RECV DATA:   lens: 20      data: || 7E 80 01 00 05 00 00 00 00 00 01 39 C9 00 8C 00 02 00 FB 7E
2020-03-06 17:40:40,318 - DEBUG - SEND DATA:   lens: 49      data: || 7E 02 00 00 22 00 00 00 00 00 01 00 8D 00 00 00 00 00 00 00 03 01 DE 9C 3C 06 B1 96 48 00 00 01 04 00 00 20 03 06 17 40 40 01 04 00 00 11 E6 7C 7E
2020-03-06 17:40:40,330 - DEBUG - RECV DATA:   lens: 20      data: || 7E 80 01 00 05 00 00 00 00 00 01 39 CA 00 8D 02 00 00 F9 7E
2020-03-06 17:40:40,425 - DEBUG - SEND DATA:   lens: 15      data: || 7E 00 02 00 00 00 00 00 00 00 01 00 8E 8D 7E
2020-03-06 17:40:40,538 - DEBUG - RECV DATA:   lens: 20      data: || 7E 80 01 00 05 00 00 00 00 00 01 39 CB 00 8E 00 02 00 FB 7E
2020-03-06 17:40:50,342 - DEBUG - SEND DATA:   lens: 49      data: || 7E 02 00 00 22 00 00 00 00 00 01 00 8F 00 00 00 00 00 00 00 03 01 DE 9E DA 06 B1 96 20 00 00 01 04 00 00 20 03 06 17 40 50 01 04 00 00 11 E7 E3 7E
2020-03-06 17:40:50,355 - DEBUG - RECV DATA:   lens: 20      data: || 7E 80 01 00 05 00 00 00 00 00 01 39 CC 00 8F 02 00 00 FD 7E
2020-03-06 17:40:50,449 - DEBUG - SEND DATA:   lens: 15      data: || 7E 00 02 00 00 00 00 00 00 00 01 00 90 93 7E
2020-03-06 17:40:50,484 - DEBUG - RECV DATA:   lens: 20      data: || 7E 80 01 00 05 00 00 00 00 00 01 39 CD 00 90 00 02 00 E3 7E
2020-03-06 17:41:00,375 - DEBUG - SEND DATA:   lens: 49      data: || 7E 02 00 00 22 00 00 00 00 00 01 00 91 00 00 00 00 00 00 00 03 01 DE A1 5E 06 B1 95 D8 00 00 01 04 00 00 20 03 06 17 41 00 01 04 00 00 11 E8 E3 7E
2020-03-06 17:41:00,398 - DEBUG - RECV DATA:   lens: 20      data: || 7E 80 01 00 05 00 00 00 00 00 01 39 CE 00 91 02 00 00 E1 7E
2020-03-06 17:41:00,482 - DEBUG - SEND DATA:   lens: 15      data: || 7E 00 02 00 00 00 00 00 00 00 01 00 92 91 7E
2020-03-06 17:41:00,607 - DEBUG - RECV DATA:   lens: 20      data: || 7E 80 01 00 05 00 00 00 00 00 01 39 CF 00 92 00 02 00 E3 7E
2020-03-06 17:41:10,389 - DEBUG - SEND DATA:   lens: 49      data: || 7E 02 00 00 22 00 00 00 00 00 01 00 93 00 00 00 00 00 00 00 03 01 DE A4 1A 06 B1 95 B8 00 00 01 0E 00 00 20 03 06 17 41 10 01 04 00 00 11 E9 DB 7E
2020-03-06 17:41:10,422 - DEBUG - RECV DATA:   lens: 20      data: || 7E 80 01 00 05 00 00 00 00 00 01 39 D0 00 93 02 00 00 FD 7E
2020-03-06 17:41:10,495 - DEBUG - SEND DATA:   lens: 15      data: || 7E 00 02 00 00 00 00 00 00 00 01 00 94 97 7E
2020-03-06 17:41:10,527 - DEBUG - RECV DATA:   lens: 20      data: || 7E 80 01 00 05 00 00 00 00 00 01 39 D1 00 94 00 02 00 FB 7E
2020-03-06 17:41:20,404 - DEBUG - SEND DATA:   lens: 49      data: || 7E 02 00 00 22 00 00 00 00 00 01 00 95 00 00 00 00 00 00 00 03 01 DE A6 CC 06 B1 95 58 00 00 01 18 00 00 20 03 06 17 41 20 01 04 00 00 11 EA CC 7E
2020-03-06 17:41:20,441 - DEBUG - RECV DATA:   lens: 20      data: || 7E 80 01 00 05 00 00 00 00 00 01 39 D2 00 95 02 00 00 F9 7E
2020-03-06 17:41:20,511 - DEBUG - SEND DATA:   lens: 15      data: || 7E 00 02 00 00 00 00 00 00 00 01 00 96 95 7E
2020-03-06 17:41:20,547 - DEBUG - RECV DATA:   lens: 20      data: || 7E 80 01 00 05 00 00 00 00 00 01 39 D3 00 96 00 02 00 FB 7E
2020-03-06 17:41:30,443 - DEBUG - SEND DATA:   lens: 49      data: || 7E 02 00 00 22 00 00 00 00 00 01 00 97 00 00 00 00 00 00 00 03 01 DE A9 E6 06 B1 95 18 00 00 01 5E 00 00 20 03 06 17 41 30 01 04 00 00 11 EB FC 7E
2020-03-06 17:41:30,467 - DEBUG - RECV DATA:   lens: 20      data: || 7E 80 01 00 05 00 00 00 00 00 01 39 D4 00 97 02 00 00 FD 7E
2020-03-06 17:41:30,555 - DEBUG - SEND DATA:   lens: 15      data: || 7E 00 02 00 00 00 00 00 00 00 01 00 98 9B 7E
2020-03-06 17:41:30,578 - DEBUG - RECV DATA:   lens: 20      data: || 7E 80 01 00 05 00 00 00 00 00 01 39 D5 00 98 00 02 00 F3 7E
2020-03-06 17:41:40,371 - DEBUG - SEND DATA:   lens: 49      data: || 7E 02 00 00 22 00 00 00 00 00 01 00 99 00 00 00 00 00 00 00 03 01 DE AD A6 06 B1 94 C8 00 00 01 90 00 00 20 03 06 17 41 40 01 04 00 00 11 EC DE 7E
2020-03-06 17:41:40,378 - DEBUG - RECV DATA:   lens: 20      data: || 7E 80 01 00 05 00 00 00 00 00 01 39 D6 00 99 02 00 00 F1 7E
2020-03-06 17:41:40,478 - DEBUG - SEND DATA:   lens: 15      data: || 7E 00 02 00 00 00 00 00 00 00 01 00 9A 99 7E
2020-03-06 17:41:40,591 - DEBUG - RECV DATA:   lens: 20      data: || 7E 80 01 00 05 00 00 00 00 00 01 39 D7 00 9A 00 02 00 F3 7E
2020-03-06 17:41:50,406 - DEBUG - SEND DATA:   lens: 49      data: || 7E 02 00 00 22 00 00 00 00 00 01 00 9B 00 00 00 00 00 00 00 03 01 DE B1 78 06 B1 94 E8 00 00 01 72 00 00 20 03 06 17 41 50 01 04 00 00 11 ED CD 7E
2020-03-06 17:41:50,503 - DEBUG - RECV DATA:   lens: 20      data: || 7E 80 01 00 05 00 00 00 00 00 01 39 D8 00 9B 02 00 00 FD 7E
2020-03-06 17:41:50,509 - DEBUG - SEND DATA:   lens: 15      data: || 7E 00 02 00 00 00 00 00 00 00 01 00 9C 9F 7E
2020-03-06 17:41:50,615 - DEBUG - RECV DATA:   lens: 20      data: || 7E 80 01 00 05 00 00 00 00 00 01 39 D9 00 9C 00 02 00 FB 7E
2020-03-06 17:42:00,428 - DEBUG - SEND DATA:   lens: 49      data: || 7E 02 00 00 22 00 00 00 00 00 01 00 9D 00 00 00 00 00 00 00 03 01 DE B5 5C 06 B1 95 48 00 00 01 B8 00 00 20 03 06 17 42 00 01 04 00 00 11 EE D0 7E
2020-03-06 17:42:00,441 - DEBUG - RECV DATA:   lens: 20      data: || 7E 80 01 00 05 00 00 00 00 00 01 39 DA 00 9D 02 00 00 F9 7E
2020-03-06 17:42:00,535 - DEBUG - SEND DATA:   lens: 15      data: || 7E 00 02 00 00 00 00 00 00 00 01 00 9E 9D 7E
2020-03-06 17:42:00,654 - DEBUG - RECV DATA:   lens: 20      data: || 7E 80 01 00 05 00 00 00 00 00 01 39 DB 00 9E 00 02 00 FB 7E
2020-03-06 17:42:10,464 - DEBUG - SEND DATA:   lens: 49      data: || 7E 02 00 00 22 00 00 00 00 00 01 00 9F 00 00 00 00 00 00 00 03 01 DE B9 B2 06 B1 96 58 00 00 01 C2 00 00 20 03 06 17 42 10 01 04 00 00 11 EF 48 7E
2020-03-06 17:42:10,558 - DEBUG - RECV DATA:   lens: 20      data: || 7E 80 01 00 05 00 00 00 00 00 01 39 DC 00 9F 02 00 00 FD 7E
2020-03-06 17:42:10,564 - DEBUG - SEND DATA:   lens: 15      data: || 7E 00 02 00 00 00 00 00 00 00 01 00 A0 A3 7E
2020-03-06 17:42:10,670 - DEBUG - RECV DATA:   lens: 20      data: || 7E 80 01 00 05 00 00 00 00 00 01 39 DD 00 A0 00 02 00 C3 7E
2020-03-06 17:42:20,486 - DEBUG - SEND DATA:   lens: 49      data: || 7E 02 00 00 22 00 00 00 00 00 01 00 A1 00 00 00 00 00 00 00 03 01 DE BD BC 06 B1 98 18 00 00 01 D6 00 00 20 03 06 17 42 20 01 04 00 00 11 F0 09 7E
2020-03-06 17:42:20,574 - DEBUG - RECV DATA:   lens: 20      data: || 7E 80 01 00 05 00 00 00 00 00 01 39 DE 00 A1 02 00 00 C1 7E
2020-03-06 17:42:20,604 - DEBUG - SEND DATA:   lens: 15      data: || 7E 00 02 00 00 00 00 00 00 00 01 00 A2 A1 7E
2020-03-06 17:42:20,687 - DEBUG - RECV DATA:   lens: 20      data: || 7E 80 01 00 05 00 00 00 00 00 01 39 DF 00 A2 00 02 00 C3 7E
