2020-03-09 19:21:25,351 - DEBUG - Read excel Thread start ... 
2020-03-09 19:21:25,352 - DEBUG - ====================================================================================================
2020-03-09 19:21:25,352 - DEBUG - 【 Data Server 】 ('172.16.100.164', 8888) ('172.16.100.164', 64839) Connected ...
2020-03-09 19:21:25,353 - DEBUG - 【 Data Server 】 Recv Thread start...
2020-03-09 19:21:25,353 - DEBUG - 【 Data Server 】 Parse Thread start...
2020-03-09 19:21:25,365 - DEBUG - 【 Data Server 】 Send Thread start...
2020-03-09 19:21:25,377 - DEBUG - 【 Data Server 】 Upload Location Thread start ... 
2020-03-09 19:21:25,579 - DEBUG - SEND DATA:   lens: 49      data: || 7E 02 00 00 22 00 00 00 00 00 01 00 01 00 00 00 00 00 00 00 03 01 E0 BF D4 06 B1 A2 A0 00 00 00 C8 00 00 20 03 09 19 21 25 01 04 00 00 12 C5 31 7E
2020-03-09 19:21:25,713 - DEBUG - SEND DATA:   lens: 15      data: || 7E 00 02 00 00 00 00 00 00 00 01 00 02 01 7E
2020-03-09 19:21:25,875 - DEBUG - RECV DATA:   lens: 20      data: || 7E 80 01 00 05 00 02 18 51 06 24 00 01 00 01 02 00 00 EF 7E
2020-03-09 19:21:26,007 - DEBUG - RECV DATA:   lens: 20      data: || 7E 80 01 00 05 00 02 18 51 06 24 00 02 00 02 00 02 00 EF 7E
2020-03-09 19:21:26,680 - DEBUG - SEND DATA:   lens: 92      data: || 7E 02 00 00 4D 00 00 00 00 00 01 00 03 00 00 00 00 00 00 00 03 01 57 CB 96 06 CA 96 28 00 50 02 26 00 00 20 03 09 19 21 26 64 2F 00 00 00 01 00 01 02 32 03 00 00 00 37 00 50 01 57 CB 96 06 CA 96 28 20 03 09 19 21 26 00 01 00 00 00 00 00 00 01 20 03 09 19 21 26 01 04 00 14 7E
2020-03-09 19:21:26,757 - DEBUG - RECV DATA:   lens: 98      data: || 7E 92 08 00 53 00 02 18 51 06 24 00 03 0E 31 37 32 2E 31 36 2E 31 30 30 2E 31 36 34 1F 40 00 00 00 00 00 00 00 00 01 20 03 09 19 21 26 01 04 00 31 35 38 33 37 35 32 38 38 36 37 30 37 36 37 32 31 35 38 33 37 35 32 38 38 36 37 30 37 36 37 32 00 00 00 00 00 00 00 00 00 00 00 00 00 00 00 00 DD 7E
2020-03-09 19:21:26,781 - DEBUG - ―――――― 收到服务器地址 ――――――
2020-03-09 19:21:26,805 - DEBUG - 服务器IP： 172.16.100.164
2020-03-09 19:21:26,811 - DEBUG - SEND DATA:   lens: 20      data: || 7E 00 01 00 05 00 02 18 51 06 24 00 04 00 03 92 08 00 F0 7E
2020-03-09 19:21:26,835 - DEBUG - TCP端口： 8000
2020-03-09 19:21:26,889 - DEBUG - UDP端口： 0
2020-03-09 19:21:26,907 - DEBUG - 报警标识： 00000000000001200309192126010400
2020-03-09 19:21:26,931 - DEBUG - 报警编号： 3135383337353238383637303736373231353833373532383836373037363732
2020-03-09 19:21:26,955 - DEBUG - ―――――― END ――――――
2020-03-09 19:21:26,996 - DEBUG - ====================================================================================================
2020-03-09 19:21:27,091 - DEBUG - RECV DATA:   lens: 20      data: || 7E 80 01 00 05 00 02 18 51 06 24 00 04 00 03 02 00 00 E8 7E
2020-03-09 19:21:28,247 - ERROR - 十六进制转整型数据出错。
2020-03-09 19:21:28,282 - DEBUG - 补传内容： 
2020-03-09 19:21:29,070 - ERROR - 十六进制转整型数据出错。
2020-03-09 19:21:29,112 - DEBUG - 补传内容： 
2020-03-09 19:21:30,133 - ERROR - 十六进制转整型数据出错。
2020-03-09 19:21:30,189 - DEBUG - 补传内容： 
2020-03-09 19:21:35,548 - DEBUG - SEND DATA:   lens: 49      data: || 7E 02 00 00 22 00 00 00 00 00 01 00 0E 00 00 00 00 00 00 00 03 01 E0 C1 0E 06 B1 A2 20 00 00 00 64 00 00 20 03 09 19 21 35 01 04 00 00 12 C6 A5 7E
2020-03-09 19:21:35,595 - DEBUG - RECV DATA:   lens: 20      data: || 7E 80 01 00 05 00 02 18 51 06 24 00 0E 00 0E 02 00 00 EF 7E
2020-03-09 19:21:35,654 - DEBUG - SEND DATA:   lens: 15      data: || 7E 00 02 00 00 00 00 00 00 00 01 00 0F 0C 7E
2020-03-09 19:21:35,708 - DEBUG - RECV DATA:   lens: 20      data: || 7E 80 01 00 05 00 02 18 51 06 24 00 0F 00 0F 00 02 00 EF 7E
2020-03-09 19:21:45,575 - DEBUG - SEND DATA:   lens: 49      data: || 7E 02 00 00 22 00 00 00 00 00 01 00 10 00 00 00 00 00 00 00 03 01 E0 C1 EA 06 B1 A1 B0 00 00 00 6E 00 00 20 03 09 19 21 45 01 04 00 00 12 C7 B7 7E
2020-03-09 19:21:45,628 - DEBUG - RECV DATA:   lens: 20      data: || 7E 80 01 00 05 00 02 18 51 06 24 00 10 00 10 02 00 00 EF 7E
2020-03-09 19:21:45,681 - DEBUG - SEND DATA:   lens: 15      data: || 7E 00 02 00 00 00 00 00 00 00 01 00 11 12 7E
2020-03-09 19:21:45,739 - DEBUG - RECV DATA:   lens: 20      data: || 7E 80 01 00 05 00 02 18 51 06 24 00 11 00 11 00 02 00 EF 7E
2020-03-09 19:21:55,607 - DEBUG - SEND DATA:   lens: 49      data: || 7E 02 00 00 22 00 00 00 00 00 01 00 12 00 00 00 00 00 00 00 03 01 E0 C3 26 06 B1 A1 10 00 00 00 78 00 00 20 03 09 19 21 55 01 04 00 00 12 C8 D2 7E
2020-03-09 19:21:55,657 - DEBUG - RECV DATA:   lens: 20      data: || 7E 80 01 00 05 00 02 18 51 06 24 00 12 00 12 02 00 00 EF 7E
2020-03-09 19:21:55,718 - DEBUG - SEND DATA:   lens: 15      data: || 7E 00 02 00 00 00 00 00 00 00 01 00 13 10 7E
2020-03-09 19:21:55,769 - DEBUG - RECV DATA:   lens: 20      data: || 7E 80 01 00 05 00 02 18 51 06 24 00 13 00 13 00 02 00 EF 7E
2020-03-09 19:22:05,535 - DEBUG - SEND DATA:   lens: 49      data: || 7E 02 00 00 22 00 00 00 00 00 01 00 14 00 00 00 00 00 00 00 03 01 E0 C4 28 06 B1 A0 78 00 00 00 64 00 00 20 03 09 19 22 05 01 04 00 00 12 C9 FA 7E
2020-03-09 19:22:05,585 - DEBUG - RECV DATA:   lens: 20      data: || 7E 80 01 00 05 00 02 18 51 06 24 00 14 00 14 02 00 00 EF 7E
2020-03-09 19:22:05,642 - DEBUG - SEND DATA:   lens: 15      data: || 7E 00 02 00 00 00 00 00 00 00 01 00 15 16 7E
2020-03-09 19:22:05,693 - DEBUG - RECV DATA:   lens: 20      data: || 7E 80 01 00 05 00 02 18 51 06 24 00 15 00 15 00 02 00 EF 7E
2020-03-09 19:22:15,593 - DEBUG - SEND DATA:   lens: 49      data: || 7E 02 00 00 22 00 00 00 00 00 01 00 16 00 00 00 00 00 00 00 03 01 E0 C5 70 06 B1 9F E8 00 00 00 C8 00 00 20 03 09 19 22 15 01 04 00 00 12 CA B1 7E
2020-03-09 19:22:15,684 - DEBUG - RECV DATA:   lens: 20      data: || 7E 80 01 00 05 00 02 18 51 06 24 00 16 00 16 02 00 00 EF 7E
2020-03-09 19:22:15,699 - DEBUG - SEND DATA:   lens: 15      data: || 7E 00 02 00 00 00 00 00 00 00 01 00 17 14 7E
2020-03-09 19:22:15,796 - DEBUG - RECV DATA:   lens: 20      data: || 7E 80 01 00 05 00 02 18 51 06 24 00 17 00 17 00 02 00 EF 7E
2020-03-09 19:22:25,532 - DEBUG - SEND DATA:   lens: 49      data: || 7E 02 00 00 22 00 00 00 00 00 01 00 18 00 00 00 00 00 00 00 03 01 E0 C7 A6 06 B1 9E 80 00 00 01 0E 00 00 20 03 09 19 22 25 01 04 00 00 12 CB F4 7E
2020-03-09 19:22:25,613 - DEBUG - RECV DATA:   lens: 20      data: || 7E 80 01 00 05 00 02 18 51 06 24 00 18 00 18 02 00 00 EF 7E
2020-03-09 19:22:25,638 - DEBUG - SEND DATA:   lens: 15      data: || 7E 00 02 00 00 00 00 00 00 00 01 00 19 1A 7E
2020-03-09 19:22:25,719 - DEBUG - RECV DATA:   lens: 20      data: || 7E 80 01 00 05 00 02 18 51 06 24 00 19 00 19 00 02 00 EF 7E
2020-03-09 19:22:30,323 - DEBUG - 【 Data Server 】 [Recv Thread] OSError，connection is interrupted.
2020-03-09 19:22:35,605 - DEBUG - SEND DATA:   lens: 49      data: || 7E 02 00 00 22 00 00 00 00 00 01 00 1A 00 00 00 00 00 00 00 03 01 E0 CA 34 06 B1 9D 08 00 00 01 22 00 00 20 03 09 19 22 35 01 04 00 00 12 CC D9 7E
