2020-05-06 12:11:54,564 - DEBUG - Read excel Thread start ... 
2020-05-06 12:11:54,933 - DEBUG - ====================================================================================================
2020-05-06 12:11:54,934 - DEBUG - 【 Data Server 】 ('119.23.49.157', 2083) ('172.16.100.65', 64658) Connected ...
2020-05-06 12:11:54,949 - DEBUG - 【 Data Server 】 Recv Thread start...
2020-05-06 12:11:54,949 - DEBUG - 【 Data Server 】 Parse Thread start...
2020-05-06 12:11:54,950 - DEBUG - 【 Data Server 】 Send Thread start...
2020-05-06 12:11:54,950 - DEBUG - 【 Data Server 】 Upload Location Thread start ... 
2020-05-06 12:11:55,051 - DEBUG - SEND DATA:   lens: 49      data: || 7E 02 00 00 22 00 00 00 00 00 01 00 01 00 00 00 00 00 00 00 03 01 F0 E6 6E 06 B3 4E D8 00 00 02 62 00 00 20 05 06 12 11 54 01 04 00 00 17 5A 25 7E
2020-05-06 12:11:55,202 - DEBUG - RECV DATA:   lens: 15      data: || 7E 81 07 00 00 00 00 00 00 00 01 00 01 86 7E
2020-05-06 12:11:55,209 - DEBUG - SEND DATA:   lens: 15      data: || 7E 00 02 00 00 00 00 00 00 00 01 00 02 01 7E
2020-05-06 12:11:55,239 - DEBUG - ―――――― 查询终端属性 ――――――
2020-05-06 12:11:55,369 - DEBUG - SEND DATA:   lens: 127     data: || 7E 01 07 00 70 00 00 00 00 00 01 00 03 00 00 72 65 63 6f 6e 52 65 63 6f 6e 6f 76 61 5f 50 35 30 30 00 00 00 00 00 00 00 31 32 5f 30 31 30 37 31 33 35 31 31 30 31 31 32 32 20 54 68 69 73 20 69 73 20 48 61 72 64 57 61 72 65 2e 30 31 30 37 00 00 00 00 00 00 00 00 00 00 00 20 54 68 69 73 20 69 73 20 46 69 72 6d 57 61 72 65 2e 00 00 00 00 00 00 00 00 00 00 00 00 00 00 00 00 00 42 7E
2020-05-06 12:11:55,393 - DEBUG - RECV DATA:   lens: 18      data: || 7E 89 00 00 03 00 00 00 00 00 01 00 02 F8 01 65 15 7E
2020-05-06 12:11:55,405 - DEBUG - ―――――― 查询基本信息 ――――――
2020-05-06 12:11:55,405 - DEBUG - 参数总数 1
2020-05-06 12:11:55,407 - DEBUG - == 查询信息 ==
2020-05-06 12:11:55,410 - DEBUG - ―――――― END ――――――
2020-05-06 12:11:55,517 - DEBUG - RECV DATA:   lens: 20      data: || 7E 80 01 00 05 00 00 00 00 00 01 00 03 00 01 02 00 00 85 7E
2020-05-06 12:11:55,517 - DEBUG - SEND DATA:   lens: 217     data: || 7E 09 00 00 CA 00 00 00 00 00 01 00 04 F8 01 65 C6 20 52 65 63 6f 6e 6f 76 61 00 00 00 00 00 00 00 00 00 00 00 00 00 00 00 00 00 00 00 00 00 00 00 00 20 52 4e 2d 43 41 2d 50 35 30 30 00 00 00 00 00 00 00 00 00 00 00 00 00 00 00 00 00 00 00 00 00 00 20 54 68 69 73 20 69 73 20 48 61 72 64 57 61 72 65 2e 30 39 30 30 00 00 00 00 00 00 00 00 00 00 00 20 54 68 69 73 20 69 73 20 53 6f 66 74 57 61 72 65 2e 00 00 00 00 00 00 00 00 00 00 00 00 00 00 00 20 31 32 33 34 35 36 5f 46 38 00 00 00 00 00 00 00 00
2020-05-06 12:11:55,649 - DEBUG - RECV DATA:   lens: 20      data: || 7E 80 01 00 05 00 00 00 00 00 01 00 04 00 02 00 02 00 81 7E
2020-05-06 12:12:04,730 - DEBUG - SEND DATA:   lens: 49      data: || 7E 02 00 00 22 00 00 00 00 00 01 00 05 00 00 00 00 00 00 00 03 01 F0 EA B2 06 B3 53 98 00 00 02 44 00 00 20 05 06 12 12 04 01 04 00 00 17 5B D8 7E
2020-05-06 12:12:04,742 - DEBUG - RECV DATA:   lens: 20      data: || 7E 80 01 00 05 00 00 00 00 00 01 00 05 00 05 02 00 00 87 7E
2020-05-06 12:12:04,836 - DEBUG - SEND DATA:   lens: 15      data: || 7E 00 02 00 00 00 00 00 00 00 01 00 06 05 7E
2020-05-06 12:12:04,954 - DEBUG - RECV DATA:   lens: 20      data: || 7E 80 01 00 05 00 00 00 00 00 01 00 06 00 06 00 02 00 87 7E
