2020-03-11 19:06:07,479 - DEBUG - Read excel Thread start ... 
2020-03-11 19:06:07,511 - DEBUG - ====================================================================================================
2020-03-11 19:06:07,511 - DEBUG - 【 Data Server 】 ('119.23.49.157', 2083) ('172.16.148.33', 63068) Connected ...
2020-03-11 19:06:07,529 - DEBUG - 【 Data Server 】 Recv Thread start...
2020-03-11 19:06:07,547 - DEBUG - 【 Data Server 】 Parse Thread start...
2020-03-11 19:06:07,547 - DEBUG - 【 Data Server 】 Send Thread start...
2020-03-11 19:06:07,548 - DEBUG - 【 Data Server 】 Upload Location Thread start ... 
2020-03-11 19:06:07,649 - DEBUG - SEND DATA:   lens: 49      data: || 7E 02 00 00 22 00 00 00 00 00 01 00 01 00 00 00 00 00 00 00 03 01 F0 B5 96 06 B3 05 00 00 00 01 E0 00 00 20 03 11 19 06 07 01 04 00 00 17 4B D3 7E
2020-03-11 19:06:07,752 - DEBUG - RECV DATA:   lens: 15      data: || 7E 81 07 00 00 00 00 00 00 00 01 3A 10 AD 7E
2020-03-11 19:06:07,752 - DEBUG - SEND DATA:   lens: 15      data: || 7E 00 02 00 00 00 00 00 00 00 01 00 02 01 7E
2020-03-11 19:06:07,770 - DEBUG - ―――――― 查询终端属性 ――――――
2020-03-11 19:06:07,902 - DEBUG - SEND DATA:   lens: 129     data: || 7E 01 07 00 72 00 00 00 00 00 01 00 03 00 00 72 65 63 6f 6e 52 65 63 6f 6e 6f 76 61 5f 50 35 30 30 00 00 00 00 00 00 00 31 32 5f 30 31 30 37 38 39 31 33 35 31 31 30 31 31 32 32 20 54 68 69 73 20 69 73 20 48 61 72 64 57 61 72 65 2e 30 31 30 37 00 00 00 00 00 00 00 00 00 00 00 20 54 68 69 73 20 69 73 20 46 69 72 6d 57 61 72 65 2e 00 00 00 00 00 00 00 00 00 00 00 00 00 00 00 00 00 41 7E
2020-03-11 19:06:07,920 - DEBUG - RECV DATA:   lens: 18      data: || 7E 89 00 00 03 00 00 00 00 00 01 3A 11 F8 01 65 3C 7E
2020-03-11 19:06:07,944 - DEBUG - ―――――― 查询基本信息 ――――――
2020-03-11 19:06:07,968 - DEBUG - 参数总数 1
2020-03-11 19:06:07,992 - DEBUG - == 查询信息 ==
2020-03-11 19:06:08,010 - DEBUG - ―――――― END ――――――
2020-03-11 19:06:08,034 - DEBUG - SEND DATA:   lens: 217     data: || 7E 09 00 00 CA 00 00 00 00 00 01 00 04 F8 01 65 C6 20 52 65 63 6f 6e 6f 76 61 00 00 00 00 00 00 00 00 00 00 00 00 00 00 00 00 00 00 00 00 00 00 00 00 20 52 4e 2d 43 41 2d 50 35 30 30 00 00 00 00 00 00 00 00 00 00 00 00 00 00 00 00 00 00 00 00 00 00 20 54 68 69 73 20 69 73 20 48 61 72 64 57 61 72 65 2e 30 39 30 30 00 00 00 00 00 00 00 00 00 00 00 20 54 68 69 73 20 69 73 20 53 6f 66 74 57 61 72 65 2e 00 00 00 00 00 00 00 00 00 00 00 00 00 00 00 20 31 32 33 34 35 36 5f 46 38 00 00 00 00 00 00 00 00
2020-03-11 19:06:08,135 - DEBUG - RECV DATA:   lens: 20      data: || 7E 80 01 00 05 00 00 00 00 00 01 3A 12 00 01 02 00 00 AE 7E
2020-03-11 19:06:08,278 - DEBUG - RECV DATA:   lens: 20      data: || 7E 80 01 00 05 00 00 00 00 00 01 3A 13 00 02 00 02 00 AC 7E
2020-03-11 19:06:08,409 - DEBUG - RECV DATA:   lens: 20      data: || 7E 80 01 00 05 00 00 00 00 00 01 3A 14 00 03 01 07 00 AE 7E
2020-03-11 19:06:10,878 - DEBUG - RECV DATA:   lens: 15      data: || 7E 81 07 00 00 00 00 00 00 00 01 3A 15 A8 7E
2020-03-11 19:06:10,884 - DEBUG - ―――――― 查询终端属性 ――――――
2020-03-11 19:06:11,009 - DEBUG - SEND DATA:   lens: 129     data: || 7E 01 07 00 72 00 00 00 00 00 01 00 05 00 00 72 65 63 6f 6e 52 65 63 6f 6e 6f 76 61 5f 50 35 30 30 00 00 00 00 00 00 00 31 32 5f 30 31 30 37 38 39 31 33 35 31 31 30 31 31 32 32 20 54 68 69 73 20 69 73 20 48 61 72 64 57 61 72 65 2e 30 31 30 37 00 00 00 00 00 00 00 00 00 00 00 20 54 68 69 73 20 69 73 20 46 69 72 6d 57 61 72 65 2e 00 00 00 00 00 00 00 00 00 00 00 00 00 00 00 00 00 47 7E
2020-03-11 19:06:11,009 - DEBUG - RECV DATA:   lens: 18      data: || 7E 89 00 00 03 00 00 00 00 00 01 3A 16 F8 01 65 3B 7E
2020-03-11 19:06:11,026 - DEBUG - ―――――― 查询基本信息 ――――――
2020-03-11 19:06:11,032 - DEBUG - 参数总数 1
2020-03-11 19:06:11,044 - DEBUG - == 查询信息 ==
2020-03-11 19:06:11,044 - DEBUG - ―――――― END ――――――
2020-03-11 19:06:11,127 - DEBUG - SEND DATA:   lens: 217     data: || 7E 09 00 00 CA 00 00 00 00 00 01 00 06 F8 01 65 C6 20 52 65 63 6f 6e 6f 76 61 00 00 00 00 00 00 00 00 00 00 00 00 00 00 00 00 00 00 00 00 00 00 00 00 20 52 4e 2d 43 41 2d 50 35 30 30 00 00 00 00 00 00 00 00 00 00 00 00 00 00 00 00 00 00 00 00 00 00 20 54 68 69 73 20 69 73 20 48 61 72 64 57 61 72 65 2e 30 39 30 30 00 00 00 00 00 00 00 00 00 00 00 20 54 68 69 73 20 69 73 20 53 6f 66 74 57 61 72 65 2e 00 00 00 00 00 00 00 00 00 00 00 00 00 00 00 20 31 32 33 34 35 36 5f 46 38 00 00 00 00 00 00 00 00
2020-03-11 19:06:11,157 - DEBUG - RECV DATA:   lens: 18      data: || 7E 89 00 00 03 00 00 00 00 00 01 3A 17 F9 01 FF A1 7E
2020-03-11 19:06:11,163 - DEBUG - ―――――― 查询基本信息 ――――――
2020-03-11 19:06:11,169 - DEBUG - 参数总数 1
2020-03-11 19:06:11,175 - DEBUG - == 查询硬件信息 ==
2020-03-11 19:06:11,180 - DEBUG - ―――――― END ――――――
2020-03-11 19:06:11,250 - DEBUG - SEND DATA:   lens: 23      data: || 7E 09 00 00 08 00 00 00 00 00 01 00 07 F9 01 FF 04 00 00 00 00 04 7E
2020-03-11 19:06:11,292 - DEBUG - RECV DATA:   lens: 18      data: || 7E 89 00 00 03 00 00 00 00 00 01 3A 18 FA 01 FF AD 7E
2020-03-11 19:06:11,297 - DEBUG - ―――――― 查询基本信息 ――――――
2020-03-11 19:06:11,303 - DEBUG - 参数总数 1
2020-03-11 19:06:11,309 - DEBUG - == 查询软件信息 ==
2020-03-11 19:06:11,315 - DEBUG - ―――――― END ――――――
2020-03-11 19:06:11,368 - DEBUG - SEND DATA:   lens: 113     data: || 7E 09 00 00 62 00 00 00 00 00 01 00 08 FA 01 FF 5E 0B 31 33 38 31 31 31 31 31 31 31 31 00 0E 52 4e 2d 43 41 2d 50 35 30 30 2d 4d 43 55 20 31 32 33 34 35 36 5f 46 41 00 00 00 00 00 00 00 00 00 00 00 00 00 00 00 00 00 00 00 00 00 00 00 20 31 32 33 34 35 36 00 00 00 00 00 00 00 00 00 00 00 00 00 00 00 00 00 00 00 00 00 00 00 00 00 00 52 7E
2020-03-11 19:06:11,427 - DEBUG - RECV DATA:   lens: 20      data: || 7E 80 01 00 05 00 00 00 00 00 01 3A 19 00 05 01 07 00 A5 7E
2020-03-11 19:06:17,891 - DEBUG - SEND DATA:   lens: 49      data: || 7E 02 00 00 22 00 00 00 00 00 01 00 09 00 00 00 00 00 00 00 03 01 F0 B8 5E 06 B3 09 A8 00 00 01 F4 00 00 20 03 11 19 06 17 01 04 00 00 17 4C B9 7E
2020-03-11 19:06:17,929 - DEBUG - RECV DATA:   lens: 20      data: || 7E 80 01 00 05 00 00 00 00 00 01 3A 1A 00 09 02 00 00 AE 7E
2020-03-11 19:06:18,000 - DEBUG - SEND DATA:   lens: 15      data: || 7E 00 02 00 00 00 00 00 00 00 01 00 0A 09 7E
2020-03-11 19:06:18,174 - DEBUG - RECV DATA:   lens: 20      data: || 7E 80 01 00 05 00 00 00 00 00 01 3A 1B 00 0A 00 02 00 AC 7E
2020-03-11 19:06:27,861 - DEBUG - SEND DATA:   lens: 49      data: || 7E 02 00 00 22 00 00 00 00 00 01 00 0B 00 00 00 00 00 00 00 03 01 F0 BB 16 06 B3 0E 38 00 00 01 E0 00 00 20 03 11 19 06 27 01 04 00 00 17 4D 42 7E
2020-03-11 19:06:27,969 - DEBUG - SEND DATA:   lens: 15      data: || 7E 00 02 00 00 00 00 00 00 00 01 00 0C 0F 7E
2020-03-11 19:06:28,006 - DEBUG - RECV DATA:   lens: 20      data: || 7E 80 01 00 05 00 00 00 00 00 01 3A 1C 00 0B 02 00 00 AA 7E
2020-03-11 19:06:28,119 - DEBUG - RECV DATA:   lens: 20      data: || 7E 80 01 00 05 00 00 00 00 00 01 3A 1D 00 0C 00 02 00 AC 7E
2020-03-11 19:06:37,929 - DEBUG - SEND DATA:   lens: 49      data: || 7E 02 00 00 22 00 00 00 00 00 01 00 0D 00 00 00 00 00 00 00 03 01 F0 BD F2 06 B3 12 C0 00 00 01 EA 00 00 20 03 11 19 06 37 01 04 00 00 17 4E 5B 7E
2020-03-11 19:06:38,024 - DEBUG - RECV DATA:   lens: 20      data: || 7E 80 01 00 05 00 00 00 00 00 01 3A 1E 00 0D 02 00 00 AE 7E
2020-03-11 19:06:38,035 - DEBUG - SEND DATA:   lens: 15      data: || 7E 00 02 00 00 00 00 00 00 00 01 00 0E 0D 7E
2020-03-11 19:06:38,234 - DEBUG - RECV DATA:   lens: 20      data: || 7E 80 01 00 05 00 00 00 00 00 01 3A 1F 00 0E 00 02 00 AC 7E
2020-03-11 19:06:47,893 - DEBUG - SEND DATA:   lens: 49      data: || 7E 02 00 00 22 00 00 00 00 00 01 00 0F 00 00 00 00 00 00 00 03 01 F0 C0 DE 06 B3 17 78 00 00 01 FE 00 00 20 03 11 19 06 47 01 04 00 00 17 4F D0 7E
2020-03-11 19:06:47,957 - DEBUG - RECV DATA:   lens: 20      data: || 7E 80 01 00 05 00 00 00 00 00 01 3A 20 00 0F 02 00 00 92 7E
2020-03-11 19:06:48,000 - DEBUG - SEND DATA:   lens: 15      data: || 7E 00 02 00 00 00 00 00 00 00 01 00 10 13 7E
2020-03-11 19:06:48,170 - DEBUG - RECV DATA:   lens: 20      data: || 7E 80 01 00 05 00 00 00 00 00 01 3A 21 00 10 00 02 00 8C 7E
2020-03-11 19:06:57,900 - DEBUG - SEND DATA:   lens: 49      data: || 7E 02 00 00 22 00 00 00 00 00 01 00 11 00 00 00 00 00 00 00 03 01 F0 C3 D4 06 B3 1C 38 00 00 01 FE 00 00 20 03 11 19 06 57 01 04 00 00 17 50 83 7E
2020-03-11 19:06:57,993 - DEBUG - RECV DATA:   lens: 20      data: || 7E 80 01 00 05 00 00 00 00 00 01 3A 22 00 11 02 00 00 8E 7E
2020-03-11 19:06:58,004 - DEBUG - SEND DATA:   lens: 15      data: || 7E 00 02 00 00 00 00 00 00 00 01 00 12 11 7E
2020-03-11 19:06:58,110 - DEBUG - RECV DATA:   lens: 20      data: || 7E 80 01 00 05 00 00 00 00 00 01 3A 23 00 12 00 02 00 8C 7E
2020-03-11 19:07:07,909 - DEBUG - SEND DATA:   lens: 49      data: || 7E 02 00 00 22 00 00 00 00 00 01 00 13 00 00 00 00 00 00 00 03 01 F0 C6 E5 06 B3 21 00 00 00 01 FE 00 00 20 03 11 19 07 07 01 04 00 00 17 51 E0 7E
2020-03-11 19:07:07,933 - DEBUG - RECV DATA:   lens: 20      data: || 7E 80 01 00 05 00 00 00 00 00 01 3A 24 00 13 02 00 00 8A 7E
2020-03-11 19:07:08,016 - DEBUG - SEND DATA:   lens: 15      data: || 7E 00 02 00 00 00 00 00 00 00 01 00 14 17 7E
2020-03-11 19:07:08,158 - DEBUG - RECV DATA:   lens: 20      data: || 7E 80 01 00 05 00 00 00 00 00 01 3A 25 00 14 00 02 00 8C 7E
2020-03-11 19:07:17,885 - DEBUG - SEND DATA:   lens: 49      data: || 7E 02 00 00 22 00 00 00 00 00 01 00 15 00 00 00 00 00 00 00 03 01 F0 C9 F8 06 B3 25 F0 00 00 02 12 00 00 20 03 11 19 07 17 01 04 00 00 17 52 FC 7E
2020-03-11 19:07:17,986 - DEBUG - SEND DATA:   lens: 15      data: || 7E 00 02 00 00 00 00 00 00 00 01 00 16 15 7E
2020-03-11 19:07:17,992 - DEBUG - RECV DATA:   lens: 20      data: || 7E 80 01 00 05 00 00 00 00 00 01 3A 26 00 15 02 00 00 8E 7E
2020-03-11 19:07:18,099 - DEBUG - RECV DATA:   lens: 20      data: || 7E 80 01 00 05 00 00 00 00 00 01 3A 27 00 16 00 02 00 8C 7E
2020-03-11 19:07:27,894 - DEBUG - SEND DATA:   lens: 49      data: || 7E 02 00 00 22 00 00 00 00 00 01 00 17 00 00 00 00 00 00 00 03 01 F0 CD 1A 06 B3 2B 08 00 00 02 12 00 00 20 03 11 19 07 27 01 04 00 00 17 53 DF 7E
2020-03-11 19:07:28,001 - DEBUG - SEND DATA:   lens: 15      data: || 7E 00 02 00 00 00 00 00 00 00 01 00 18 1B 7E
2020-03-11 19:07:28,027 - DEBUG - RECV DATA:   lens: 20      data: || 7E 80 01 00 05 00 00 00 00 00 01 3A 28 00 17 02 00 00 82 7E
2020-03-11 19:07:28,140 - DEBUG - RECV DATA:   lens: 20      data: || 7E 80 01 00 05 00 00 00 00 00 01 3A 29 00 18 00 02 00 8C 7E
2020-03-11 19:07:37,984 - DEBUG - SEND DATA:   lens: 49      data: || 7E 02 00 00 22 00 00 00 00 00 01 00 19 00 00 00 00 00 00 00 03 01 F0 D0 54 06 B3 30 30 00 00 02 30 00 00 20 03 11 19 07 37 01 04 00 00 17 54 94 7E
2020-03-11 19:07:38,025 - DEBUG - RECV DATA:   lens: 20      data: || 7E 80 01 00 05 00 00 00 00 00 01 3A 2A 00 19 02 00 00 8E 7E
2020-03-11 19:07:38,091 - DEBUG - SEND DATA:   lens: 15      data: || 7E 00 02 00 00 00 00 00 00 00 01 00 1A 19 7E
2020-03-11 19:07:38,244 - DEBUG - RECV DATA:   lens: 20      data: || 7E 80 01 00 05 00 00 00 00 00 01 3A 2B 00 1A 00 02 00 8C 7E
2020-03-11 19:07:47,926 - DEBUG - SEND DATA:   lens: 49      data: || 7E 02 00 00 22 00 00 00 00 00 01 00 1B 00 00 00 00 00 00 00 03 01 F0 D3 94 06 B3 35 50 00 00 02 30 00 00 20 03 11 19 07 47 01 04 00 00 17 55 41 7E
2020-03-11 19:07:48,033 - DEBUG - SEND DATA:   lens: 15      data: || 7E 00 02 00 00 00 00 00 00 00 01 00 1C 1F 7E
2020-03-11 19:07:48,103 - DEBUG - RECV DATA:   lens: 20      data: || 7E 80 01 00 05 00 00 00 00 00 01 3A 2C 00 1B 02 00 00 8A 7E
2020-03-11 19:07:48,214 - DEBUG - RECV DATA:   lens: 20      data: || 7E 80 01 00 05 00 00 00 00 00 01 3A 2D 00 1C 00 02 00 8C 7E
2020-03-11 19:07:57,977 - DEBUG - SEND DATA:   lens: 49      data: || 7E 02 00 00 22 00 00 00 00 00 01 00 1D 00 00 00 00 00 00 00 03 01 F0 D6 F6 06 B3 3A A0 00 00 02 3A 00 00 20 03 11 19 07 57 01 04 00 00 17 56 C6 7E
2020-03-11 19:07:57,997 - DEBUG - RECV DATA:   lens: 20      data: || 7E 80 01 00 05 00 00 00 00 00 01 3A 2E 00 1D 02 00 00 8E 7E
2020-03-11 19:07:58,106 - DEBUG - SEND DATA:   lens: 15      data: || 7E 00 02 00 00 00 00 00 00 00 01 00 1E 1D 7E
2020-03-11 19:07:58,267 - DEBUG - RECV DATA:   lens: 20      data: || 7E 80 01 00 05 00 00 00 00 00 01 3A 2F 00 1E 00 02 00 8C 7E
