2020-03-30 16:36:02,879 - DEBUG - Read excel Thread start ... 
2020-03-30 16:36:02,915 - DEBUG - ====================================================================================================
2020-03-30 16:36:02,927 - DEBUG - 【 Data Server 】 ('119.23.49.157', 2083) ('172.16.148.33', 56828) Connected ...
2020-03-30 16:36:02,939 - DEBUG - 【 Data Server 】 Recv Thread start...
2020-03-30 16:36:02,946 - DEBUG - 【 Data Server 】 Parse Thread start...
2020-03-30 16:36:02,947 - DEBUG - 【 Data Server 】 Send Thread start...
2020-03-30 16:36:02,948 - DEBUG - 【 Data Server 】 Upload Location Thread start ... 
2020-03-30 16:36:03,055 - DEBUG - SEND DATA:   lens: 49      data: || 7E 02 00 00 22 00 00 00 00 00 01 00 01 00 00 00 00 00 00 00 03 01 F0 DD F4 06 B3 45 40 00 00 02 58 00 00 20 03 30 16 36 02 01 04 00 00 17 58 6A 7E
2020-03-30 16:36:03,150 - DEBUG - RECV DATA:   lens: 15      data: || 7E 81 07 00 00 00 00 00 00 00 01 00 05 82 7E
2020-03-30 16:36:03,150 - DEBUG - ―――――― 查询终端属性 ――――――
2020-03-30 16:36:03,203 - DEBUG - SEND DATA:   lens: 15      data: || 7E 00 02 00 00 00 00 00 00 00 01 00 02 01 7E
2020-03-30 16:36:03,252 - DEBUG - RECV DATA:   lens: 18      data: || 7E 89 00 00 03 00 00 00 00 00 01 00 06 F8 01 65 11 7E
2020-03-30 16:36:03,263 - DEBUG - ―――――― 查询基本信息 ――――――
2020-03-30 16:36:03,287 - DEBUG - 参数总数 1
2020-03-30 16:36:03,306 - DEBUG - == 查询信息 ==
2020-03-30 16:36:03,330 - DEBUG - ―――――― END ――――――
2020-03-30 16:36:03,342 - DEBUG - SEND DATA:   lens: 127     data: || 7E 01 07 00 70 00 00 00 00 00 01 00 03 00 00 72 65 63 6f 6e 52 65 63 6f 6e 6f 76 61 5f 50 35 30 30 00 00 00 00 00 00 00 31 32 5f 30 31 30 37 31 33 35 31 31 30 31 31 32 32 20 54 68 69 73 20 69 73 20 48 61 72 64 57 61 72 65 2e 30 31 30 37 00 00 00 00 00 00 00 00 00 00 00 20 54 68 69 73 20 69 73 20 46 69 72 6d 57 61 72 65 2e 00 00 00 00 00 00 00 00 00 00 00 00 00 00 00 00 00 42 7E
2020-03-30 16:36:03,454 - DEBUG - RECV DATA:   lens: 20      data: || 7E 80 01 00 05 00 00 00 00 00 01 00 07 00 01 02 00 00 81 7E
2020-03-30 16:36:03,497 - DEBUG - SEND DATA:   lens: 217     data: || 7E 09 00 00 CA 00 00 00 00 00 01 00 04 F8 01 65 C6 20 52 65 63 6f 6e 6f 76 61 00 00 00 00 00 00 00 00 00 00 00 00 00 00 00 00 00 00 00 00 00 00 00 00 20 52 4e 2d 43 41 2d 50 35 30 30 00 00 00 00 00 00 00 00 00 00 00 00 00 00 00 00 00 00 00 00 00 00 20 54 68 69 73 20 69 73 20 48 61 72 64 57 61 72 65 2e 30 39 30 30 00 00 00 00 00 00 00 00 00 00 00 20 54 68 69 73 20 69 73 20 53 6f 66 74 57 61 72 65 2e 00 00 00 00 00 00 00 00 00 00 00 00 00 00 00 20 31 32 33 34 35 36 5f 46 38 00 00 00 00 00 00 00 00
2020-03-30 16:36:03,585 - DEBUG - RECV DATA:   lens: 20      data: || 7E 80 01 00 05 00 00 00 00 00 01 00 08 00 02 00 02 00 8D 7E
