2020-05-06 12:12:27,730 - DEBUG - Read excel Thread start ... 
2020-05-06 12:12:27,744 - DEBUG - ====================================================================================================
2020-05-06 12:12:27,749 - DEBUG - 【 Data Server 】 ('119.23.49.157', 2083) ('172.16.100.65', 64690) Connected ...
2020-05-06 12:12:27,760 - DEBUG - 【 Data Server 】 Recv Thread start...
2020-05-06 12:12:27,766 - DEBUG - 【 Data Server 】 Parse Thread start...
2020-05-06 12:12:27,794 - DEBUG - 【 Data Server 】 Send Thread start...
2020-05-06 12:12:27,797 - DEBUG - 【 Data Server 】 Upload Location Thread start ... 
2020-05-06 12:12:27,898 - DEBUG - SEND DATA:   lens: 49      data: || 7E 02 00 00 22 00 02 18 51 06 24 00 01 00 00 00 00 00 00 00 03 01 F0 EE DE 06 B3 58 40 00 00 02 44 00 00 20 05 06 12 12 27 01 04 00 00 17 5C 2B 7E
2020-05-06 12:12:27,985 - DEBUG - RECV DATA:   lens: 15      data: || 7E 81 07 00 00 00 02 18 51 06 24 00 01 EE 7E
2020-05-06 12:12:28,003 - DEBUG - SEND DATA:   lens: 15      data: || 7E 00 02 00 00 00 02 18 51 06 24 00 02 69 7E
2020-05-06 12:12:28,015 - DEBUG - ―――――― 查询终端属性 ――――――
2020-05-06 12:12:28,145 - DEBUG - SEND DATA:   lens: 127     data: || 7E 01 07 00 70 00 02 18 51 06 24 00 03 00 00 72 65 63 6f 6e 52 65 63 6f 6e 6f 76 61 5f 50 35 30 30 00 00 00 00 00 00 00 31 32 5f 30 31 30 37 31 33 35 31 31 30 31 31 32 32 20 54 68 69 73 20 69 73 20 48 61 72 64 57 61 72 65 2e 30 31 30 37 00 00 00 00 00 00 00 00 00 00 00 20 54 68 69 73 20 69 73 20 46 69 72 6d 57 61 72 65 2e 00 00 00 00 00 00 00 00 00 00 00 00 00 00 00 00 00 2A 7E
2020-05-06 12:12:28,168 - DEBUG - RECV DATA:   lens: 18      data: || 7E 89 00 00 03 00 02 18 51 06 24 00 02 F8 01 65 7D 7E
2020-05-06 12:12:28,168 - DEBUG - ―――――― 查询基本信息 ――――――
2020-05-06 12:12:28,168 - DEBUG - 参数总数 1
2020-05-06 12:12:28,174 - DEBUG - == 查询信息 ==
2020-05-06 12:12:28,174 - DEBUG - ―――――― END ――――――
2020-05-06 12:12:28,275 - DEBUG - SEND DATA:   lens: 217     data: || 7E 09 00 00 CA 00 02 18 51 06 24 00 04 F8 01 65 C6 20 52 65 63 6f 6e 6f 76 61 00 00 00 00 00 00 00 00 00 00 00 00 00 00 00 00 00 00 00 00 00 00 00 00 20 52 4e 2d 43 41 2d 50 35 30 30 00 00 00 00 00 00 00 00 00 00 00 00 00 00 00 00 00 00 00 00 00 00 20 54 68 69 73 20 69 73 20 48 61 72 64 57 61 72 65 2e 30 39 30 30 00 00 00 00 00 00 00 00 00 00 00 20 54 68 69 73 20 69 73 20 53 6f 66 74 57 61 72 65 2e 00 00 00 00 00 00 00 00 00 00 00 00 00 00 00 20 31 32 33 34 35 36 5f 46 38 00 00 00 00 00 00 00 00
2020-05-06 12:12:28,275 - DEBUG - RECV DATA:   lens: 20      data: || 7E 80 01 00 05 00 02 18 51 06 24 00 03 00 01 02 00 00 ED 7E
2020-05-06 12:12:28,444 - DEBUG - RECV DATA:   lens: 20      data: || 7E 80 01 00 05 00 02 18 51 06 24 00 04 00 02 00 02 00 E9 7E
2020-05-06 12:12:37,912 - DEBUG - SEND DATA:   lens: 49      data: || 7E 02 00 00 22 00 02 18 51 06 24 00 05 00 00 00 00 00 00 00 03 01 F0 F3 24 06 B3 5C E0 00 00 02 58 00 00 20 05 06 12 12 37 01 04 00 00 17 5D 61 7E
2020-05-06 12:12:37,924 - DEBUG - RECV DATA:   lens: 20      data: || 7E 80 01 00 05 00 02 18 51 06 24 00 05 00 05 02 00 00 EF 7E
2020-05-06 12:12:38,019 - DEBUG - SEND DATA:   lens: 15      data: || 7E 00 02 00 00 00 02 18 51 06 24 00 06 6D 7E
2020-05-06 12:12:38,156 - DEBUG - RECV DATA:   lens: 20      data: || 7E 80 01 00 05 00 02 18 51 06 24 00 06 00 06 00 02 00 EF 7E
2020-05-06 12:12:47,908 - DEBUG - SEND DATA:   lens: 49      data: || 7E 02 00 00 22 00 02 18 51 06 24 00 07 00 00 00 00 00 00 00 03 01 F0 F7 6A 06 B3 61 A0 00 00 02 4E 00 00 20 05 06 12 12 47 01 04 00 00 17 5E 31 7E
2020-05-06 12:12:47,920 - DEBUG - RECV DATA:   lens: 20      data: || 7E 80 01 00 05 00 02 18 51 06 24 00 07 00 07 02 00 00 EF 7E
2020-05-06 12:12:48,014 - DEBUG - SEND DATA:   lens: 15      data: || 7E 00 02 00 00 00 02 18 51 06 24 00 08 63 7E
2020-05-06 12:12:48,133 - DEBUG - RECV DATA:   lens: 20      data: || 7E 80 01 00 05 00 02 18 51 06 24 00 08 00 08 00 02 00 EF 7E
2020-05-06 12:12:57,883 - DEBUG - SEND DATA:   lens: 49      data: || 7E 02 00 00 22 00 02 18 51 06 24 00 09 00 00 00 00 00 00 00 03 01 F0 FB A6 06 B3 66 48 00 00 02 4E 00 00 20 05 06 12 12 57 01 04 00 00 17 5F 01 7E
2020-05-06 12:12:57,919 - DEBUG - RECV DATA:   lens: 20      data: || 7E 80 01 00 05 00 02 18 51 06 24 00 09 00 09 02 00 00 EF 7E
2020-05-06 12:12:57,990 - DEBUG - SEND DATA:   lens: 15      data: || 7E 00 02 00 00 00 02 18 51 06 24 00 0A 61 7E
2020-05-06 12:12:58,026 - DEBUG - RECV DATA:   lens: 20      data: || 7E 80 01 00 05 00 02 18 51 06 24 00 0A 00 0A 00 02 00 EF 7E
2020-05-06 12:13:07,891 - DEBUG - SEND DATA:   lens: 49      data: || 7E 02 00 00 22 00 02 18 51 06 24 00 0B 00 00 00 00 00 00 00 03 01 F0 FF E2 06 B3 6A E0 00 00 02 4E 00 00 20 05 06 12 13 07 01 04 00 00 17 60 89 7E
2020-05-06 12:13:07,902 - DEBUG - RECV DATA:   lens: 20      data: || 7E 80 01 00 05 00 02 18 51 06 24 00 0B 00 0B 02 00 00 EF 7E
2020-05-06 12:13:07,998 - DEBUG - SEND DATA:   lens: 15      data: || 7E 00 02 00 00 00 02 18 51 06 24 00 0C 67 7E
2020-05-06 12:13:08,111 - DEBUG - RECV DATA:   lens: 20      data: || 7E 80 01 00 05 00 02 18 51 06 24 00 0C 00 0C 00 02 00 EF 7E
2020-05-06 12:13:17,997 - DEBUG - SEND DATA:   lens: 49      data: || 7E 02 00 00 22 00 02 18 51 06 24 00 0D 00 00 00 00 00 00 00 03 01 F1 04 44 06 B3 6F 80 00 00 02 58 00 00 20 05 06 12 13 17 01 04 00 00 17 61 B1 7E
2020-05-06 12:13:18,115 - DEBUG - RECV DATA:   lens: 20      data: || 7E 80 01 00 05 00 02 18 51 06 24 00 0D 00 0D 02 00 00 EF 7E
2020-05-06 12:13:18,115 - DEBUG - SEND DATA:   lens: 15      data: || 7E 00 02 00 00 00 02 18 51 06 24 00 0E 65 7E
2020-05-06 12:13:18,231 - DEBUG - RECV DATA:   lens: 20      data: || 7E 80 01 00 05 00 02 18 51 06 24 00 0E 00 0E 00 02 00 EF 7E
2020-05-06 12:13:27,940 - DEBUG - SEND DATA:   lens: 49      data: || 7E 02 00 00 22 00 02 18 51 06 24 00 0F 00 00 00 00 00 00 00 03 01 F1 08 8E 06 B3 74 40 00 00 02 44 00 00 20 05 06 12 13 27 01 04 00 00 17 62 81 7E
2020-05-06 12:13:27,956 - DEBUG - RECV DATA:   lens: 20      data: || 7E 80 01 00 05 00 02 18 51 06 24 00 0F 00 0F 02 00 00 EF 7E
2020-05-06 12:13:28,047 - DEBUG - SEND DATA:   lens: 15      data: || 7E 00 02 00 00 00 02 18 51 06 24 00 10 7B 7E
2020-05-06 12:13:28,163 - DEBUG - RECV DATA:   lens: 20      data: || 7E 80 01 00 05 00 02 18 51 06 24 00 10 00 10 00 02 00 EF 7E
2020-05-06 12:13:37,989 - DEBUG - SEND DATA:   lens: 49      data: || 7E 02 00 00 22 00 02 18 51 06 24 00 11 00 00 00 00 00 00 00 03 01 F1 0C BA 06 B3 78 F8 00 00 02 44 00 00 20 05 06 12 13 37 01 04 00 00 17 63 0A 7E
2020-05-06 12:13:38,289 - DEBUG - RECV DATA:   lens: 20      data: || 7E 80 01 00 05 00 02 18 51 06 24 00 11 00 11 02 00 00 EF 7E
2020-05-06 12:13:38,296 - DEBUG - SEND DATA:   lens: 15      data: || 7E 00 02 00 00 00 02 18 51 06 24 00 12 79 7E
2020-05-06 12:13:38,531 - DEBUG - RECV DATA:   lens: 20      data: || 7E 80 01 00 05 00 02 18 51 06 24 00 12 00 12 00 02 00 EF 7E
2020-05-06 12:13:47,994 - DEBUG - SEND DATA:   lens: 49      data: || 7E 02 00 00 22 00 02 18 51 06 24 00 13 00 00 00 00 00 00 00 03 01 F1 10 D9 06 B3 7D 90 00 00 02 44 00 00 20 05 06 12 13 47 01 04 00 00 17 64 6D 7E
2020-05-06 12:13:48,080 - DEBUG - RECV DATA:   lens: 20      data: || 7E 80 01 00 05 00 02 18 51 06 24 00 13 00 13 02 00 00 EF 7E
2020-05-06 12:13:48,101 - DEBUG - SEND DATA:   lens: 15      data: || 7E 00 02 00 00 00 02 18 51 06 24 00 14 7F 7E
2020-05-06 12:13:48,193 - DEBUG - RECV DATA:   lens: 20      data: || 7E 80 01 00 05 00 02 18 51 06 24 00 14 00 14 00 02 00 EF 7E
2020-05-06 12:13:57,925 - DEBUG - SEND DATA:   lens: 49      data: || 7E 02 00 00 22 00 02 18 51 06 24 00 15 00 00 00 00 00 00 00 03 01 F1 15 1A 06 B3 82 28 00 00 02 4E 00 00 20 05 06 12 13 57 01 04 00 00 17 65 F1 7E
2020-05-06 12:13:58,001 - DEBUG - RECV DATA:   lens: 20      data: || 7E 80 01 00 05 00 02 18 51 06 24 00 15 00 15 02 00 00 EF 7E
2020-05-06 12:13:58,031 - DEBUG - SEND DATA:   lens: 15      data: || 7E 00 02 00 00 00 02 18 51 06 24 00 16 7D 7E
2020-05-06 12:13:58,108 - DEBUG - RECV DATA:   lens: 20      data: || 7E 80 01 00 05 00 02 18 51 06 24 00 16 00 16 00 02 00 EF 7E
2020-05-06 12:14:07,988 - DEBUG - SEND DATA:   lens: 49      data: || 7E 02 00 00 22 00 02 18 51 06 24 00 17 00 00 00 00 00 00 00 03 01 F1 19 68 06 B3 86 D8 00 00 02 58 00 00 20 05 06 12 14 07 01 04 00 00 17 66 3B 7E
2020-05-06 12:14:08,026 - DEBUG - RECV DATA:   lens: 20      data: || 7E 80 01 00 05 00 02 18 51 06 24 00 17 00 17 02 00 00 EF 7E
2020-05-06 12:14:08,095 - DEBUG - SEND DATA:   lens: 15      data: || 7E 00 02 00 00 00 02 18 51 06 24 00 18 73 7E
2020-05-06 12:14:08,131 - DEBUG - RECV DATA:   lens: 20      data: || 7E 80 01 00 05 00 02 18 51 06 24 00 18 00 18 00 02 00 EF 7E
2020-05-06 12:14:17,942 - DEBUG - SEND DATA:   lens: 49      data: || 7E 02 00 00 22 00 02 18 51 06 24 00 19 00 00 00 00 00 00 00 03 01 F1 1D C6 06 B3 8B 98 00 00 02 62 00 00 20 05 06 12 14 17 01 04 00 00 17 67 F9 7E
2020-05-06 12:14:17,973 - DEBUG - RECV DATA:   lens: 20      data: || 7E 80 01 00 05 00 02 18 51 06 24 00 19 00 19 02 00 00 EF 7E
2020-05-06 12:14:18,049 - DEBUG - SEND DATA:   lens: 15      data: || 7E 00 02 00 00 00 02 18 51 06 24 00 1A 71 7E
2020-05-06 12:14:18,080 - DEBUG - RECV DATA:   lens: 20      data: || 7E 80 01 00 05 00 02 18 51 06 24 00 1A 00 1A 00 02 00 EF 7E
2020-05-06 12:14:27,986 - DEBUG - SEND DATA:   lens: 49      data: || 7E 02 00 00 22 00 02 18 51 06 24 00 1B 00 00 00 00 00 00 00 03 01 F1 22 28 06 B3 90 78 00 00 02 58 00 00 20 05 06 12 14 27 01 04 00 00 17 68 D4 7E
2020-05-06 12:14:28,012 - DEBUG - RECV DATA:   lens: 20      data: || 7E 80 01 00 05 00 02 18 51 06 24 00 1B 00 1B 02 00 00 EF 7E
2020-05-06 12:14:28,093 - DEBUG - SEND DATA:   lens: 15      data: || 7E 00 02 00 00 00 02 18 51 06 24 00 1C 77 7E
2020-05-06 12:14:28,119 - DEBUG - RECV DATA:   lens: 20      data: || 7E 80 01 00 05 00 02 18 51 06 24 00 1C 00 1C 00 02 00 EF 7E
