2020-03-10 14:08:10,274 - DEBUG - Read excel Thread start ... 
2020-03-10 14:08:10,288 - DEBUG - ====================================================================================================
2020-03-10 14:08:10,289 - DEBUG - ‐ Data Server ／ ('172.16.100.164', 8888) ('172.16.100.164', 57449) Connected ...
2020-03-10 14:08:10,291 - DEBUG - ‐ Data Server ／ Recv Thread start...
2020-03-10 14:08:10,297 - DEBUG - ‐ Data Server ／ Parse Thread start...
2020-03-10 14:08:10,299 - DEBUG - ‐ Data Server ／ Send Thread start...
2020-03-10 14:08:10,299 - DEBUG - ‐ Data Server ／ Upload Location Thread start ... 
2020-03-10 14:08:10,749 - DEBUG - SEND DATA:   lens: 49      data: || 7E 02 00 00 22 00 00 00 00 00 01 00 01 00 00 00 00 00 00 00 03 01 EF F2 0A 06 B2 D2 E8 00 00 02 6C 00 00 20 03 10 14 08 10 01 04 00 00 17 1B E3 7E
2020-03-10 14:08:10,855 - DEBUG - SEND DATA:   lens: 15      data: || 7E 00 02 00 00 00 00 00 00 00 01 00 02 01 7E
2020-03-10 14:08:10,855 - DEBUG - RECV DATA:   lens: 20      data: || 7E 80 01 00 05 00 02 18 51 06 24 00 01 00 01 02 00 00 EF 7E
2020-03-10 14:08:10,998 - DEBUG - RECV DATA:   lens: 20      data: || 7E 80 01 00 05 00 02 18 51 06 24 00 02 00 02 00 02 00 EF 7E
2020-03-10 14:08:16,654 - DEBUG - RECV DATA:   lens: 18      data: || 7E 89 00 00 03 00 02 18 51 06 24 00 03 F7 01 65 73 7E
2020-03-10 14:08:16,672 - DEBUG - ！！！！！！ 臥儂児云佚連 ！！！！！！
2020-03-10 14:08:16,672 - DEBUG - ！！！！！！ END ！！！！！！
2020-03-10 14:08:20,691 - DEBUG - SEND DATA:   lens: 49      data: || 7E 02 00 00 22 00 00 00 00 00 01 00 03 00 00 00 00 00 00 00 03 01 EF F8 02 06 B2 D4 40 00 00 02 62 00 00 20 03 10 14 08 20 01 04 00 00 17 1C 74 7E
2020-03-10 14:08:20,727 - DEBUG - RECV DATA:   lens: 20      data: || 7E 80 01 00 05 00 02 18 51 06 24 00 04 00 03 02 00 00 E8 7E
2020-03-10 14:08:20,798 - DEBUG - SEND DATA:   lens: 15      data: || 7E 00 02 00 00 00 00 00 00 00 01 00 04 07 7E
2020-03-10 14:08:20,833 - DEBUG - RECV DATA:   lens: 20      data: || 7E 80 01 00 05 00 02 18 51 06 24 00 05 00 04 00 02 00 EE 7E
2020-03-10 14:08:22,658 - DEBUG - RECV DATA:   lens: 18      data: || 7E 89 00 00 03 00 02 18 51 06 24 00 06 F8 01 65 79 7E
2020-03-10 14:08:22,664 - DEBUG - ！！！！！！ 臥儂児云佚連 ！！！！！！
2020-03-10 14:08:22,676 - DEBUG - 歌方悳方 1
2020-03-10 14:08:22,688 - DEBUG - == 臥儂佚連 ==
2020-03-10 14:08:22,700 - DEBUG - ！！！！！！ END ！！！！！！
2020-03-10 14:08:22,742 - DEBUG - SEND DATA:   lens: 217     data: || 7E 09 00 00 CA 00 00 00 00 00 01 00 05 F8 01 65 C6 20 52 65 63 6f 6e 6f 76 61 00 00 00 00 00 00 00 00 00 00 00 00 00 00 00 00 00 00 00 00 00 00 00 00 20 52 4e 2d 43 41 2d 50 35 30 30 00 00 00 00 00 00 00 00 00 00 00 00 00 00 00 00 00 00 00 00 00 00 20 54 68 69 73 20 69 73 20 48 61 72 64 57 61 72 65 2e 30 39 30 30 00 00 00 00 00 00 00 00 00 00 00 20 54 68 69 73 20 69 73 20 53 6f 66 74 57 61 72 65 2e 00 00 00 00 00 00 00 00 00 00 00 00 00 00 00 20 31 32 33 34 35 36 5f 46 38 00 00 00 00 00 00 00 00
2020-03-10 14:08:29,435 - DEBUG - RECV DATA:   lens: 18      data: || 7E 89 00 00 03 00 02 18 51 06 24 00 07 F8 01 64 79 7E
2020-03-10 14:08:29,447 - DEBUG - ！！！！！！ 臥儂児云佚連 ！！！！！！
2020-03-10 14:08:29,453 - DEBUG - 歌方悳方 1
2020-03-10 14:08:29,465 - DEBUG - == 臥儂佚連 ==
2020-03-10 14:08:29,470 - DEBUG - ！！！！！！ END ！！！！！！
2020-03-10 14:08:29,489 - DEBUG - SEND DATA:   lens: 217     data: || 7E 09 00 00 CA 00 00 00 00 00 01 00 06 F8 01 64 C6 20 52 65 63 6f 6e 6f 76 61 00 00 00 00 00 00 00 00 00 00 00 00 00 00 00 00 00 00 00 00 00 00 00 00 20 52 4e 2d 43 41 2d 50 35 30 30 00 00 00 00 00 00 00 00 00 00 00 00 00 00 00 00 00 00 00 00 00 00 20 54 68 69 73 20 69 73 20 48 61 72 64 57 61 72 65 2e 30 39 30 30 00 00 00 00 00 00 00 00 00 00 00 20 54 68 69 73 20 69 73 20 53 6f 66 74 57 61 72 65 2e 00 00 00 00 00 00 00 00 00 00 00 00 00 00 00 20 31 32 33 34 35 36 5f 46 38 00 00 00 00 00 00 00 00
2020-03-10 14:08:30,782 - DEBUG - SEND DATA:   lens: 49      data: || 7E 02 00 00 22 00 00 00 00 00 01 00 07 00 00 00 00 00 00 00 03 01 EF FD C4 06 B2 D5 A8 00 00 02 4E 00 00 20 03 10 14 08 30 01 04 00 00 17 1D 67 7E
2020-03-10 14:08:30,864 - DEBUG - RECV DATA:   lens: 20      data: || 7E 80 01 00 05 00 02 18 51 06 24 00 08 00 07 02 00 00 E0 7E
2020-03-10 14:08:30,889 - DEBUG - SEND DATA:   lens: 15      data: || 7E 00 02 00 00 00 00 00 00 00 01 00 08 0B 7E
2020-03-10 14:08:30,976 - DEBUG - RECV DATA:   lens: 20      data: || 7E 80 01 00 05 00 02 18 51 06 24 00 09 00 08 00 02 00 EE 7E
2020-03-10 14:08:38,131 - DEBUG - RECV DATA:   lens: 18      data: || 7E 89 00 00 03 00 02 18 51 06 24 00 0A F8 01 67 77 7E
2020-03-10 14:08:38,143 - DEBUG - ！！！！！！ 臥儂児云佚連 ！！！！！！
2020-03-10 14:08:38,143 - DEBUG - 歌方悳方 1
2020-03-10 14:08:38,155 - DEBUG - == 臥儂佚連 ==
2020-03-10 14:08:38,161 - DEBUG - ！！！！！！ END ！！！！！！
2020-03-10 14:08:38,262 - DEBUG - SEND DATA:   lens: 217     data: || 7E 09 00 00 CA 00 00 00 00 00 01 00 09 F8 01 67 C6 20 52 65 63 6f 6e 6f 76 61 00 00 00 00 00 00 00 00 00 00 00 00 00 00 00 00 00 00 00 00 00 00 00 00 20 52 4e 2d 43 41 2d 50 35 30 30 00 00 00 00 00 00 00 00 00 00 00 00 00 00 00 00 00 00 00 00 00 00 20 54 68 69 73 20 69 73 20 48 61 72 64 57 61 72 65 2e 30 39 30 30 00 00 00 00 00 00 00 00 00 00 00 20 54 68 69 73 20 69 73 20 53 6f 66 74 57 61 72 65 2e 00 00 00 00 00 00 00 00 00 00 00 00 00 00 00 20 31 32 33 34 35 36 5f 46 38 00 00 00 00 00 00 00 00
2020-03-10 14:08:40,734 - DEBUG - SEND DATA:   lens: 49      data: || 7E 02 00 00 22 00 00 00 00 00 01 00 0A 00 00 00 00 00 00 00 03 01 F0 03 74 06 B2 D6 D8 00 00 02 4E 00 00 20 03 10 14 08 40 01 04 00 00 17 1E 3B 7E
2020-03-10 14:08:40,816 - DEBUG - RECV DATA:   lens: 20      data: || 7E 80 01 00 05 00 02 18 51 06 24 00 0B 00 0A 02 00 00 EE 7E
2020-03-10 14:08:40,840 - DEBUG - SEND DATA:   lens: 15      data: || 7E 00 02 00 00 00 00 00 00 00 01 00 0B 08 7E
2020-03-10 14:08:40,929 - DEBUG - RECV DATA:   lens: 20      data: || 7E 80 01 00 05 00 02 18 51 06 24 00 0C 00 0B 00 02 00 E8 7E
2020-03-10 14:08:46,602 - DEBUG - RECV DATA:   lens: 18      data: || 7E 89 00 00 03 00 02 18 51 06 24 00 0D F7 01 67 7F 7E
2020-03-10 14:08:46,608 - DEBUG - ！！！！！！ 臥儂児云佚連 ！！！！！！
2020-03-10 14:08:46,608 - DEBUG - ！！！！！！ END ！！！！！！
