2020-03-30 17:47:26,904 - DEBUG - Read excel Thread start ... 
2020-03-30 17:47:26,924 - DEBUG - ====================================================================================================
2020-03-30 17:47:26,924 - DEBUG - 【 Data Server 】 ('119.23.49.157', 2083) ('172.16.148.33', 60092) Connected ...
2020-03-30 17:47:26,939 - DEBUG - 【 Data Server 】 Recv Thread start...
2020-03-30 17:47:26,940 - DEBUG - 【 Data Server 】 Parse Thread start...
2020-03-30 17:47:26,949 - DEBUG - 【 Data Server 】 Send Thread start...
2020-03-30 17:47:26,949 - DEBUG - 【 Data Server 】 Upload Location Thread start ... 
2020-03-30 17:47:27,764 - DEBUG - SEND DATA:   lens: 49      data: || 7E 02 00 00 22 00 00 00 00 00 01 00 01 00 00 00 00 00 00 00 03 01 F0 E2 1C 06 B3 4A 20 00 00 02 58 00 00 20 03 30 17 47 27 01 04 00 00 17 59 86 7E
2020-03-30 17:47:27,865 - DEBUG - RECV DATA:   lens: 15      data: || 7E 81 07 00 00 00 00 00 00 00 01 00 09 8E 7E
2020-03-30 17:47:27,871 - DEBUG - SEND DATA:   lens: 15      data: || 7E 00 02 00 00 00 00 00 00 00 01 00 02 01 7E
2020-03-30 17:47:27,871 - DEBUG - ―――――― 查询终端属性 ――――――
2020-03-30 17:47:28,114 - DEBUG - SEND DATA:   lens: 127     data: || 7E 01 07 00 70 00 00 00 00 00 01 00 03 00 00 72 65 63 6f 6e 52 65 63 6f 6e 6f 76 61 5f 50 35 30 30 00 00 00 00 00 00 00 31 32 5f 30 31 30 37 31 33 35 31 31 30 31 31 32 32 20 54 68 69 73 20 69 73 20 48 61 72 64 57 61 72 65 2e 30 31 30 37 00 00 00 00 00 00 00 00 00 00 00 20 54 68 69 73 20 69 73 20 46 69 72 6d 57 61 72 65 2e 00 00 00 00 00 00 00 00 00 00 00 00 00 00 00 00 00 42 7E
2020-03-30 17:47:28,126 - DEBUG - RECV DATA:   lens: 18      data: || 7E 89 00 00 03 00 00 00 00 00 01 00 0A F8 01 65 1D 7E
2020-03-30 17:47:28,161 - DEBUG - ―――――― 查询基本信息 ――――――
2020-03-30 17:47:28,190 - DEBUG - 参数总数 1
2020-03-30 17:47:28,215 - DEBUG - == 查询信息 ==
2020-03-30 17:47:28,238 - DEBUG - ―――――― END ――――――
2020-03-30 17:47:28,244 - DEBUG - SEND DATA:   lens: 217     data: || 7E 09 00 00 CA 00 00 00 00 00 01 00 04 F8 01 65 C6 20 52 65 63 6f 6e 6f 76 61 00 00 00 00 00 00 00 00 00 00 00 00 00 00 00 00 00 00 00 00 00 00 00 00 20 52 4e 2d 43 41 2d 50 35 30 30 00 00 00 00 00 00 00 00 00 00 00 00 00 00 00 00 00 00 00 00 00 00 20 54 68 69 73 20 69 73 20 48 61 72 64 57 61 72 65 2e 30 39 30 30 00 00 00 00 00 00 00 00 00 00 00 20 54 68 69 73 20 69 73 20 53 6f 66 74 57 61 72 65 2e 00 00 00 00 00 00 00 00 00 00 00 00 00 00 00 20 31 32 33 34 35 36 5f 46 38 00 00 00 00 00 00 00 00
2020-03-30 17:47:28,364 - DEBUG - RECV DATA:   lens: 20      data: || 7E 80 01 00 05 00 00 00 00 00 01 00 0B 00 01 02 00 00 8D 7E
2020-03-30 17:47:28,494 - DEBUG - RECV DATA:   lens: 20      data: || 7E 80 01 00 05 00 00 00 00 00 01 00 0C 00 02 00 02 00 89 7E
2020-03-30 17:47:30,648 - DEBUG - SEND DATA:   lens: 86      data: || 7E 02 00 00 47 00 00 00 00 00 01 00 05 00 00 00 00 00 00 00 03 01 57 CB 96 06 CA 96 28 00 50 03 70 00 00 20 03 30 17 47 30 67 29 00 00 00 01 00 01 58 00 50 01 57 CB 96 06 CA 96 28 20 03 30 17 47 30 00 01 00 00 00 00 00 00 01 20 03 30 17 47 30 01 04 00 51 7E
2020-03-30 17:47:30,734 - DEBUG - RECV DATA:   lens: 20      data: || 7E 80 01 00 05 00 00 00 00 00 01 00 0D 00 05 02 00 00 8F 7E
2020-03-30 17:47:30,853 - DEBUG - RECV DATA:   lens: 81      data: || 7E 92 08 00 42 00 00 00 00 00 01 00 0E 0D 31 31 39 2E 32 33 2E 34 39 2E 31 35 37 08 22 00 00 00 00 00 00 00 00 01 20 03 30 17 47 30 01 04 00 36 36 34 33 38 39 36 31 36 30 38 33 38 35 34 36 36 34 33 38 39 34 32 37 32 31 30 32 34 38 36 34 A2 7E
2020-03-30 17:47:30,876 - DEBUG - ―――――― 收到服务器地址 ――――――
2020-03-30 17:47:30,888 - DEBUG - SEND DATA:   lens: 20      data: || 7E 00 01 00 05 00 00 00 00 00 01 00 06 00 0E 92 08 00 97 7E
2020-03-30 17:47:30,894 - DEBUG - 服务器IP： 119.23.49.157
2020-03-30 17:47:30,894 - DEBUG - TCP端口： 2082
2020-03-30 17:47:30,921 - DEBUG - UDP端口： 0
2020-03-30 17:47:30,945 - DEBUG - 报警标识： 00000000000001200330174730010400
2020-03-30 17:47:30,963 - DEBUG - 报警编号： 3636343338393631363038333835343636343338393432373231303234383634
2020-03-30 17:47:30,969 - DEBUG - ―――――― END ――――――
2020-03-30 17:47:31,015 - DEBUG - ====================================================================================================
