2020-03-10 14:11:32,352 - DEBUG - Read excel Thread start ... 
2020-03-10 14:11:32,353 - DEBUG - ====================================================================================================
2020-03-10 14:11:32,353 - DEBUG - ¡¾ Data Server ¡¿ ('172.16.100.164', 8888) ('172.16.100.164', 57495) Connected ...
2020-03-10 14:11:32,359 - DEBUG - ¡¾ Data Server ¡¿ Recv Thread start...
2020-03-10 14:11:32,371 - DEBUG - ¡¾ Data Server ¡¿ Parse Thread start...
2020-03-10 14:11:32,416 - DEBUG - ¡¾ Data Server ¡¿ Send Thread start...
2020-03-10 14:11:32,418 - DEBUG - ¡¾ Data Server ¡¿ Upload Location Thread start ... 
2020-03-10 14:11:32,531 - DEBUG - SEND DATA:   lens: 49      data: || 7E 02 00 00 22 00 00 00 00 00 01 00 01 00 00 00 00 00 00 00 03 01 F0 09 1A 06 B2 D8 20 00 00 02 44 00 00 20 03 10 14 11 32 01 04 00 00 17 1F C2 7E
2020-03-10 14:11:32,680 - DEBUG - SEND DATA:   lens: 15      data: || 7E 00 02 00 00 00 00 00 00 00 01 00 02 01 7E
2020-03-10 14:11:32,953 - DEBUG - RECV DATA:   lens: 20      data: || 7E 80 01 00 05 00 02 18 51 06 24 00 01 00 01 02 00 00 EF 7E
2020-03-10 14:11:33,089 - DEBUG - RECV DATA:   lens: 20      data: || 7E 80 01 00 05 00 02 18 51 06 24 00 02 00 02 00 02 00 EF 7E
2020-03-10 14:11:42,457 - DEBUG - SEND DATA:   lens: 49      data: || 7E 02 00 00 22 00 00 00 00 00 01 00 03 00 00 00 00 00 00 00 03 01 F0 0E BC 06 B2 D9 58 00 00 02 4E 00 00 20 03 10 14 11 42 01 04 00 00 17 20 5D 7E
2020-03-10 14:11:42,533 - DEBUG - RECV DATA:   lens: 20      data: || 7E 80 01 00 05 00 02 18 51 06 24 00 03 00 03 02 00 00 EF 7E
2020-03-10 14:11:42,563 - DEBUG - SEND DATA:   lens: 15      data: || 7E 00 02 00 00 00 00 00 00 00 01 00 04 07 7E
2020-03-10 14:11:42,645 - DEBUG - RECV DATA:   lens: 20      data: || 7E 80 01 00 05 00 02 18 51 06 24 00 04 00 04 00 02 00 EF 7E
2020-03-10 14:11:51,398 - DEBUG - RECV DATA:   lens: 60      data: || 7E 81 06 00 2D 00 02 18 51 06 24 00 05 0B 00 00 00 01 00 00 00 13 00 00 00 18 00 00 00 29 00 00 00 55 00 00 00 56 00 00 00 5B 00 00 00 83 00 00 00 84 00 00 F3 65 00 00 F3 64 B0 7E
2020-03-10 14:11:52,490 - DEBUG - SEND DATA:   lens: 49      data: || 7E 02 00 00 22 00 00 00 00 00 01 00 05 00 00 00 00 00 00 00 03 01 F0 14 72 06 B2 DA 98 00 00 02 4E 00 00 20 03 10 14 11 52 01 04 00 00 17 21 5D 7E
2020-03-10 14:11:52,597 - DEBUG - SEND DATA:   lens: 15      data: || 7E 00 02 00 00 00 00 00 00 00 01 00 06 05 7E
2020-03-10 14:12:02,464 - DEBUG - SEND DATA:   lens: 49      data: || 7E 02 00 00 22 00 00 00 00 00 01 00 07 00 00 00 00 00 00 00 03 01 F0 1A 22 06 B2 DB A0 00 00 02 44 00 00 20 03 10 14 12 02 01 04 00 00 17 22 62 7E
2020-03-10 14:12:02,571 - DEBUG - SEND DATA:   lens: 15      data: || 7E 00 02 00 00 00 00 00 00 00 01 00 08 0B 7E
2020-03-10 14:12:12,513 - DEBUG - SEND DATA:   lens: 49      data: || 7E 02 00 00 22 00 00 00 00 00 01 00 09 00 00 00 00 00 00 00 03 01 F0 1F E4 06 B2 DC B8 00 00 02 58 00 00 20 03 10 14 12 12 01 04 00 00 17 23 BD 7E
2020-03-10 14:12:12,620 - DEBUG - SEND DATA:   lens: 15      data: || 7E 00 02 00 00 00 00 00 00 00 01 00 0A 09 7E
2020-03-10 14:12:22,549 - DEBUG - SEND DATA:   lens: 49      data: || 7E 02 00 00 22 00 00 00 00 00 01 00 0B 00 00 00 00 00 00 00 03 01 F0 25 B2 06 B2 DD C8 00 00 02 4E 00 00 20 03 10 14 12 22 01 04 00 00 17 24 83 7E
2020-03-10 14:12:22,666 - DEBUG - SEND DATA:   lens: 15      data: || 7E 00 02 00 00 00 00 00 00 00 01 00 0C 0F 7E
2020-03-10 14:12:32,506 - DEBUG - SEND DATA:   lens: 49      data: || 7E 02 00 00 22 00 00 00 00 00 01 00 0D 00 00 00 00 00 00 00 03 01 F0 2B 70 06 B2 DE E0 00 00 02 44 00 00 20 03 10 14 12 32 01 04 00 00 17 25 79 7E
2020-03-10 14:12:32,613 - DEBUG - SEND DATA:   lens: 15      data: || 7E 00 02 00 00 00 00 00 00 00 01 00 0E 0D 7E
2020-03-10 14:12:42,536 - DEBUG - SEND DATA:   lens: 49      data: || 7E 02 00 00 22 00 00 00 00 00 01 00 0F 00 00 00 00 00 00 00 03 01 F0 30 F5 06 B2 DF F0 00 00 02 26 00 00 20 03 10 14 12 42 01 04 00 00 17 26 E5 7E
2020-03-10 14:12:42,655 - DEBUG - SEND DATA:   lens: 15      data: || 7E 00 02 00 00 00 00 00 00 00 01 00 10 13 7E
2020-03-10 14:12:52,491 - DEBUG - SEND DATA:   lens: 49      data: || 7E 02 00 00 22 00 00 00 00 00 01 00 11 00 00 00 00 00 00 00 03 01 F0 36 0C 06 B2 E0 A8 00 00 01 CC 00 00 20 03 10 14 12 52 01 04 00 00 17 27 9B 7E
2020-03-10 14:12:52,597 - DEBUG - SEND DATA:   lens: 15      data: || 7E 00 02 00 00 00 00 00 00 00 01 00 12 11 7E
2020-03-10 14:13:02,533 - DEBUG - SEND DATA:   lens: 49      data: || 7E 02 00 00 22 00 00 00 00 00 01 00 13 00 00 00 00 00 00 00 03 01 F0 39 24 06 B2 E1 18 00 00 00 AA 00 00 20 03 10 14 13 02 01 04 00 00 17 28 36 7E
2020-03-10 14:13:02,638 - DEBUG - SEND DATA:   lens: 15      data: || 7E 00 02 00 00 00 00 00 00 00 01 00 14 17 7E
2020-03-10 14:13:12,581 - DEBUG - SEND DATA:   lens: 49      data: || 7E 02 00 00 22 00 00 00 00 00 01 00 15 00 00 00 00 00 00 00 03 01 F0 3A 77 06 B2 E1 38 00 00 00 78 00 00 20 03 10 14 13 12 01 04 00 00 17 29 83 7E
2020-03-10 14:13:12,711 - DEBUG - SEND DATA:   lens: 15      data: || 7E 00 02 00 00 00 00 00 00 00 01 00 16 15 7E
2020-03-10 14:13:22,547 - DEBUG - SEND DATA:   lens: 49      data: || 7E 02 00 00 22 00 00 00 00 00 01 00 17 00 00 00 00 00 00 00 03 01 F0 3C 28 06 B2 E1 80 00 00 00 BE 00 00 20 03 10 14 13 22 01 04 00 00 17 2A 95 7E
2020-03-10 14:13:22,654 - DEBUG - SEND DATA:   lens: 15      data: || 7E 00 02 00 00 00 00 00 00 00 01 00 18 1B 7E
2020-03-10 14:13:32,498 - DEBUG - SEND DATA:   lens: 49      data: || 7E 02 00 00 22 00 00 00 00 00 01 00 19 00 00 00 00 00 00 00 03 01 F0 3E 75 06 B2 E1 C8 00 00 01 0E 00 00 20 03 10 14 13 32 01 04 00 00 17 2B 2C 7E
2020-03-10 14:13:32,604 - DEBUG - SEND DATA:   lens: 15      data: || 7E 00 02 00 00 00 00 00 00 00 01 00 1A 19 7E
2020-03-10 14:13:42,609 - DEBUG - SEND DATA:   lens: 49      data: || 7E 02 00 00 22 00 00 00 00 00 01 00 1B 00 00 00 00 00 00 00 03 01 F0 41 BA 06 B2 E2 38 00 00 01 68 00 00 20 03 10 14 13 42 01 04 00 00 17 2C 7C 7E
2020-03-10 14:13:42,726 - DEBUG - SEND DATA:   lens: 15      data: || 7E 00 02 00 00 00 00 00 00 00 01 00 1C 1F 7E
2020-03-10 14:13:52,562 - DEBUG - SEND DATA:   lens: 49      data: || 7E 02 00 00 22 00 00 00 00 00 01 00 1D 00 00 00 00 00 00 00 03 01 F0 45 59 06 B2 E2 E0 00 00 01 7C 00 00 20 03 10 14 13 52 01 04 00 00 17 2D 40 7E
2020-03-10 14:13:52,669 - DEBUG - SEND DATA:   lens: 15      data: || 7E 00 02 00 00 00 00 00 00 00 01 00 1E 1D 7E
2020-03-10 14:14:02,592 - DEBUG - SEND DATA:   lens: 49      data: || 7E 02 00 00 22 00 00 00 00 00 01 00 1F 00 00 00 00 00 00 00 03 01 F0 49 5F 06 B2 E3 B0 00 00 01 C2 00 00 20 03 10 14 14 02 01 04 00 00 17 2E F3 7E
2020-03-10 14:14:02,699 - DEBUG - SEND DATA:   lens: 15      data: || 7E 00 02 00 00 00 00 00 00 00 01 00 20 23 7E
2020-03-10 14:14:12,540 - DEBUG - SEND DATA:   lens: 49      data: || 7E 02 00 00 22 00 00 00 00 00 01 00 21 00 00 00 00 00 00 00 03 01 F0 4D E6 06 B2 E4 98 00 00 01 D6 00 00 20 03 10 14 14 12 01 04 00 00 17 2F 5A 7E
2020-03-10 14:14:12,646 - DEBUG - SEND DATA:   lens: 15      data: || 7E 00 02 00 00 00 00 00 00 00 01 00 22 21 7E
2020-03-10 14:14:22,575 - DEBUG - SEND DATA:   lens: 49      data: || 7E 02 00 00 22 00 00 00 00 00 01 00 23 00 00 00 00 00 00 00 03 01 F0 52 98 06 B2 E5 50 00 00 01 E0 00 00 20 03 10 14 14 22 01 04 00 00 17 30 E9 7E
2020-03-10 14:14:22,680 - DEBUG - SEND DATA:   lens: 15      data: || 7E 00 02 00 00 00 00 00 00 00 01 00 24 27 7E
2020-03-10 14:14:32,603 - DEBUG - SEND DATA:   lens: 49      data: || 7E 02 00 00 22 00 00 00 00 00 01 00 25 00 00 00 00 00 00 00 03 01 F0 57 6C 06 B2 E5 F0 00 00 02 08 00 00 20 03 10 14 14 32 01 04 00 00 17 31 44 7E
2020-03-10 14:14:32,710 - DEBUG - SEND DATA:   lens: 15      data: || 7E 00 02 00 00 00 00 00 00 00 01 00 26 25 7E
2020-03-10 14:14:42,645 - DEBUG - SEND DATA:   lens: 49      data: || 7E 02 00 00 22 00 00 00 00 00 01 00 27 00 00 00 00 00 00 00 03 01 F0 5C A8 06 B2 E6 B0 00 00 02 1C 00 00 20 03 10 14 14 42 01 04 00 00 17 32 AD 7E
2020-03-10 14:14:42,764 - DEBUG - SEND DATA:   lens: 15      data: || 7E 00 02 00 00 00 00 00 00 00 01 00 28 2B 7E
2020-03-10 14:14:52,598 - DEBUG - SEND DATA:   lens: 49      data: || 7E 02 00 00 22 00 00 00 00 00 01 00 29 00 00 00 00 00 00 00 03 01 F0 61 E9 06 B2 E7 70 00 00 02 1C 00 00 20 03 10 14 14 52 01 04 00 00 17 33 0F 7E
2020-03-10 14:14:52,705 - DEBUG - SEND DATA:   lens: 15      data: || 7E 00 02 00 00 00 00 00 00 00 01 00 2A 29 7E
2020-03-10 14:15:02,641 - DEBUG - SEND DATA:   lens: 49      data: || 7E 02 00 00 22 00 00 00 00 00 01 00 2B 00 00 00 00 00 00 00 03 01 F0 67 19 06 B2 E8 48 00 00 02 12 00 00 20 03 10 14 15 02 01 04 00 00 17 34 94 7E
2020-03-10 14:15:02,747 - DEBUG - SEND DATA:   lens: 15      data: || 7E 00 02 00 00 00 00 00 00 00 01 00 2C 2F 7E
2020-03-10 14:15:12,583 - DEBUG - SEND DATA:   lens: 49      data: || 7E 02 00 00 22 00 00 00 00 00 01 00 2D 00 00 00 00 00 00 00 03 01 F0 6C 4F 06 B2 E8 F8 00 00 02 1C 00 00 20 03 10 14 15 12 01 04 00 00 17 35 60 7E
2020-03-10 14:15:12,701 - DEBUG - SEND DATA:   lens: 15      data: || 7E 00 02 00 00 00 00 00 00 00 01 00 2E 2D 7E
