2020-03-30 16:35:38,672 - DEBUG - Read excel Thread start ... 
2020-03-30 16:35:39,655 - DEBUG - ====================================================================================================
2020-03-30 16:35:39,656 - DEBUG - 【 Data Server 】 ('119.23.49.157', 2083) ('172.16.148.33', 56804) Connected ...
2020-03-30 16:35:39,656 - DEBUG - 【 Data Server 】 Recv Thread start...
2020-03-30 16:35:39,657 - DEBUG - 【 Data Server 】 Parse Thread start...
2020-03-30 16:35:39,657 - DEBUG - 【 Data Server 】 Send Thread start...
2020-03-30 16:35:39,658 - DEBUG - 【 Data Server 】 Upload Location Thread start ... 
2020-03-30 16:35:39,759 - DEBUG - SEND DATA:   lens: 49      data: || 7E 02 00 00 22 00 00 00 00 00 01 00 01 00 00 00 00 00 00 00 03 01 F0 DA 3E 06 B3 40 18 00 00 02 44 00 00 20 03 30 16 35 39 01 04 00 00 17 57 D1 7E
2020-03-30 16:35:39,888 - DEBUG - SEND DATA:   lens: 15      data: || 7E 00 02 00 00 00 00 00 00 00 01 00 02 01 7E
2020-03-30 16:35:39,972 - DEBUG - RECV DATA:   lens: 15      data: || 7E 81 07 00 00 00 00 00 00 00 01 00 01 86 7E
2020-03-30 16:35:39,978 - DEBUG - ―――――― 查询终端属性 ――――――
2020-03-30 16:35:40,006 - DEBUG - SEND DATA:   lens: 127     data: || 7E 01 07 00 70 00 00 00 00 00 01 00 03 00 00 72 65 63 6f 6e 52 65 63 6f 6e 6f 76 61 5f 50 35 30 30 00 00 00 00 00 00 00 31 32 5f 30 31 30 37 31 33 35 31 31 30 31 31 32 32 20 54 68 69 73 20 69 73 20 48 61 72 64 57 61 72 65 2e 30 31 30 37 00 00 00 00 00 00 00 00 00 00 00 20 54 68 69 73 20 69 73 20 46 69 72 6d 57 61 72 65 2e 00 00 00 00 00 00 00 00 00 00 00 00 00 00 00 00 00 42 7E
2020-03-30 16:35:40,090 - DEBUG - RECV DATA:   lens: 18      data: || 7E 89 00 00 03 00 00 00 00 00 01 00 02 F8 01 65 15 7E
2020-03-30 16:35:40,101 - DEBUG - ―――――― 查询基本信息 ――――――
2020-03-30 16:35:40,107 - DEBUG - 参数总数 1
2020-03-30 16:35:40,113 - DEBUG - == 查询信息 ==
2020-03-30 16:35:40,119 - DEBUG - ―――――― END ――――――
2020-03-30 16:35:40,119 - DEBUG - SEND DATA:   lens: 217     data: || 7E 09 00 00 CA 00 00 00 00 00 01 00 04 F8 01 65 C6 20 52 65 63 6f 6e 6f 76 61 00 00 00 00 00 00 00 00 00 00 00 00 00 00 00 00 00 00 00 00 00 00 00 00 20 52 4e 2d 43 41 2d 50 35 30 30 00 00 00 00 00 00 00 00 00 00 00 00 00 00 00 00 00 00 00 00 00 00 20 54 68 69 73 20 69 73 20 48 61 72 64 57 61 72 65 2e 30 39 30 30 00 00 00 00 00 00 00 00 00 00 00 20 54 68 69 73 20 69 73 20 53 6f 66 74 57 61 72 65 2e 00 00 00 00 00 00 00 00 00 00 00 00 00 00 00 20 31 32 33 34 35 36 5f 46 38 00 00 00 00 00 00 00 00
2020-03-30 16:35:40,230 - DEBUG - RECV DATA:   lens: 20      data: || 7E 80 01 00 05 00 00 00 00 00 01 00 03 00 01 02 00 00 85 7E
2020-03-30 16:35:40,360 - DEBUG - RECV DATA:   lens: 20      data: || 7E 80 01 00 05 00 00 00 00 00 01 00 04 00 02 00 02 00 81 7E
