2020-03-11 19:02:35,209 - DEBUG - Read excel Thread start ... 
2020-03-11 19:02:35,223 - DEBUG - ====================================================================================================
2020-03-11 19:02:35,223 - DEBUG - 【 Data Server 】 ('119.23.49.157', 2083) ('172.16.148.33', 62861) Connected ...
2020-03-11 19:02:35,265 - DEBUG - 【 Data Server 】 Recv Thread start...
2020-03-11 19:02:35,265 - DEBUG - 【 Data Server 】 Parse Thread start...
2020-03-11 19:02:35,326 - DEBUG - 【 Data Server 】 Send Thread start...
2020-03-11 19:02:35,326 - DEBUG - 【 Data Server 】 Upload Location Thread start ... 
2020-03-11 19:02:36,190 - DEBUG - SEND DATA:   lens: 49      data: || 7E 02 00 00 22 00 00 00 00 00 01 00 01 00 00 00 00 00 00 00 03 01 F0 71 A6 06 B2 E9 C0 00 00 02 26 00 00 20 03 11 19 02 36 01 04 00 00 17 36 87 7E
2020-03-11 19:02:36,273 - DEBUG - RECV DATA:   lens: 15      data: || 7E 81 07 00 00 00 00 00 00 00 01 39 E0 5E 7E
2020-03-11 19:02:36,273 - DEBUG - ―――――― 查询终端属性 ――――――
2020-03-11 19:02:36,307 - DEBUG - SEND DATA:   lens: 15      data: || 7E 00 02 00 00 00 00 00 00 00 01 00 02 01 7E
2020-03-11 19:02:36,381 - DEBUG - RECV DATA:   lens: 18      data: || 7E 89 00 00 03 00 00 00 00 00 01 39 E1 F8 01 65 CF 7E
2020-03-11 19:02:36,393 - DEBUG - ―――――― 查询基本信息 ――――――
2020-03-11 19:02:36,393 - DEBUG - 参数总数 1
2020-03-11 19:02:36,399 - DEBUG - == 查询信息 ==
2020-03-11 19:02:36,405 - DEBUG - ―――――― END ――――――
2020-03-11 19:02:36,431 - DEBUG - SEND DATA:   lens: 127     data: || 7E 01 07 00 70 00 00 00 00 00 01 00 03 00 00 72 65 63 6f 6e 52 65 63 6f 6e 6f 76 61 5f 50 35 30 30 00 00 00 00 00 00 00 31 32 5f 30 31 30 37 31 33 35 31 31 30 31 31 32 32 20 54 68 69 73 20 69 73 20 48 61 72 64 57 61 72 65 2e 30 31 30 37 00 00 00 00 00 00 00 00 00 00 00 20 54 68 69 73 20 69 73 20 46 69 72 6d 57 61 72 65 2e 00 00 00 00 00 00 00 00 00 00 00 00 00 00 00 00 00 42 7E
2020-03-11 19:02:36,516 - DEBUG - RECV DATA:   lens: 20      data: || 7E 80 01 00 05 00 00 00 00 00 01 39 E2 00 01 02 00 00 5D 7E
2020-03-11 19:02:36,562 - DEBUG - SEND DATA:   lens: 217     data: || 7E 09 00 00 CA 00 00 00 00 00 01 00 04 F8 01 65 C6 20 52 65 63 6f 6e 6f 76 61 00 00 00 00 00 00 00 00 00 00 00 00 00 00 00 00 00 00 00 00 00 00 00 00 20 52 4e 2d 43 41 2d 50 35 30 30 00 00 00 00 00 00 00 00 00 00 00 00 00 00 00 00 00 00 00 00 00 00 20 54 68 69 73 20 69 73 20 48 61 72 64 57 61 72 65 2e 30 39 30 30 00 00 00 00 00 00 00 00 00 00 00 20 54 68 69 73 20 69 73 20 53 6f 66 74 57 61 72 65 2e 00 00 00 00 00 00 00 00 00 00 00 00 00 00 00 20 31 32 33 34 35 36 5f 46 38 00 00 00 00 00 00 00 00
2020-03-11 19:02:36,623 - DEBUG - RECV DATA:   lens: 20      data: || 7E 80 01 00 05 00 00 00 00 00 01 39 E3 00 02 00 02 00 5F 7E
2020-03-11 19:02:46,187 - DEBUG - SEND DATA:   lens: 49      data: || 7E 02 00 00 22 00 00 00 00 00 01 00 05 00 00 00 00 00 00 00 03 01 F0 77 1E 06 B2 EA 90 00 00 02 3A 00 00 20 03 11 19 02 46 01 04 00 00 17 37 03 7E
2020-03-11 19:02:46,286 - DEBUG - RECV DATA:   lens: 20      data: || 7E 80 01 00 05 00 00 00 00 00 01 39 E4 00 05 02 00 00 5F 7E
2020-03-11 19:02:46,292 - DEBUG - SEND DATA:   lens: 15      data: || 7E 00 02 00 00 00 00 00 00 00 01 00 06 05 7E
2020-03-11 19:02:46,405 - DEBUG - RECV DATA:   lens: 20      data: || 7E 80 01 00 05 00 00 00 00 00 01 39 E5 00 06 00 02 00 5D 7E
2020-03-11 19:02:52,072 - DEBUG - RECV DATA:   lens: 15      data: || 7E 81 07 00 00 00 00 00 00 00 01 39 E6 58 7E
2020-03-11 19:02:52,078 - DEBUG - ―――――― 查询终端属性 ――――――
2020-03-11 19:02:52,165 - DEBUG - SEND DATA:   lens: 127     data: || 7E 01 07 00 70 00 00 00 00 00 01 00 07 00 00 72 65 63 6f 6e 52 65 63 6f 6e 6f 76 61 5f 50 35 30 30 00 00 00 00 00 00 00 31 32 5f 30 31 30 37 31 33 35 31 31 30 31 31 32 32 20 54 68 69 73 20 69 73 20 48 61 72 64 57 61 72 65 2e 30 31 30 37 00 00 00 00 00 00 00 00 00 00 00 20 54 68 69 73 20 69 73 20 46 69 72 6d 57 61 72 65 2e 00 00 00 00 00 00 00 00 00 00 00 00 00 00 00 00 00 46 7E
2020-03-11 19:02:52,195 - DEBUG - RECV DATA:   lens: 18      data: || 7E 89 00 00 03 00 00 00 00 00 01 39 E7 F8 01 65 C9 7E
2020-03-11 19:02:52,200 - DEBUG - ―――――― 查询基本信息 ――――――
2020-03-11 19:02:52,212 - DEBUG - 参数总数 1
2020-03-11 19:02:52,235 - DEBUG - == 查询信息 ==
2020-03-11 19:02:52,253 - DEBUG - ―――――― END ――――――
2020-03-11 19:02:52,284 - DEBUG - SEND DATA:   lens: 217     data: || 7E 09 00 00 CA 00 00 00 00 00 01 00 08 F8 01 65 C6 20 52 65 63 6f 6e 6f 76 61 00 00 00 00 00 00 00 00 00 00 00 00 00 00 00 00 00 00 00 00 00 00 00 00 20 52 4e 2d 43 41 2d 50 35 30 30 00 00 00 00 00 00 00 00 00 00 00 00 00 00 00 00 00 00 00 00 00 00 20 54 68 69 73 20 69 73 20 48 61 72 64 57 61 72 65 2e 30 39 30 30 00 00 00 00 00 00 00 00 00 00 00 20 54 68 69 73 20 69 73 20 53 6f 66 74 57 61 72 65 2e 00 00 00 00 00 00 00 00 00 00 00 00 00 00 00 20 31 32 33 34 35 36 5f 46 38 00 00 00 00 00 00 00 00
2020-03-11 19:02:52,377 - DEBUG - RECV DATA:   lens: 18      data: || 7E 89 00 00 03 00 00 00 00 00 01 39 E8 F9 01 FF 5D 7E
2020-03-11 19:02:52,405 - DEBUG - ―――――― 查询基本信息 ――――――
2020-03-11 19:02:52,422 - DEBUG - 参数总数 1
2020-03-11 19:02:52,446 - DEBUG - == 查询硬件信息 ==
2020-03-11 19:02:52,470 - DEBUG - ―――――― END ――――――
2020-03-11 19:02:52,504 - DEBUG - SEND DATA:   lens: 23      data: || 7E 09 00 00 08 00 00 00 00 00 01 00 09 F9 01 FF 04 00 00 00 00 0A 7E
2020-03-11 19:02:52,599 - DEBUG - RECV DATA:   lens: 18      data: || 7E 89 00 00 03 00 00 00 00 00 01 39 E9 FA 01 FF 5F 7E
2020-03-11 19:02:52,622 - DEBUG - ―――――― 查询基本信息 ――――――
2020-03-11 19:02:52,628 - DEBUG - 参数总数 1
2020-03-11 19:02:52,634 - DEBUG - == 查询软件信息 ==
2020-03-11 19:02:52,640 - DEBUG - ―――――― END ――――――
2020-03-11 19:02:52,713 - DEBUG - SEND DATA:   lens: 113     data: || 7E 09 00 00 62 00 00 00 00 00 01 00 0A FA 01 FF 5E 0B 31 33 38 31 31 31 31 31 31 31 31 00 0E 52 4e 2d 43 41 2d 50 35 30 30 2d 4d 43 55 20 31 32 33 34 35 36 5f 46 41 00 00 00 00 00 00 00 00 00 00 00 00 00 00 00 00 00 00 00 00 00 00 00 20 31 32 33 34 35 36 00 00 00 00 00 00 00 00 00 00 00 00 00 00 00 00 00 00 00 00 00 00 00 00 00 00 50 7E
2020-03-11 19:02:56,247 - DEBUG - SEND DATA:   lens: 49      data: || 7E 02 00 00 22 00 00 00 00 00 01 00 0B 00 00 00 00 00 00 00 03 01 F0 7B 0D 06 B2 EB 28 00 00 02 44 00 00 20 03 11 19 02 56 01 04 00 00 17 38 CA 7E
2020-03-11 19:02:56,267 - DEBUG - RECV DATA:   lens: 20      data: || 7E 80 01 00 05 00 00 00 00 00 01 39 EA 00 0B 02 00 00 5F 7E
2020-03-11 19:02:56,353 - DEBUG - SEND DATA:   lens: 15      data: || 7E 00 02 00 00 00 00 00 00 00 01 00 0C 0F 7E
2020-03-11 19:02:56,379 - DEBUG - RECV DATA:   lens: 20      data: || 7E 80 01 00 05 00 00 00 00 00 01 39 EB 00 0C 00 02 00 59 7E
2020-03-11 19:03:06,186 - DEBUG - SEND DATA:   lens: 49      data: || 7E 02 00 00 22 00 00 00 00 00 01 00 0D 00 00 00 00 00 00 00 03 01 F0 7C C0 06 B2 EB 60 00 00 02 44 00 00 20 03 11 19 03 06 01 04 00 00 17 39 1E 7E
2020-03-11 19:03:06,348 - DEBUG - RECV DATA:   lens: 20      data: || 7E 80 01 00 05 00 00 00 00 00 01 39 EC 00 0D 02 00 00 5F 7E
2020-03-11 19:03:06,360 - DEBUG - SEND DATA:   lens: 15      data: || 7E 00 02 00 00 00 00 00 00 00 01 00 0E 0D 7E
2020-03-11 19:03:06,467 - DEBUG - RECV DATA:   lens: 20      data: || 7E 80 01 00 05 00 00 00 00 00 01 39 ED 00 0E 00 02 00 5D 7E
2020-03-11 19:03:16,191 - DEBUG - SEND DATA:   lens: 49      data: || 7E 02 00 00 22 00 00 00 00 00 01 00 0F 00 00 00 00 00 00 00 03 01 F0 82 52 06 B2 EC 28 00 00 02 3A 00 00 20 03 11 19 03 16 01 04 00 00 17 3A 52 7E
2020-03-11 19:03:16,274 - DEBUG - RECV DATA:   lens: 20      data: || 7E 80 01 00 05 00 00 00 00 00 01 39 EE 00 0F 02 00 00 5F 7E
2020-03-11 19:03:16,297 - DEBUG - SEND DATA:   lens: 15      data: || 7E 00 02 00 00 00 00 00 00 00 01 00 10 13 7E
2020-03-11 19:03:16,397 - DEBUG - RECV DATA:   lens: 20      data: || 7E 80 01 00 05 00 00 00 00 00 01 39 EF 00 10 00 02 00 41 7E
2020-03-11 19:03:26,227 - DEBUG - SEND DATA:   lens: 49      data: || 7E 02 00 00 22 00 00 00 00 00 01 00 11 00 00 00 00 00 00 00 03 01 F0 88 00 06 B2 ED 00 00 00 02 3A 00 00 20 03 11 19 03 26 01 04 00 00 17 3B 0C 7E
2020-03-11 19:03:26,334 - DEBUG - SEND DATA:   lens: 15      data: || 7E 00 02 00 00 00 00 00 00 00 01 00 12 11 7E
2020-03-11 19:03:26,340 - DEBUG - RECV DATA:   lens: 20      data: || 7E 80 01 00 05 00 00 00 00 00 01 39 F0 00 11 02 00 00 5F 7E
2020-03-11 19:03:26,475 - DEBUG - RECV DATA:   lens: 20      data: || 7E 80 01 00 05 00 00 00 00 00 01 39 F1 00 12 00 02 00 5D 7E
2020-03-11 19:03:36,260 - DEBUG - SEND DATA:   lens: 49      data: || 7E 02 00 00 22 00 00 00 00 00 01 00 13 00 00 00 00 00 00 00 03 01 F0 8D BC 06 B2 ED B0 00 00 02 4E 00 00 20 03 11 19 03 36 01 04 00 00 17 3C 64 7E
2020-03-11 19:03:36,310 - DEBUG - RECV DATA:   lens: 20      data: || 7E 80 01 00 05 00 00 00 00 00 01 39 F2 00 13 02 00 00 5F 7E
2020-03-11 19:03:36,367 - DEBUG - SEND DATA:   lens: 15      data: || 7E 00 02 00 00 00 00 00 00 00 01 00 14 17 7E
2020-03-11 19:03:36,422 - DEBUG - RECV DATA:   lens: 20      data: || 7E 80 01 00 05 00 00 00 00 00 01 39 F3 00 14 00 02 00 59 7E
2020-03-11 19:03:46,207 - DEBUG - SEND DATA:   lens: 49      data: || 7E 02 00 00 22 00 00 00 00 00 01 00 15 00 00 00 00 00 00 00 03 01 F0 93 88 06 B2 EE A0 00 00 02 44 00 00 20 03 11 19 03 46 01 04 00 00 17 3D 20 7E
2020-03-11 19:03:46,234 - DEBUG - RECV DATA:   lens: 20      data: || 7E 80 01 00 05 00 00 00 00 00 01 39 F4 00 15 02 00 00 5F 7E
2020-03-11 19:03:46,315 - DEBUG - SEND DATA:   lens: 15      data: || 7E 00 02 00 00 00 00 00 00 00 01 00 16 15 7E
2020-03-11 19:03:46,442 - DEBUG - RECV DATA:   lens: 20      data: || 7E 80 01 00 05 00 00 00 00 00 01 39 F5 00 16 00 02 00 5D 7E
2020-03-11 19:03:56,252 - DEBUG - SEND DATA:   lens: 49      data: || 7E 02 00 00 22 00 00 00 00 00 01 00 17 00 00 00 00 00 00 00 03 01 F0 98 DA 06 B2 EF 98 00 00 01 E0 00 00 20 03 11 19 03 56 01 04 00 00 17 3E F6 7E
2020-03-11 19:03:56,288 - DEBUG - RECV DATA:   lens: 20      data: || 7E 80 01 00 05 00 00 00 00 00 01 39 F6 00 17 02 00 00 5F 7E
2020-03-11 19:03:56,357 - DEBUG - SEND DATA:   lens: 15      data: || 7E 00 02 00 00 00 00 00 00 00 01 00 18 1B 7E
2020-03-11 19:03:56,393 - DEBUG - RECV DATA:   lens: 20      data: || 7E 80 01 00 05 00 00 00 00 00 01 39 F7 00 18 00 02 00 51 7E
2020-03-11 19:04:06,287 - DEBUG - SEND DATA:   lens: 49      data: || 7E 02 00 00 22 00 00 00 00 00 01 00 19 00 00 00 00 00 00 00 03 01 F0 9C 5E 06 B2 EF E8 00 00 01 22 00 00 20 03 11 19 04 06 01 04 00 00 17 3F 9C 7E
2020-03-11 19:04:06,304 - DEBUG - RECV DATA:   lens: 20      data: || 7E 80 01 00 05 00 00 00 00 00 01 39 F8 00 19 02 00 00 5F 7E
2020-03-11 19:04:06,394 - DEBUG - SEND DATA:   lens: 15      data: || 7E 00 02 00 00 00 00 00 00 00 01 00 1A 19 7E
2020-03-11 19:04:06,512 - DEBUG - RECV DATA:   lens: 20      data: || 7E 80 01 00 05 00 00 00 00 00 01 39 F9 00 1A 00 02 00 5D 7E
2020-03-11 19:04:16,312 - DEBUG - SEND DATA:   lens: 49      data: || 7E 02 00 00 22 00 00 00 00 00 01 00 1B 00 00 00 00 00 00 00 03 01 F0 9E E8 06 B2 EE 58 00 00 01 18 00 00 20 03 11 19 04 16 01 04 00 00 17 40 CE 7E
2020-03-11 19:04:16,419 - DEBUG - SEND DATA:   lens: 15      data: || 7E 00 02 00 00 00 00 00 00 00 01 00 1C 1F 7E
2020-03-11 19:04:16,431 - DEBUG - RECV DATA:   lens: 20      data: || 7E 80 01 00 05 00 00 00 00 00 01 39 FA 00 1B 02 00 00 5F 7E
2020-03-11 19:04:16,538 - DEBUG - RECV DATA:   lens: 20      data: || 7E 80 01 00 05 00 00 00 00 00 01 39 FB 00 1C 00 02 00 59 7E
2020-03-11 19:04:26,250 - DEBUG - SEND DATA:   lens: 49      data: || 7E 02 00 00 22 00 00 00 00 00 01 00 1D 00 00 00 00 00 00 00 03 01 F0 A1 56 06 B2 EC 88 00 00 01 18 00 00 20 03 11 19 04 26 01 04 00 00 17 41 AA 7E
2020-03-11 19:04:26,335 - DEBUG - RECV DATA:   lens: 20      data: || 7E 80 01 00 05 00 00 00 00 00 01 39 FC 00 1D 02 00 00 5F 7E
2020-03-11 19:04:26,357 - DEBUG - SEND DATA:   lens: 15      data: || 7E 00 02 00 00 00 00 00 00 00 01 00 1E 1D 7E
2020-03-11 19:04:26,447 - DEBUG - RECV DATA:   lens: 20      data: || 7E 80 01 00 05 00 00 00 00 00 01 39 FD 00 1E 00 02 00 5D 7E
2020-03-11 19:04:36,292 - DEBUG - SEND DATA:   lens: 49      data: || 7E 02 00 00 22 00 00 00 00 00 01 00 1F 00 00 00 00 00 00 00 03 01 F0 A3 CA 06 B2 EB 98 00 00 00 F0 00 00 20 03 11 19 04 36 01 04 00 00 17 42 DB 7E
2020-03-11 19:04:36,360 - DEBUG - RECV DATA:   lens: 20      data: || 7E 80 01 00 05 00 00 00 00 00 01 39 FE 00 1F 02 00 00 5F 7E
2020-03-11 19:04:36,399 - DEBUG - SEND DATA:   lens: 15      data: || 7E 00 02 00 00 00 00 00 00 00 01 00 20 23 7E
2020-03-11 19:04:36,472 - DEBUG - RECV DATA:   lens: 20      data: || 7E 80 01 00 05 00 00 00 00 00 01 39 FF 00 20 00 02 00 61 7E
2020-03-11 19:04:46,325 - DEBUG - SEND DATA:   lens: 49      data: || 7E 02 00 00 22 00 00 00 00 00 01 00 21 00 00 00 00 00 00 00 03 01 F0 A5 F0 06 B2 EC 08 00 00 00 E6 00 00 20 03 11 19 04 46 01 04 00 00 17 43 29 7E
2020-03-11 19:04:46,386 - DEBUG - RECV DATA:   lens: 20      data: || 7E 80 01 00 05 00 00 00 00 00 01 3A 00 00 21 02 00 00 9C 7E
2020-03-11 19:04:46,432 - DEBUG - SEND DATA:   lens: 15      data: || 7E 00 02 00 00 00 00 00 00 00 01 00 22 21 7E
2020-03-11 19:04:46,498 - DEBUG - RECV DATA:   lens: 20      data: || 7E 80 01 00 05 00 00 00 00 00 01 3A 01 00 22 00 02 00 9E 7E
2020-03-11 19:04:56,249 - DEBUG - SEND DATA:   lens: 49      data: || 7E 02 00 00 22 00 00 00 00 00 01 00 23 00 00 00 00 00 00 00 03 01 F0 A7 AA 06 B2 EE 20 00 00 01 0E 00 00 20 03 11 19 04 56 01 04 00 00 17 44 A7 7E
2020-03-11 19:04:56,317 - DEBUG - RECV DATA:   lens: 20      data: || 7E 80 01 00 05 00 00 00 00 00 01 3A 02 00 23 02 00 00 9C 7E
2020-03-11 19:04:56,356 - DEBUG - SEND DATA:   lens: 15      data: || 7E 00 02 00 00 00 00 00 00 00 01 00 24 27 7E
2020-03-11 19:04:56,424 - DEBUG - RECV DATA:   lens: 20      data: || 7E 80 01 00 05 00 00 00 00 00 01 3A 03 00 24 00 02 00 9A 7E
2020-03-11 19:05:06,280 - DEBUG - SEND DATA:   lens: 49      data: || 7E 02 00 00 22 00 00 00 00 00 01 00 25 00 00 00 00 00 00 00 03 01 F0 A9 7C 06 B2 F0 F0 00 00 01 54 00 00 20 03 11 19 05 06 01 04 00 00 17 45 BD 7E
2020-03-11 19:05:06,388 - DEBUG - SEND DATA:   lens: 15      data: || 7E 00 02 00 00 00 00 00 00 00 01 00 26 25 7E
2020-03-11 19:05:07,508 - DEBUG - RECV DATA:   lens: 20      data: || 7E 80 01 00 05 00 00 00 00 00 01 3A 04 00 25 02 00 00 9C 7E
2020-03-11 19:05:07,626 - DEBUG - RECV DATA:   lens: 20      data: || 7E 80 01 00 05 00 00 00 00 00 01 3A 05 00 26 00 02 00 9E 7E
2020-03-11 19:05:16,336 - DEBUG - SEND DATA:   lens: 49      data: || 7E 02 00 00 22 00 00 00 00 00 01 00 27 00 00 00 00 00 00 00 03 01 F0 AB B4 06 B2 F4 68 00 00 01 86 00 00 20 03 11 19 05 16 01 04 00 00 17 46 28 7E
2020-03-11 19:05:16,362 - DEBUG - RECV DATA:   lens: 20      data: || 7E 80 01 00 05 00 00 00 00 00 01 3A 06 00 27 02 00 00 9C 7E
2020-03-11 19:05:16,442 - DEBUG - SEND DATA:   lens: 15      data: || 7E 00 02 00 00 00 00 00 00 00 01 00 28 2B 7E
2020-03-11 19:05:16,474 - DEBUG - RECV DATA:   lens: 20      data: || 7E 80 01 00 05 00 00 00 00 00 01 3A 07 00 28 00 02 00 92 7E
2020-03-11 19:05:26,364 - DEBUG - SEND DATA:   lens: 49      data: || 7E 02 00 00 22 00 00 00 00 00 01 00 29 00 00 00 00 00 00 00 03 01 F0 AD E8 06 B2 F8 90 00 00 01 A4 00 00 20 03 11 19 05 26 01 04 00 00 17 47 9B 7E
2020-03-11 19:05:26,412 - DEBUG - RECV DATA:   lens: 20      data: || 7E 80 01 00 05 00 00 00 00 00 01 3A 08 00 29 02 00 00 9C 7E
2020-03-11 19:05:26,471 - DEBUG - SEND DATA:   lens: 15      data: || 7E 00 02 00 00 00 00 00 00 00 01 00 2A 29 7E
2020-03-11 19:05:26,525 - DEBUG - RECV DATA:   lens: 20      data: || 7E 80 01 00 05 00 00 00 00 00 01 3A 09 00 2A 00 02 00 9E 7E
2020-03-11 19:05:36,376 - DEBUG - SEND DATA:   lens: 49      data: || 7E 02 00 00 22 00 00 00 00 00 01 00 2B 00 00 00 00 00 00 00 03 01 F0 B0 48 06 B2 FC B0 00 00 01 AE 00 00 20 03 11 19 05 36 01 04 00 00 17 48 15 7E
2020-03-11 19:05:36,483 - DEBUG - SEND DATA:   lens: 15      data: || 7E 00 02 00 00 00 00 00 00 00 01 00 2C 2F 7E
2020-03-11 19:05:36,489 - DEBUG - RECV DATA:   lens: 20      data: || 7E 80 01 00 05 00 00 00 00 00 01 3A 0A 00 2B 02 00 00 9C 7E
2020-03-11 19:05:36,606 - DEBUG - RECV DATA:   lens: 20      data: || 7E 80 01 00 05 00 00 00 00 00 01 3A 0B 00 2C 00 02 00 9A 7E
2020-03-11 19:05:46,397 - DEBUG - SEND DATA:   lens: 49      data: || 7E 02 00 00 22 00 00 00 00 00 01 00 2D 00 00 00 00 00 00 00 03 01 F0 B1 52 06 B2 FE 58 00 00 01 AE 00 00 20 03 11 19 05 46 01 04 00 00 17 49 93 7E
2020-03-11 19:05:46,416 - DEBUG - RECV DATA:   lens: 20      data: || 7E 80 01 00 05 00 00 00 00 00 01 3A 0C 00 2D 02 00 00 9C 7E
2020-03-11 19:05:46,516 - DEBUG - SEND DATA:   lens: 15      data: || 7E 00 02 00 00 00 00 00 00 00 01 00 2E 2D 7E
2020-03-11 19:05:46,641 - DEBUG - RECV DATA:   lens: 20      data: || 7E 80 01 00 05 00 00 00 00 00 01 3A 0D 00 2E 00 02 00 9E 7E
2020-03-11 19:05:56,376 - DEBUG - SEND DATA:   lens: 49      data: || 7E 02 00 00 22 00 00 00 00 00 01 00 2F 00 00 00 00 00 00 00 03 01 F0 B2 DC 06 B3 00 C0 00 00 01 B8 00 00 20 03 11 19 05 56 01 04 00 00 17 4A 7E 7E
2020-03-11 19:05:56,466 - DEBUG - RECV DATA:   lens: 20      data: || 7E 80 01 00 05 00 00 00 00 00 01 3A 0E 00 2F 02 00 00 9C 7E
2020-03-11 19:05:56,482 - DEBUG - SEND DATA:   lens: 15      data: || 7E 00 02 00 00 00 00 00 00 00 01 00 30 33 7E
2020-03-11 19:05:56,679 - DEBUG - RECV DATA:   lens: 20      data: || 7E 80 01 00 05 00 00 00 00 00 01 3A 0F 00 30 00 02 00 82 7E
