2020-03-09 18:41:21,079 - DEBUG - Read excel Thread start ... 
2020-03-09 18:41:21,080 - DEBUG - ====================================================================================================
2020-03-09 18:41:21,081 - DEBUG - 【 Data Server 】 ('172.16.100.164', 8888) ('172.16.100.164', 64563) Connected ...
2020-03-09 18:41:21,087 - DEBUG - 【 Data Server 】 Recv Thread start...
2020-03-09 18:41:21,099 - DEBUG - 【 Data Server 】 Parse Thread start...
2020-03-09 18:41:21,149 - DEBUG - 【 Data Server 】 Send Thread start...
2020-03-09 18:41:21,167 - DEBUG - 【 Data Server 】 Upload Location Thread start ... 
2020-03-09 18:41:21,273 - DEBUG - SEND DATA:   lens: 49      data: || 7E 02 00 00 22 00 00 00 00 00 01 00 01 00 00 00 00 00 00 00 03 01 DE C9 5E 06 B1 9F 80 00 00 01 A4 00 00 20 03 09 18 41 21 01 04 00 00 11 F3 D3 7E
2020-03-09 18:41:21,378 - DEBUG - SEND DATA:   lens: 15      data: || 7E 00 02 00 00 00 00 00 00 00 01 00 02 01 7E
2020-03-09 18:41:21,668 - DEBUG - RECV DATA:   lens: 20      data: || 7E 80 01 00 05 00 02 18 51 06 24 00 01 00 01 02 00 00 EF 7E
2020-03-09 18:41:21,799 - DEBUG - RECV DATA:   lens: 20      data: || 7E 80 01 00 05 00 02 18 51 06 24 00 02 00 02 00 02 00 EF 7E
2020-03-09 18:41:31,300 - DEBUG - SEND DATA:   lens: 49      data: || 7E 02 00 00 22 00 00 00 00 00 01 00 03 00 00 00 00 00 00 00 03 01 DE CB FE 06 B1 A1 48 00 00 01 0E 00 00 20 03 09 18 41 31 01 04 00 00 11 F4 38 7E
2020-03-09 18:41:31,375 - DEBUG - RECV DATA:   lens: 20      data: || 7E 80 01 00 05 00 02 18 51 06 24 00 03 00 03 02 00 00 EF 7E
2020-03-09 18:41:31,406 - DEBUG - SEND DATA:   lens: 15      data: || 7E 00 02 00 00 00 00 00 00 00 01 00 04 07 7E
2020-03-09 18:41:31,499 - DEBUG - RECV DATA:   lens: 20      data: || 7E 80 01 00 05 00 02 18 51 06 24 00 04 00 04 00 02 00 EF 7E
2020-03-09 18:41:41,247 - DEBUG - SEND DATA:   lens: 49      data: || 7E 02 00 00 22 00 00 00 00 00 01 00 05 00 00 00 00 00 00 00 03 01 DE CE CE 06 B1 A3 18 00 00 01 68 00 00 20 03 09 18 41 41 01 04 00 00 11 F5 4E 7E
2020-03-09 18:41:41,324 - DEBUG - RECV DATA:   lens: 20      data: || 7E 80 01 00 05 00 02 18 51 06 24 00 05 00 05 02 00 00 EF 7E
2020-03-09 18:41:41,354 - DEBUG - SEND DATA:   lens: 15      data: || 7E 00 02 00 00 00 00 00 00 00 01 00 06 05 7E
2020-03-09 18:41:41,430 - DEBUG - RECV DATA:   lens: 20      data: || 7E 80 01 00 05 00 02 18 51 06 24 00 06 00 06 00 02 00 EF 7E
2020-03-09 18:41:44,671 - DEBUG - SEND DATA:   lens: 92      data: || 7E 02 00 00 4D 00 00 00 00 00 01 00 07 00 00 00 00 00 00 00 03 01 57 CB 96 06 CA 96 28 00 50 02 26 00 00 20 03 09 18 41 44 64 2F 00 00 00 01 00 01 02 32 03 00 00 00 37 00 50 01 57 CB 96 06 CA 96 28 20 03 09 18 41 44 00 01 00 00 00 00 00 00 01 20 03 09 18 41 44 01 04 00 13 7E
2020-03-09 18:41:44,728 - DEBUG - RECV DATA:   lens: 97      data: || 7E 92 08 00 52 00 02 18 51 06 24 00 07 0D 31 30 33 2E 34 36 2E 31 32 38 2E 34 33 6E E4 00 00 00 00 00 00 00 00 01 20 03 09 18 41 44 01 04 00 31 35 38 33 37 35 30 35 30 34 36 37 38 34 31 38 31 35 38 33 37 35 30 35 30 34 36 37 38 34 31 38 00 00 00 00 00 00 00 00 00 00 00 00 00 00 00 00 30 7E
2020-03-09 18:41:44,740 - DEBUG - ―――――― 收到服务器地址 ――――――
2020-03-09 18:41:44,746 - DEBUG - 服务器IP： 103.46.128.43
2020-03-09 18:41:44,746 - DEBUG - TCP端口： 28388
2020-03-09 18:41:44,764 - DEBUG - UDP端口： 0
2020-03-09 18:41:44,764 - DEBUG - 报警标识： 00000000000001200309184144010400
2020-03-09 18:41:44,787 - DEBUG - SEND DATA:   lens: 20      data: || 7E 00 01 00 05 00 02 18 51 06 24 00 08 00 07 92 08 00 F8 7E
2020-03-09 18:41:44,787 - DEBUG - 报警编号： 3135383337353035303436373834313831353833373530353034363738343138
2020-03-09 18:41:44,804 - DEBUG - ―――――― END ――――――
2020-03-09 18:41:44,931 - DEBUG - RECV DATA:   lens: 20      data: || 7E 80 01 00 05 00 02 18 51 06 24 00 08 00 07 02 00 00 E0 7E
2020-03-09 18:41:51,317 - DEBUG - SEND DATA:   lens: 49      data: || 7E 02 00 00 22 00 00 00 00 00 01 00 09 00 00 00 00 00 00 00 03 01 DE D1 EC 06 B1 A5 18 00 00 01 68 00 00 20 03 09 18 41 51 01 04 00 00 11 F6 6A 7E
2020-03-09 18:41:51,341 - DEBUG - RECV DATA:   lens: 20      data: || 7E 80 01 00 05 00 02 18 51 06 24 00 09 00 09 02 00 00 EF 7E
2020-03-09 18:41:51,424 - DEBUG - SEND DATA:   lens: 15      data: || 7E 00 02 00 00 00 00 00 00 00 01 00 0A 09 7E
2020-03-09 18:41:51,453 - DEBUG - RECV DATA:   lens: 20      data: || 7E 80 01 00 05 00 02 18 51 06 24 00 0A 00 0A 00 02 00 EF 7E
2020-03-09 18:42:01,249 - DEBUG - SEND DATA:   lens: 49      data: || 7E 02 00 00 22 00 00 00 00 00 01 00 0B 00 00 00 00 00 00 00 03 01 DE D5 42 06 B1 A7 48 00 00 01 9A 00 00 20 03 09 18 42 01 01 04 00 00 11 F7 30 7E
2020-03-09 18:42:01,288 - DEBUG - RECV DATA:   lens: 20      data: || 7E 80 01 00 05 00 02 18 51 06 24 00 0B 00 0B 02 00 00 EF 7E
2020-03-09 18:42:01,355 - DEBUG - SEND DATA:   lens: 15      data: || 7E 00 02 00 00 00 00 00 00 00 01 00 0C 0F 7E
2020-03-09 18:42:01,394 - DEBUG - RECV DATA:   lens: 20      data: || 7E 80 01 00 05 00 02 18 51 06 24 00 0C 00 0C 00 02 00 EF 7E
2020-03-09 18:42:11,287 - DEBUG - SEND DATA:   lens: 49      data: || 7E 02 00 00 22 00 00 00 00 00 01 00 0D 00 00 00 00 00 00 00 03 01 DE D8 D6 06 B1 A9 A0 00 00 01 90 00 00 20 03 09 18 42 11 01 04 00 00 11 F8 5C 7E
2020-03-09 18:42:11,383 - DEBUG - RECV DATA:   lens: 20      data: || 7E 80 01 00 05 00 02 18 51 06 24 00 0D 00 0D 02 00 00 EF 7E
2020-03-09 18:42:11,388 - DEBUG - SEND DATA:   lens: 15      data: || 7E 00 02 00 00 00 00 00 00 00 01 00 0E 0D 7E
2020-03-09 18:42:11,495 - DEBUG - RECV DATA:   lens: 20      data: || 7E 80 01 00 05 00 02 18 51 06 24 00 0E 00 0E 00 02 00 EF 7E
