2020-03-09 18:42:45,810 - DEBUG - Read excel Thread start ... 
2020-03-09 18:42:45,811 - DEBUG - ====================================================================================================
2020-03-09 18:42:45,811 - DEBUG - 【 Data Server 】 ('172.16.100.164', 8888) ('172.16.100.164', 64575) Connected ...
2020-03-09 18:42:45,817 - DEBUG - 【 Data Server 】 Recv Thread start...
2020-03-09 18:42:45,823 - DEBUG - 【 Data Server 】 Parse Thread start...
2020-03-09 18:42:45,834 - DEBUG - 【 Data Server 】 Send Thread start...
2020-03-09 18:42:45,862 - DEBUG - 【 Data Server 】 Upload Location Thread start ... 
2020-03-09 18:42:45,945 - DEBUG - SEND DATA:   lens: 49      data: || 7E 02 00 00 22 00 00 00 00 00 01 00 01 00 00 00 00 00 00 00 03 01 DE DC 4C 06 B1 AB D8 00 00 01 72 00 00 20 03 09 18 42 45 01 04 00 00 11 F9 03 7E
2020-03-09 18:42:46,050 - DEBUG - SEND DATA:   lens: 15      data: || 7E 00 02 00 00 00 00 00 00 00 01 00 02 01 7E
2020-03-09 18:42:46,369 - DEBUG - RECV DATA:   lens: 20      data: || 7E 80 01 00 05 00 02 18 51 06 24 00 01 00 01 02 00 00 EF 7E
2020-03-09 18:42:46,487 - DEBUG - RECV DATA:   lens: 20      data: || 7E 80 01 00 05 00 02 18 51 06 24 00 02 00 02 00 02 00 EF 7E
2020-03-09 18:42:49,997 - DEBUG - SEND DATA:   lens: 92      data: || 7E 02 00 00 4D 00 00 00 00 00 01 00 03 00 00 00 00 00 00 00 03 01 57 CB 96 06 CA 96 28 00 50 02 26 00 00 20 03 09 18 42 49 64 2F 00 00 00 01 00 01 02 32 03 00 00 00 37 00 50 01 57 CB 96 06 CA 96 28 20 03 09 18 42 49 00 01 00 00 00 00 00 00 01 20 03 09 18 42 49 01 04 00 19 7E
2020-03-09 18:42:50,015 - DEBUG - RECV DATA:   lens: 98      data: || 7E 92 08 00 53 00 02 18 51 06 24 00 03 0E 31 37 32 2E 31 36 2E 31 30 30 2E 31 36 34 1F 40 00 00 00 00 00 00 00 00 01 20 03 09 18 42 49 01 04 00 31 35 38 33 37 35 30 35 37 30 30 30 31 31 31 35 31 35 38 33 37 35 30 35 37 30 30 30 31 31 31 35 00 00 00 00 00 00 00 00 00 00 00 00 00 00 00 00 D0 7E
2020-03-09 18:42:50,021 - DEBUG - ―――――― 收到服务器地址 ――――――
2020-03-09 18:42:50,021 - DEBUG - 服务器IP： 172.16.100.164
2020-03-09 18:42:50,026 - DEBUG - TCP端口： 8000
2020-03-09 18:42:50,066 - DEBUG - UDP端口： 0
2020-03-09 18:42:50,078 - DEBUG - 报警标识： 00000000000001200309184249010400
2020-03-09 18:42:50,096 - DEBUG - 报警编号： 3135383337353035373030303131313531353833373530353730303031313135
2020-03-09 18:42:50,102 - DEBUG - ―――――― END ――――――
2020-03-09 18:42:50,108 - DEBUG - SEND DATA:   lens: 20      data: || 7E 00 01 00 05 00 02 18 51 06 24 00 04 00 03 92 08 00 F0 7E
2020-03-09 18:42:50,137 - DEBUG - ====================================================================================================
2020-03-09 18:42:50,236 - DEBUG - RECV DATA:   lens: 20      data: || 7E 80 01 00 05 00 02 18 51 06 24 00 04 00 03 02 00 00 E8 7E
2020-03-09 18:42:55,985 - DEBUG - SEND DATA:   lens: 49      data: || 7E 02 00 00 22 00 00 00 00 00 01 00 06 00 00 00 00 00 00 00 03 01 DE DF 86 06 B1 AD 30 00 00 01 2C 00 00 20 03 09 18 42 55 01 04 00 00 11 FA 6E 7E
2020-03-09 18:42:56,026 - DEBUG - RECV DATA:   lens: 20      data: || 7E 80 01 00 05 00 02 18 51 06 24 00 06 00 06 02 00 00 EF 7E
2020-03-09 18:42:56,090 - DEBUG - SEND DATA:   lens: 15      data: || 7E 00 02 00 00 00 00 00 00 00 01 00 07 04 7E
2020-03-09 18:42:56,138 - DEBUG - RECV DATA:   lens: 20      data: || 7E 80 01 00 05 00 02 18 51 06 24 00 07 00 07 00 02 00 EF 7E
2020-03-09 18:43:05,975 - DEBUG - SEND DATA:   lens: 49      data: || 7E 02 00 00 22 00 00 00 00 00 01 00 08 00 00 00 00 00 00 00 03 01 DE E1 FE 06 B1 AD F8 00 00 01 04 00 00 20 03 09 18 43 05 01 04 00 00 11 FB 96 7E
2020-03-09 18:43:06,013 - DEBUG - RECV DATA:   lens: 20      data: || 7E 80 01 00 05 00 02 18 51 06 24 00 08 00 08 02 00 00 EF 7E
2020-03-09 18:43:06,083 - DEBUG - SEND DATA:   lens: 15      data: || 7E 00 02 00 00 00 00 00 00 00 01 00 09 0A 7E
2020-03-09 18:43:06,120 - DEBUG - RECV DATA:   lens: 20      data: || 7E 80 01 00 05 00 02 18 51 06 24 00 09 00 09 00 02 00 EF 7E
2020-03-09 18:43:16,006 - DEBUG - SEND DATA:   lens: 49      data: || 7E 02 00 00 22 00 00 00 00 00 01 00 0A 00 00 00 00 00 00 00 03 01 DE E4 C6 06 B1 AE 88 00 00 01 36 00 00 20 03 09 18 43 15 01 04 00 00 11 FC FF 7E
2020-03-09 18:43:16,048 - DEBUG - RECV DATA:   lens: 20      data: || 7E 80 01 00 05 00 02 18 51 06 24 00 0A 00 0A 02 00 00 EF 7E
2020-03-09 18:43:16,113 - DEBUG - SEND DATA:   lens: 15      data: || 7E 00 02 00 00 00 00 00 00 00 01 00 0B 08 7E
2020-03-09 18:43:16,160 - DEBUG - RECV DATA:   lens: 20      data: || 7E 80 01 00 05 00 02 18 51 06 24 00 0B 00 0B 00 02 00 EF 7E
2020-03-09 18:43:20,267 - DEBUG - 【 Data Server 】 [Recv Thread] OSError，connection is interrupted.
