2020-03-09 18:48:41,712 - DEBUG - Read excel Thread start ... 
2020-03-09 18:48:41,714 - DEBUG - ====================================================================================================
2020-03-09 18:48:41,714 - DEBUG - ¡¾ Data Server ¡¿ ('172.16.100.164', 8888) ('172.16.100.164', 64637) Connected ...
2020-03-09 18:48:41,715 - DEBUG - ¡¾ Data Server ¡¿ Recv Thread start...
2020-03-09 18:48:41,715 - DEBUG - ¡¾ Data Server ¡¿ Parse Thread start...
2020-03-09 18:48:41,715 - DEBUG - ¡¾ Data Server ¡¿ Send Thread start...
2020-03-09 18:48:41,751 - DEBUG - ¡¾ Data Server ¡¿ Upload Location Thread start ... 
2020-03-09 18:48:41,945 - DEBUG - SEND DATA:   lens: 49      data: || 7E 02 00 00 22 00 00 00 00 00 01 00 01 00 00 00 00 00 00 00 03 01 DE EE C4 06 B1 B0 A8 00 00 01 C2 00 00 20 03 09 18 48 41 01 04 00 00 11 FF 6A 7E
2020-03-09 18:48:42,064 - DEBUG - SEND DATA:   lens: 15      data: || 7E 00 02 00 00 00 00 00 00 00 01 00 02 01 7E
2020-03-09 18:48:42,237 - DEBUG - RECV DATA:   lens: 20      data: || 7E 80 01 00 05 00 02 18 51 06 24 00 01 00 01 02 00 00 EF 7E
2020-03-09 18:48:42,356 - DEBUG - RECV DATA:   lens: 20      data: || 7E 80 01 00 05 00 02 18 51 06 24 00 02 00 02 00 02 00 EF 7E
2020-03-09 18:48:51,891 - DEBUG - SEND DATA:   lens: 49      data: || 7E 02 00 00 22 00 00 00 00 00 01 00 03 00 00 00 00 00 00 00 03 01 DE F3 54 06 B1 B1 A0 00 00 01 C2 00 00 20 03 09 18 48 51 01 04 00 00 12 00 00 7E
2020-03-09 18:48:51,973 - DEBUG - RECV DATA:   lens: 20      data: || 7E 80 01 00 05 00 02 18 51 06 24 00 03 00 03 02 00 00 EF 7E
2020-03-09 18:48:51,998 - DEBUG - SEND DATA:   lens: 15      data: || 7E 00 02 00 00 00 00 00 00 00 01 00 04 07 7E
2020-03-09 18:48:52,080 - DEBUG - RECV DATA:   lens: 20      data: || 7E 80 01 00 05 00 02 18 51 06 24 00 04 00 04 00 02 00 EF 7E
2020-03-09 18:49:01,925 - DEBUG - SEND DATA:   lens: 49      data: || 7E 02 00 00 22 00 00 00 00 00 01 00 05 00 00 00 00 00 00 00 03 01 DE F7 98 06 B1 B2 78 00 00 01 B8 00 00 20 03 09 18 49 01 01 04 00 00 12 01 3F 7E
2020-03-09 18:49:02,007 - DEBUG - RECV DATA:   lens: 20      data: || 7E 80 01 00 05 00 02 18 51 06 24 00 05 00 05 02 00 00 EF 7E
2020-03-09 18:49:02,032 - DEBUG - SEND DATA:   lens: 15      data: || 7E 00 02 00 00 00 00 00 00 00 01 00 06 05 7E
2020-03-09 18:49:02,119 - DEBUG - RECV DATA:   lens: 20      data: || 7E 80 01 00 05 00 02 18 51 06 24 00 06 00 06 00 02 00 EF 7E
2020-03-09 18:49:11,973 - DEBUG - SEND DATA:   lens: 49      data: || 7E 02 00 00 22 00 00 00 00 00 01 00 07 00 00 00 00 00 00 00 03 01 DE FB E6 06 B1 B3 68 00 00 01 CC 00 00 20 03 09 18 49 11 01 04 00 00 12 02 39 7E
2020-03-09 18:49:12,043 - DEBUG - RECV DATA:   lens: 20      data: || 7E 80 01 00 05 00 02 18 51 06 24 00 07 00 07 02 00 00 EF 7E
2020-03-09 18:49:12,097 - DEBUG - SEND DATA:   lens: 15      data: || 7E 00 02 00 00 00 00 00 00 00 01 00 08 0B 7E
2020-03-09 18:49:12,155 - DEBUG - RECV DATA:   lens: 20      data: || 7E 80 01 00 05 00 02 18 51 06 24 00 08 00 08 00 02 00 EF 7E
2020-03-09 18:49:21,935 - DEBUG - SEND DATA:   lens: 49      data: || 7E 02 00 00 22 00 00 00 00 00 01 00 09 00 00 00 00 00 00 00 03 01 DF 00 4A 06 B1 B4 50 00 00 01 C2 00 00 20 03 09 18 49 21 01 04 00 00 12 03 61 7E
2020-03-09 18:49:21,985 - DEBUG - RECV DATA:   lens: 20      data: || 7E 80 01 00 05 00 02 18 51 06 24 00 09 00 09 02 00 00 EF 7E
2020-03-09 18:49:22,042 - DEBUG - SEND DATA:   lens: 15      data: || 7E 00 02 00 00 00 00 00 00 00 01 00 0A 09 7E
2020-03-09 18:49:22,098 - DEBUG - RECV DATA:   lens: 20      data: || 7E 80 01 00 05 00 02 18 51 06 24 00 0A 00 0A 00 02 00 EF 7E
2020-03-09 18:49:31,980 - DEBUG - SEND DATA:   lens: 49      data: || 7E 02 00 00 22 00 00 00 00 00 01 00 0B 00 00 00 00 00 00 00 03 01 DF 04 B0 06 B1 B5 40 00 00 01 C2 00 00 20 03 09 18 49 31 01 04 00 00 12 04 9B 7E
2020-03-09 18:49:32,028 - DEBUG - RECV DATA:   lens: 20      data: || 7E 80 01 00 05 00 02 18 51 06 24 00 0B 00 0B 02 00 00 EF 7E
2020-03-09 18:49:32,104 - DEBUG - SEND DATA:   lens: 15      data: || 7E 00 02 00 00 00 00 00 00 00 01 00 0C 0F 7E
2020-03-09 18:49:32,140 - DEBUG - RECV DATA:   lens: 20      data: || 7E 80 01 00 05 00 02 18 51 06 24 00 0C 00 0C 00 02 00 EF 7E
2020-03-09 18:49:35,397 - DEBUG - ¡¾ Data Server ¡¿ [Recv Thread] OSError£¬connection is interrupted.
