2020-03-09 18:49:39,197 - DEBUG - Read excel Thread start ... 
2020-03-09 18:49:39,198 - DEBUG - ====================================================================================================
2020-03-09 18:49:39,198 - DEBUG - ¡¾ Data Server ¡¿ ('172.16.100.164', 8888) ('172.16.100.164', 64640) Connected ...
2020-03-09 18:49:39,205 - DEBUG - ¡¾ Data Server ¡¿ Recv Thread start...
2020-03-09 18:49:39,205 - DEBUG - ¡¾ Data Server ¡¿ Parse Thread start...
2020-03-09 18:49:39,235 - DEBUG - ¡¾ Data Server ¡¿ Send Thread start...
2020-03-09 18:49:39,247 - DEBUG - ¡¾ Data Server ¡¿ Upload Location Thread start ... 
2020-03-09 18:49:39,348 - DEBUG - SEND DATA:   lens: 49      data: || 7E 02 00 00 22 00 00 00 00 00 01 00 01 00 00 00 00 00 00 00 03 01 DF 09 30 06 B1 B6 28 00 00 01 E0 00 00 20 03 09 18 49 39 01 04 00 00 12 05 5C 7E
2020-03-09 18:49:39,454 - DEBUG - SEND DATA:   lens: 15      data: || 7E 00 02 00 00 00 00 00 00 00 01 00 02 01 7E
2020-03-09 18:49:49,422 - DEBUG - SEND DATA:   lens: 49      data: || 7E 02 00 00 22 00 00 00 00 00 01 00 03 00 00 00 00 00 00 00 03 01 DF 0D 9C 06 B1 B7 10 00 00 01 AE 00 00 20 03 09 18 49 49 01 04 00 00 12 06 F2 7E
2020-03-09 18:49:49,528 - DEBUG - SEND DATA:   lens: 15      data: || 7E 00 02 00 00 00 00 00 00 00 01 00 04 07 7E
2020-03-09 18:49:59,346 - DEBUG - SEND DATA:   lens: 49      data: || 7E 02 00 00 22 00 00 00 00 00 01 00 05 00 00 00 00 00 00 00 03 01 DF 11 FA 06 B1 B8 10 00 00 01 CC 00 00 20 03 09 18 49 59 01 04 00 00 12 07 F2 7E
2020-03-09 18:49:59,453 - DEBUG - SEND DATA:   lens: 15      data: || 7E 00 02 00 00 00 00 00 00 00 01 00 06 05 7E
2020-03-09 18:50:09,382 - DEBUG - SEND DATA:   lens: 49      data: || 7E 02 00 00 22 00 00 00 00 00 01 00 07 00 00 00 00 00 00 00 03 01 DF 16 34 06 B1 B9 20 00 00 01 B8 00 00 20 03 09 18 50 09 01 04 00 00 12 08 3A 7E
2020-03-09 18:50:09,489 - DEBUG - SEND DATA:   lens: 15      data: || 7E 00 02 00 00 00 00 00 00 00 01 00 08 0B 7E
2020-03-09 18:50:19,429 - DEBUG - SEND DATA:   lens: 49      data: || 7E 02 00 00 22 00 00 00 00 00 01 00 09 00 00 00 00 00 00 00 03 01 DF 1A 62 06 B1 BA 58 00 00 01 C2 00 00 20 03 09 18 50 19 01 04 00 00 12 09 7E 7E
2020-03-09 18:50:19,535 - DEBUG - SEND DATA:   lens: 15      data: || 7E 00 02 00 00 00 00 00 00 00 01 00 0A 09 7E
2020-03-09 18:50:29,471 - DEBUG - SEND DATA:   lens: 49      data: || 7E 02 00 00 22 00 00 00 00 00 01 00 0B 00 00 00 00 00 00 00 03 01 DF 1E 64 06 B1 BB 80 00 00 01 54 00 00 20 03 09 18 50 29 01 04 00 00 12 0A 02 7E
2020-03-09 18:50:29,583 - DEBUG - SEND DATA:   lens: 15      data: || 7E 00 02 00 00 00 00 00 00 00 01 00 0C 0F 7E
2020-03-09 18:50:39,413 - DEBUG - SEND DATA:   lens: 49      data: || 7E 02 00 00 22 00 00 00 00 00 01 00 0D 00 00 00 00 00 00 00 03 01 DF 21 CA 06 B1 BC 80 00 00 01 54 00 00 20 03 09 18 50 39 01 04 00 00 12 0B 83 7E
2020-03-09 18:50:39,520 - DEBUG - SEND DATA:   lens: 15      data: || 7E 00 02 00 00 00 00 00 00 00 01 00 0E 0D 7E
2020-03-09 18:50:49,450 - DEBUG - SEND DATA:   lens: 49      data: || 7E 02 00 00 22 00 00 00 00 00 01 00 0F 00 00 00 00 00 00 00 03 01 DF 25 52 06 B1 BD 90 00 00 01 86 00 00 20 03 09 18 50 49 01 04 00 00 12 0C A9 7E
2020-03-09 18:50:49,557 - DEBUG - SEND DATA:   lens: 15      data: || 7E 00 02 00 00 00 00 00 00 00 01 00 10 13 7E
2020-03-09 18:50:59,486 - DEBUG - SEND DATA:   lens: 49      data: || 7E 02 00 00 22 00 00 00 00 00 01 00 11 00 00 00 00 00 00 00 03 01 DF 29 2E 06 B1 BE C8 00 00 01 A4 00 00 20 03 09 18 50 59 01 04 00 00 12 0D AF 7E
2020-03-09 18:50:59,610 - DEBUG - SEND DATA:   lens: 15      data: || 7E 00 02 00 00 00 00 00 00 00 01 00 12 11 7E
2020-03-09 18:51:09,432 - DEBUG - SEND DATA:   lens: 49      data: || 7E 02 00 00 22 00 00 00 00 00 01 00 13 00 00 00 00 00 00 00 03 01 DF 2C BA 06 B1 BF F0 00 00 01 5E 00 00 20 03 09 18 51 09 01 04 00 00 12 0E AD 7E
2020-03-09 18:51:09,538 - DEBUG - SEND DATA:   lens: 15      data: || 7E 00 02 00 00 00 00 00 00 00 01 00 14 17 7E
2020-03-09 18:51:19,465 - DEBUG - SEND DATA:   lens: 49      data: || 7E 02 00 00 22 00 00 00 00 00 01 00 15 00 00 00 00 00 00 00 03 01 DF 30 20 06 B1 C0 E0 00 00 01 68 00 00 20 03 09 18 51 19 01 04 00 00 12 0F 65 7E
2020-03-09 18:51:19,572 - DEBUG - SEND DATA:   lens: 15      data: || 7E 00 02 00 00 00 00 00 00 00 01 00 16 15 7E
2020-03-09 18:51:29,497 - DEBUG - SEND DATA:   lens: 49      data: || 7E 02 00 00 22 00 00 00 00 00 01 00 17 00 00 00 00 00 00 00 03 01 DF 32 F2 06 B1 C1 A8 00 00 01 04 00 00 20 03 09 18 51 29 01 04 00 00 12 10 BD 7E
2020-03-09 18:51:29,604 - DEBUG - SEND DATA:   lens: 15      data: || 7E 00 02 00 00 00 00 00 00 00 01 00 18 1B 7E
2020-03-09 18:51:39,440 - DEBUG - SEND DATA:   lens: 49      data: || 7E 02 00 00 22 00 00 00 00 00 01 00 19 00 00 00 00 00 00 00 03 01 DF 35 D2 06 B1 C2 B8 00 00 01 5E 00 00 20 03 09 18 51 39 01 04 00 00 12 11 CC 7E
2020-03-09 18:51:39,546 - DEBUG - SEND DATA:   lens: 15      data: || 7E 00 02 00 00 00 00 00 00 00 01 00 1A 19 7E
2020-03-09 18:51:49,470 - DEBUG - SEND DATA:   lens: 49      data: || 7E 02 00 00 22 00 00 00 00 00 01 00 1B 00 00 00 00 00 00 00 03 01 DF 39 72 06 B1 C3 D8 00 00 01 A4 00 00 20 03 09 18 51 49 01 04 00 00 12 12 8A 7E
2020-03-09 18:51:49,576 - DEBUG - SEND DATA:   lens: 15      data: || 7E 00 02 00 00 00 00 00 00 00 01 00 1C 1F 7E
2020-03-09 18:51:59,505 - DEBUG - SEND DATA:   lens: 49      data: || 7E 02 00 00 22 00 00 00 00 00 01 00 1D 00 00 00 00 00 00 00 03 01 DF 3D 80 06 B1 C5 08 00 00 01 9A 00 00 20 03 09 18 51 59 01 04 00 00 12 13 83 7E
2020-03-09 18:51:59,612 - DEBUG - SEND DATA:   lens: 15      data: || 7E 00 02 00 00 00 00 00 00 00 01 00 1E 1D 7E
2020-03-09 18:52:09,543 - DEBUG - SEND DATA:   lens: 49      data: || 7E 02 00 00 22 00 00 00 00 00 01 00 1F 00 00 00 00 00 00 00 03 01 DF 41 68 06 B1 C5 A8 00 00 01 9A 00 00 20 03 09 18 52 09 01 04 00 00 12 14 E1 7E
2020-03-09 18:52:09,662 - DEBUG - SEND DATA:   lens: 15      data: || 7E 00 02 00 00 00 00 00 00 00 01 00 20 23 7E
2020-03-09 18:52:19,478 - DEBUG - SEND DATA:   lens: 49      data: || 7E 02 00 00 22 00 00 00 00 00 01 00 21 00 00 00 00 00 00 00 03 01 DF 45 72 06 B1 C5 98 00 00 01 86 00 00 20 03 09 18 52 19 01 04 00 00 12 15 FC 7E
2020-03-09 18:52:19,585 - DEBUG - SEND DATA:   lens: 15      data: || 7E 00 02 00 00 00 00 00 00 00 01 00 22 21 7E
2020-03-09 18:52:29,505 - DEBUG - SEND DATA:   lens: 49      data: || 7E 02 00 00 22 00 00 00 00 00 01 00 23 00 00 00 00 00 00 00 03 01 DF 48 B4 06 B1 C5 58 00 00 01 2C 00 00 20 03 09 18 52 29 01 04 00 00 12 16 6C 7E
2020-03-09 18:52:29,611 - DEBUG - SEND DATA:   lens: 15      data: || 7E 00 02 00 00 00 00 00 00 00 01 00 24 27 7E
2020-03-09 18:52:39,549 - DEBUG - SEND DATA:   lens: 49      data: || 7E 02 00 00 22 00 00 00 00 00 01 00 25 00 00 00 00 00 00 00 03 01 DF 4C 22 06 B1 C5 28 00 00 01 90 00 00 20 03 09 18 52 39 01 04 00 00 12 17 25 7E
2020-03-09 18:52:39,657 - DEBUG - SEND DATA:   lens: 15      data: || 7E 00 02 00 00 00 00 00 00 00 01 00 26 25 7E
2020-03-09 18:52:49,473 - DEBUG - SEND DATA:   lens: 49      data: || 7E 02 00 00 22 00 00 00 00 00 01 00 27 00 00 00 00 00 00 00 03 01 DF 4F C6 06 B1 C4 E8 00 00 01 9A 00 00 20 03 09 18 52 49 01 04 00 00 12 18 74 7E
2020-03-09 18:52:49,579 - DEBUG - SEND DATA:   lens: 15      data: || 7E 00 02 00 00 00 00 00 00 00 01 00 28 2B 7E
2020-03-09 18:52:59,513 - DEBUG - SEND DATA:   lens: 49      data: || 7E 02 00 00 22 00 00 00 00 00 01 00 29 00 00 00 00 00 00 00 03 01 DF 54 7E 06 B1 C4 A0 00 00 01 86 00 00 20 03 09 18 52 59 01 04 00 00 12 19 9C 7E
2020-03-09 18:52:59,620 - DEBUG - SEND DATA:   lens: 15      data: || 7E 00 02 00 00 00 00 00 00 00 01 00 2A 29 7E
2020-03-09 18:53:09,522 - DEBUG - SEND DATA:   lens: 49      data: || 7E 02 00 00 22 00 00 00 00 00 01 00 2B 00 00 00 00 00 00 00 03 01 DF 57 FE 06 B1 C4 58 00 00 01 9A 00 00 20 03 09 18 53 09 01 04 00 00 12 1A AB 7E
2020-03-09 18:53:09,628 - DEBUG - SEND DATA:   lens: 15      data: || 7E 00 02 00 00 00 00 00 00 00 01 00 2C 2F 7E
2020-03-09 18:53:19,529 - DEBUG - SEND DATA:   lens: 49      data: || 7E 02 00 00 22 00 00 00 00 00 01 00 2D 00 00 00 00 00 00 00 03 01 DF 5C 18 06 B1 C4 30 00 00 01 72 00 00 20 03 09 18 53 19 01 04 00 00 12 1B D1 7E
2020-03-09 18:53:19,636 - DEBUG - SEND DATA:   lens: 15      data: || 7E 00 02 00 00 00 00 00 00 00 01 00 2E 2D 7E
2020-03-09 18:53:24,385 - DEBUG - ¡¾ Data Server ¡¿ [Recv Thread] OSError£¬connection is interrupted.
