2020-03-09 18:54:04,498 - DEBUG - Read excel Thread start ... 
2020-03-09 18:54:04,499 - DEBUG - ====================================================================================================
2020-03-09 18:54:04,500 - DEBUG - 【 Data Server 】 ('172.16.100.164', 8888) ('172.16.100.164', 64674) Connected ...
2020-03-09 18:54:04,506 - DEBUG - 【 Data Server 】 Recv Thread start...
2020-03-09 18:54:04,518 - DEBUG - 【 Data Server 】 Parse Thread start...
2020-03-09 18:54:04,530 - DEBUG - 【 Data Server 】 Send Thread start...
2020-03-09 18:54:04,542 - DEBUG - 【 Data Server 】 Upload Location Thread start ... 
2020-03-09 18:54:04,642 - DEBUG - SEND DATA:   lens: 49      data: || 7E 02 00 00 22 00 00 00 00 00 01 00 01 00 00 00 00 00 00 00 03 01 DF 6E 4C 06 B1 C4 78 00 00 01 7C 00 00 20 03 09 18 54 04 01 04 00 00 12 20 FC 7E
2020-03-09 18:54:04,750 - DEBUG - SEND DATA:   lens: 15      data: || 7E 00 02 00 00 00 00 00 00 00 01 00 02 01 7E
2020-03-09 18:54:05,063 - DEBUG - RECV DATA:   lens: 20      data: || 7E 80 01 00 05 00 02 18 51 06 24 00 01 00 01 02 00 00 EF 7E
2020-03-09 18:54:05,194 - DEBUG - RECV DATA:   lens: 20      data: || 7E 80 01 00 05 00 02 18 51 06 24 00 02 00 02 00 02 00 EF 7E
2020-03-09 18:54:11,825 - DEBUG - SEND DATA:   lens: 92      data: || 7E 02 00 00 4D 00 00 00 00 00 01 00 03 00 00 00 00 00 00 00 03 01 57 CB 96 06 CA 96 28 00 50 02 26 00 00 20 03 09 18 54 11 64 2F 00 00 00 01 00 01 02 32 03 00 00 00 37 00 50 01 57 CB 96 06 CA 96 28 20 03 09 18 54 11 00 01 00 00 00 00 00 00 01 20 03 09 18 54 11 01 04 00 57 7E
2020-03-09 18:54:11,914 - DEBUG - RECV DATA:   lens: 98      data: || 7E 92 08 00 53 00 02 18 51 06 24 00 03 0E 31 37 32 2E 31 36 2E 31 30 30 2E 31 36 34 1F 40 00 00 00 00 00 00 00 00 01 20 03 09 18 54 11 01 04 00 31 35 38 33 37 35 31 32 35 31 38 35 32 35 36 38 31 35 38 33 37 35 31 32 35 31 38 35 32 35 36 38 00 00 00 00 00 00 00 00 00 00 00 00 00 00 00 00 9E 7E
2020-03-09 18:54:11,914 - DEBUG - ―――――― 收到服务器地址 ――――――
2020-03-09 18:54:11,914 - DEBUG - 服务器IP： 172.16.100.164
2020-03-09 18:54:11,926 - DEBUG - TCP端口： 8000
2020-03-09 18:54:11,926 - DEBUG - UDP端口： 0
2020-03-09 18:54:11,932 - DEBUG - 报警标识： 00000000000001200309185411010400
2020-03-09 18:54:11,932 - DEBUG - 报警编号： 3135383337353132353138353235363831353833373531323531383532353638
2020-03-09 18:54:11,932 - DEBUG - ―――――― END ――――――
2020-03-09 18:54:11,949 - DEBUG - ====================================================================================================
2020-03-09 18:54:11,949 - DEBUG - SEND DATA:   lens: 20      data: || 7E 00 01 00 05 00 02 18 51 06 24 00 04 00 03 92 08 00 F0 7E
2020-03-09 18:54:12,059 - DEBUG - RECV DATA:   lens: 20      data: || 7E 80 01 00 05 00 02 18 51 06 24 00 04 00 03 02 00 00 E8 7E
2020-03-09 18:54:14,644 - DEBUG - SEND DATA:   lens: 49      data: || 7E 02 00 00 22 00 00 00 00 00 01 00 06 00 00 00 00 00 00 00 03 01 DF 72 30 06 B1 C4 C8 00 00 01 7C 00 00 20 03 09 18 54 14 01 04 00 00 12 21 3A 7E
2020-03-09 18:54:14,730 - DEBUG - RECV DATA:   lens: 20      data: || 7E 80 01 00 05 00 02 18 51 06 24 00 06 00 06 02 00 00 EF 7E
2020-03-09 18:54:14,750 - DEBUG - SEND DATA:   lens: 15      data: || 7E 00 02 00 00 00 00 00 00 00 01 00 07 04 7E
2020-03-09 18:54:14,837 - DEBUG - RECV DATA:   lens: 20      data: || 7E 80 01 00 05 00 02 18 51 06 24 00 07 00 07 00 02 00 EF 7E
2020-03-09 18:54:24,675 - DEBUG - SEND DATA:   lens: 49      data: || 7E 02 00 00 22 00 00 00 00 00 01 00 08 00 00 00 00 00 00 00 03 01 DF 75 D4 06 B1 C5 18 00 00 01 72 00 00 20 03 09 18 54 24 01 04 00 00 12 22 3B 7E
2020-03-09 18:54:24,755 - DEBUG - RECV DATA:   lens: 20      data: || 7E 80 01 00 05 00 02 18 51 06 24 00 08 00 08 02 00 00 EF 7E
2020-03-09 18:54:24,782 - DEBUG - SEND DATA:   lens: 15      data: || 7E 00 02 00 00 00 00 00 00 00 01 00 09 0A 7E
2020-03-09 18:54:24,861 - DEBUG - RECV DATA:   lens: 20      data: || 7E 80 01 00 05 00 02 18 51 06 24 00 09 00 09 00 02 00 EF 7E
2020-03-09 18:54:34,700 - DEBUG - SEND DATA:   lens: 49      data: || 7E 02 00 00 22 00 00 00 00 00 01 00 0A 00 00 00 00 00 00 00 03 01 DF 79 72 06 B1 C5 68 00 00 01 A4 00 00 20 03 09 18 54 34 01 04 00 00 12 23 24 7E
2020-03-09 18:54:34,789 - DEBUG - RECV DATA:   lens: 20      data: || 7E 80 01 00 05 00 02 18 51 06 24 00 0A 00 0A 02 00 00 EF 7E
2020-03-09 18:54:34,807 - DEBUG - SEND DATA:   lens: 15      data: || 7E 00 02 00 00 00 00 00 00 00 01 00 0B 08 7E
2020-03-09 18:54:34,895 - DEBUG - RECV DATA:   lens: 20      data: || 7E 80 01 00 05 00 02 18 51 06 24 00 0B 00 0B 00 02 00 EF 7E
2020-03-09 18:54:44,651 - DEBUG - SEND DATA:   lens: 49      data: || 7E 02 00 00 22 00 00 00 00 00 01 00 0C 00 00 00 00 00 00 00 03 01 DF 7A A0 06 B1 C5 98 00 00 01 72 00 00 20 03 09 18 54 44 01 04 00 00 12 24 A2 7E
2020-03-09 18:54:44,750 - DEBUG - RECV DATA:   lens: 20      data: || 7E 80 01 00 05 00 02 18 51 06 24 00 0C 00 0C 02 00 00 EF 7E
2020-03-09 18:54:44,756 - DEBUG - SEND DATA:   lens: 15      data: || 7E 00 02 00 00 00 00 00 00 00 01 00 0D 0E 7E
2020-03-09 18:54:44,874 - DEBUG - RECV DATA:   lens: 20      data: || 7E 80 01 00 05 00 02 18 51 06 24 00 0D 00 0D 00 02 00 EF 7E
2020-03-09 18:54:54,698 - DEBUG - SEND DATA:   lens: 49      data: || 7E 02 00 00 22 00 00 00 00 00 01 00 0E 00 00 00 00 00 00 00 03 01 DF 7D 60 06 B1 C5 D8 00 00 01 68 00 00 20 03 09 18 54 54 01 04 00 00 12 25 2C 7E
2020-03-09 18:54:54,788 - DEBUG - RECV DATA:   lens: 20      data: || 7E 80 01 00 05 00 02 18 51 06 24 00 0E 00 0E 02 00 00 EF 7E
2020-03-09 18:54:54,810 - DEBUG - SEND DATA:   lens: 15      data: || 7E 00 02 00 00 00 00 00 00 00 01 00 0F 0C 7E
2020-03-09 18:54:54,901 - DEBUG - RECV DATA:   lens: 20      data: || 7E 80 01 00 05 00 02 18 51 06 24 00 0F 00 0F 00 02 00 EF 7E
2020-03-09 18:55:04,728 - DEBUG - SEND DATA:   lens: 49      data: || 7E 02 00 00 22 00 00 00 00 00 01 00 10 00 00 00 00 00 00 00 03 01 DF 81 42 06 B1 C6 18 00 00 01 9A 00 00 20 03 09 18 55 04 01 04 00 00 12 26 8F 7E
2020-03-09 18:55:04,752 - DEBUG - RECV DATA:   lens: 20      data: || 7E 80 01 00 05 00 02 18 51 06 24 00 10 00 10 02 00 00 EF 7E
2020-03-09 18:55:04,835 - DEBUG - SEND DATA:   lens: 15      data: || 7E 00 02 00 00 00 00 00 00 00 01 00 11 12 7E
2020-03-09 18:55:04,859 - DEBUG - RECV DATA:   lens: 20      data: || 7E 80 01 00 05 00 02 18 51 06 24 00 11 00 11 00 02 00 EF 7E
2020-03-09 18:55:14,772 - DEBUG - SEND DATA:   lens: 49      data: || 7E 02 00 00 22 00 00 00 00 00 01 00 12 00 00 00 00 00 00 00 03 01 DF 85 00 06 B1 C6 88 00 00 01 86 00 00 20 03 09 18 55 14 01 04 00 00 12 27 56 7E
2020-03-09 18:55:14,796 - DEBUG - RECV DATA:   lens: 20      data: || 7E 80 01 00 05 00 02 18 51 06 24 00 12 00 12 02 00 00 EF 7E
2020-03-09 18:55:14,896 - DEBUG - SEND DATA:   lens: 15      data: || 7E 00 02 00 00 00 00 00 00 00 01 00 13 10 7E
2020-03-09 18:55:14,926 - DEBUG - RECV DATA:   lens: 20      data: || 7E 80 01 00 05 00 02 18 51 06 24 00 13 00 13 00 02 00 EF 7E
2020-03-09 18:55:24,722 - DEBUG - SEND DATA:   lens: 49      data: || 7E 02 00 00 22 00 00 00 00 00 01 00 14 00 00 00 00 00 00 00 03 01 DF 88 A6 06 B1 C6 E0 00 00 01 9A 00 00 20 03 09 18 55 24 01 04 00 00 12 28 B0 7E
2020-03-09 18:55:24,746 - DEBUG - RECV DATA:   lens: 20      data: || 7E 80 01 00 05 00 02 18 51 06 24 00 14 00 14 02 00 00 EF 7E
2020-03-09 18:55:24,829 - DEBUG - SEND DATA:   lens: 15      data: || 7E 00 02 00 00 00 00 00 00 00 01 00 15 16 7E
2020-03-09 18:55:24,853 - DEBUG - RECV DATA:   lens: 20      data: || 7E 80 01 00 05 00 02 18 51 06 24 00 15 00 15 00 02 00 EF 7E
2020-03-09 18:55:34,755 - DEBUG - SEND DATA:   lens: 49      data: || 7E 02 00 00 22 00 00 00 00 00 01 00 16 00 00 00 00 00 00 00 03 01 DF 8D 2A 06 B1 C7 50 00 00 01 90 00 00 20 03 09 18 55 34 01 04 00 00 12 29 91 7E
2020-03-09 18:55:34,786 - DEBUG - RECV DATA:   lens: 20      data: || 7E 80 01 00 05 00 02 18 51 06 24 00 16 00 16 02 00 00 EF 7E
2020-03-09 18:55:34,860 - DEBUG - SEND DATA:   lens: 15      data: || 7E 00 02 00 00 00 00 00 00 00 01 00 17 14 7E
2020-03-09 18:55:34,899 - DEBUG - RECV DATA:   lens: 20      data: || 7E 80 01 00 05 00 02 18 51 06 24 00 17 00 17 00 02 00 EF 7E
2020-03-09 18:55:44,713 - DEBUG - SEND DATA:   lens: 49      data: || 7E 02 00 00 22 00 00 00 00 00 01 00 18 00 00 00 00 00 00 00 03 01 DF 8F DC 06 B1 C7 80 00 00 01 0E 00 00 20 03 09 18 55 44 01 04 00 00 12 2A 56 7E
2020-03-09 18:55:44,813 - DEBUG - RECV DATA:   lens: 20      data: || 7E 80 01 00 05 00 02 18 51 06 24 00 18 00 18 02 00 00 EF 7E
2020-03-09 18:55:44,820 - DEBUG - SEND DATA:   lens: 15      data: || 7E 00 02 00 00 00 00 00 00 00 01 00 19 1A 7E
2020-03-09 18:55:44,919 - DEBUG - RECV DATA:   lens: 20      data: || 7E 80 01 00 05 00 02 18 51 06 24 00 19 00 19 00 02 00 EF 7E
2020-03-09 18:55:49,485 - DEBUG - SEND DATA:   lens: 92      data: || 7E 02 00 00 4D 00 00 00 00 00 01 00 1A 00 00 00 00 00 00 00 03 01 57 CB 96 06 CA 96 28 00 50 01 90 00 00 20 03 09 18 55 49 65 2F 00 00 00 01 00 01 01 00 00 00 00 00 28 00 50 01 57 CB 96 06 CA 96 28 20 03 09 18 55 49 00 01 00 00 00 00 00 00 01 20 03 09 18 55 49 01 04 00 8E 7E
2020-03-09 18:55:49,504 - DEBUG - RECV DATA:   lens: 98      data: || 7E 92 08 00 53 00 02 18 51 06 24 00 1A 0E 31 37 32 2E 31 36 2E 31 30 30 2E 31 36 34 1F 40 00 00 00 00 00 00 00 00 01 20 03 09 18 55 49 01 04 00 31 35 38 33 37 35 31 33 34 39 34 38 37 35 37 31 31 35 38 33 37 35 31 33 34 39 34 38 37 35 37 31 00 00 00 00 00 00 00 00 00 00 00 00 00 00 00 00 DE 7E
2020-03-09 18:55:49,510 - DEBUG - ―――――― 收到服务器地址 ――――――
2020-03-09 18:55:49,521 - DEBUG - 服务器IP： 172.16.100.164
2020-03-09 18:55:49,527 - DEBUG - TCP端口： 8000
2020-03-09 18:55:49,539 - DEBUG - UDP端口： 0
2020-03-09 18:55:49,557 - DEBUG - 报警标识： 00000000000001200309185549010400
2020-03-09 18:55:49,575 - DEBUG - 报警编号： 3135383337353133343934383735373131353833373531333439343837353731
2020-03-09 18:55:49,593 - DEBUG - SEND DATA:   lens: 20      data: || 7E 00 01 00 05 00 02 18 51 06 24 00 1B 00 1A 92 08 00 F6 7E
2020-03-09 18:55:49,605 - DEBUG - ―――――― END ――――――
2020-03-09 18:55:49,659 - DEBUG - ====================================================================================================
2020-03-09 18:55:49,759 - DEBUG - RECV DATA:   lens: 20      data: || 7E 80 01 00 05 00 02 18 51 06 24 00 1B 00 1A 02 00 00 EE 7E
2020-03-09 18:55:54,739 - DEBUG - SEND DATA:   lens: 49      data: || 7E 02 00 00 22 00 00 00 00 00 01 00 1D 00 00 00 00 00 00 00 03 01 DF 93 3C 06 B1 C7 D0 00 00 01 7C 00 00 20 03 09 18 55 54 01 04 00 00 12 2B 9C 7E
2020-03-09 18:55:54,752 - DEBUG - RECV DATA:   lens: 20      data: || 7E 80 01 00 05 00 02 18 51 06 24 00 1D 00 1D 02 00 00 EF 7E
2020-03-09 18:55:54,846 - DEBUG - SEND DATA:   lens: 15      data: || 7E 00 02 00 00 00 00 00 00 00 01 00 1E 1D 7E
2020-03-09 18:55:54,964 - DEBUG - RECV DATA:   lens: 20      data: || 7E 80 01 00 05 00 02 18 51 06 24 00 1E 00 1E 00 02 00 EF 7E
2020-03-09 18:56:04,784 - DEBUG - SEND DATA:   lens: 49      data: || 7E 02 00 00 22 00 00 00 00 00 01 00 1F 00 00 00 00 00 00 00 03 01 DF 97 10 06 B1 C8 48 00 00 01 90 00 00 20 03 09 18 56 04 01 04 00 00 12 2C 99 7E
2020-03-09 18:56:04,822 - DEBUG - RECV DATA:   lens: 20      data: || 7E 80 01 00 05 00 02 18 51 06 24 00 1F 00 1F 02 00 00 EF 7E
2020-03-09 18:56:04,891 - DEBUG - SEND DATA:   lens: 15      data: || 7E 00 02 00 00 00 00 00 00 00 01 00 20 23 7E
2020-03-09 18:56:04,934 - DEBUG - RECV DATA:   lens: 20      data: || 7E 80 01 00 05 00 02 18 51 06 24 00 20 00 20 00 02 00 EF 7E
2020-03-09 18:56:14,732 - DEBUG - SEND DATA:   lens: 49      data: || 7E 02 00 00 22 00 00 00 00 00 01 00 21 00 00 00 00 00 00 00 03 01 DF 9B 2C 06 B1 C8 A8 00 00 01 90 00 00 20 03 09 18 56 14 01 04 00 00 12 2D 66 7E
2020-03-09 18:56:14,748 - DEBUG - RECV DATA:   lens: 20      data: || 7E 80 01 00 05 00 02 18 51 06 24 00 21 00 21 02 00 00 EF 7E
2020-03-09 18:56:14,838 - DEBUG - SEND DATA:   lens: 15      data: || 7E 00 02 00 00 00 00 00 00 00 01 00 22 21 7E
2020-03-09 18:56:14,854 - DEBUG - RECV DATA:   lens: 20      data: || 7E 80 01 00 05 00 02 18 51 06 24 00 22 00 22 00 02 00 EF 7E
2020-03-09 18:56:24,769 - DEBUG - SEND DATA:   lens: 49      data: || 7E 02 00 00 22 00 00 00 00 00 01 00 23 00 00 00 00 00 00 00 03 01 DF 9E AE 06 B1 C9 08 00 00 01 4A 00 00 20 03 09 18 56 24 01 04 00 00 12 2E AB 7E
2020-03-09 18:56:24,778 - DEBUG - RECV DATA:   lens: 20      data: || 7E 80 01 00 05 00 02 18 51 06 24 00 23 00 23 02 00 00 EF 7E
2020-03-09 18:56:24,875 - DEBUG - SEND DATA:   lens: 15      data: || 7E 00 02 00 00 00 00 00 00 00 01 00 24 27 7E
2020-03-09 18:56:24,987 - DEBUG - RECV DATA:   lens: 20      data: || 7E 80 01 00 05 00 02 18 51 06 24 00 24 00 24 00 02 00 EF 7E
2020-03-09 18:56:28,488 - DEBUG - 【 Data Server 】 [Recv Thread] OSError，connection is interrupted.
2020-03-09 18:56:34,797 - DEBUG - SEND DATA:   lens: 49      data: || 7E 02 00 00 22 00 00 00 00 00 01 00 25 00 00 00 00 00 00 00 03 01 DF A1 A6 06 B1 C9 48 00 00 00 BE 00 00 20 03 09 18 56 34 01 04 00 00 12 2F 3E 7E
